INFO : Large data should be stored in your work/ folder. 
 


processing file: JLS.Rmd
--- SAEM started ! ---
step = 1, remaining = 299, times elasped = 0s, estimated time : for one step = NaNs, remaining = NaNs
step = 2, remaining = 298, times elasped = 17.8s, estimated time : for one step = 17.8s, remaining = 5319.2s
step = 3, remaining = 297, times elasped = 35s, estimated time : for one step = 17.5s, remaining = 5219.5s
step = 4, remaining = 296, times elasped = 51.9s, estimated time : for one step = 17.3s, remaining = 5135.1s
step = 5, remaining = 295, times elasped = 67.8s, estimated time : for one step = 16.9s, remaining = 5016.5s
step = 6, remaining = 294, times elasped = 82.2s, estimated time : for one step = 16.4s, remaining = 4851.6s
step = 7, remaining = 293, times elasped = 95.8s, estimated time : for one step = 16s, remaining = 4692.2s
step = 8, remaining = 292, times elasped = 108.2s, estimated time : for one step = 15.5s, remaining = 4530.2s
step = 9, remaining = 291, times elasped = 119.7s, estimated time : for one step = 15s, remaining = 4370.5s
step = 10, remaining = 290, times elasped = 130.5s, estimated time : for one step = 14.5s, remaining = 4218.9s
step = 11, remaining = 289, times elasped = 141s, estimated time : for one step = 14.1s, remaining = 4089.6s
step = 12, remaining = 288, times elasped = 151.4s, estimated time : for one step = 13.8s, remaining = 3976.6s
step = 13, remaining = 287, times elasped = 161.8s, estimated time : for one step = 13.5s, remaining = 3882.7s
step = 14, remaining = 286, times elasped = 172.2s, estimated time : for one step = 13.2s, remaining = 3801.2s
step = 15, remaining = 285, times elasped = 182.4s, estimated time : for one step = 13s, remaining = 3725.4s
step = 16, remaining = 284, times elasped = 192.6s, estimated time : for one step = 12.8s, remaining = 3659s
step = 17, remaining = 283, times elasped = 203.1s, estimated time : for one step = 12.7s, remaining = 3605.2s
step = 18, remaining = 282, times elasped = 213.7s, estimated time : for one step = 12.6s, remaining = 3557.3s
step = 19, remaining = 281, times elasped = 224.8s, estimated time : for one step = 12.5s, remaining = 3521.9s
step = 20, remaining = 280, times elasped = 235.7s, estimated time : for one step = 12.4s, remaining = 3486.3s
step = 21, remaining = 279, times elasped = 246.7s, estimated time : for one step = 12.3s, remaining = 3453.4s
step = 22, remaining = 278, times elasped = 257.9s, estimated time : for one step = 12.3s, remaining = 3426.4s
step = 23, remaining = 277, times elasped = 269.2s, estimated time : for one step = 12.2s, remaining = 3401.6s
step = 24, remaining = 276, times elasped = 280.4s, estimated time : for one step = 12.2s, remaining = 3376.4s
step = 25, remaining = 275, times elasped = 291.8s, estimated time : for one step = 12.2s, remaining = 3355.2s
step = 26, remaining = 274, times elasped = 303.7s, estimated time : for one step = 12.1s, remaining = 3340.6s
step = 27, remaining = 273, times elasped = 315.6s, estimated time : for one step = 12.1s, remaining = 3326.1s
step = 28, remaining = 272, times elasped = 327.8s, estimated time : for one step = 12.1s, remaining = 3314.7s
step = 29, remaining = 271, times elasped = 340.2s, estimated time : for one step = 12.1s, remaining = 3304.6s
step = 30, remaining = 270, times elasped = 352.5s, estimated time : for one step = 12.2s, remaining = 3293.7s
step = 31, remaining = 269, times elasped = 364.8s, estimated time : for one step = 12.2s, remaining = 3283.1s
step = 32, remaining = 268, times elasped = 377.4s, estimated time : for one step = 12.2s, remaining = 3275.1s
step = 33, remaining = 267, times elasped = 390.1s, estimated time : for one step = 12.2s, remaining = 3266.9s
step = 34, remaining = 266, times elasped = 402.6s, estimated time : for one step = 12.2s, remaining = 3257.4s
step = 35, remaining = 265, times elasped = 415.4s, estimated time : for one step = 12.2s, remaining = 3249.7s
step = 36, remaining = 264, times elasped = 428.4s, estimated time : for one step = 12.2s, remaining = 3243.5s
step = 37, remaining = 263, times elasped = 441.7s, estimated time : for one step = 12.3s, remaining = 3238.9s
step = 38, remaining = 262, times elasped = 454.2s, estimated time : for one step = 12.3s, remaining = 3228.3s
step = 39, remaining = 261, times elasped = 466.9s, estimated time : for one step = 12.3s, remaining = 3219.2s
step = 40, remaining = 260, times elasped = 479.8s, estimated time : for one step = 12.3s, remaining = 3211s
step = 41, remaining = 259, times elasped = 493s, estimated time : for one step = 12.3s, remaining = 3204.8s
step = 42, remaining = 258, times elasped = 506.2s, estimated time : for one step = 12.3s, remaining = 3197.7s
step = 43, remaining = 257, times elasped = 519.5s, estimated time : for one step = 12.4s, remaining = 3191.5s
step = 44, remaining = 256, times elasped = 532.9s, estimated time : for one step = 12.4s, remaining = 3184.8s
step = 45, remaining = 255, times elasped = 546.2s, estimated time : for one step = 12.4s, remaining = 3177.8s
step = 46, remaining = 254, times elasped = 559.9s, estimated time : for one step = 12.4s, remaining = 3172.5s
step = 47, remaining = 253, times elasped = 573.3s, estimated time : for one step = 12.5s, remaining = 3165.6s
step = 48, remaining = 252, times elasped = 586.4s, estimated time : for one step = 12.5s, remaining = 3156.8s
step = 49, remaining = 251, times elasped = 599.7s, estimated time : for one step = 12.5s, remaining = 3148.6s
step = 50, remaining = 250, times elasped = 613.1s, estimated time : for one step = 12.5s, remaining = 3140.5s
step = 51, remaining = 249, times elasped = 626.7s, estimated time : for one step = 12.5s, remaining = 3133.5s
step = 52, remaining = 248, times elasped = 640.4s, estimated time : for one step = 12.6s, remaining = 3126.5s
step = 53, remaining = 247, times elasped = 653.9s, estimated time : for one step = 12.6s, remaining = 3118.8s
step = 54, remaining = 246, times elasped = 667.8s, estimated time : for one step = 12.6s, remaining = 3112.3s
step = 55, remaining = 245, times elasped = 681.7s, estimated time : for one step = 12.6s, remaining = 3105.6s
step = 56, remaining = 244, times elasped = 695.5s, estimated time : for one step = 12.6s, remaining = 3098.1s
step = 57, remaining = 243, times elasped = 709.1s, estimated time : for one step = 12.7s, remaining = 3089.5s
step = 58, remaining = 242, times elasped = 722.5s, estimated time : for one step = 12.7s, remaining = 3080s
step = 59, remaining = 241, times elasped = 736.1s, estimated time : for one step = 12.7s, remaining = 3071.1s
step = 60, remaining = 240, times elasped = 749.8s, estimated time : for one step = 12.7s, remaining = 3062.6s
step = 61, remaining = 239, times elasped = 763.4s, estimated time : for one step = 12.7s, remaining = 3053.4s
step = 62, remaining = 238, times elasped = 776.8s, estimated time : for one step = 12.7s, remaining = 3043.4s
step = 63, remaining = 237, times elasped = 790.1s, estimated time : for one step = 12.7s, remaining = 3033s
step = 64, remaining = 236, times elasped = 803.9s, estimated time : for one step = 12.8s, remaining = 3024.3s
step = 65, remaining = 235, times elasped = 817.9s, estimated time : for one step = 12.8s, remaining = 3015.9s
step = 66, remaining = 234, times elasped = 831.7s, estimated time : for one step = 12.8s, remaining = 3007s
step = 67, remaining = 233, times elasped = 845.6s, estimated time : for one step = 12.8s, remaining = 2998.1s
step = 68, remaining = 232, times elasped = 859.3s, estimated time : for one step = 12.8s, remaining = 2988.2s
step = 69, remaining = 231, times elasped = 872.8s, estimated time : for one step = 12.8s, remaining = 2977.9s
step = 70, remaining = 230, times elasped = 886.6s, estimated time : for one step = 12.8s, remaining = 2968.2s
step = 71, remaining = 229, times elasped = 900.4s, estimated time : for one step = 12.9s, remaining = 2958.4s
step = 72, remaining = 228, times elasped = 914.2s, estimated time : for one step = 12.9s, remaining = 2948.6s
step = 73, remaining = 227, times elasped = 927.7s, estimated time : for one step = 12.9s, remaining = 2937.7s
step = 74, remaining = 226, times elasped = 941.2s, estimated time : for one step = 12.9s, remaining = 2926.7s
step = 75, remaining = 225, times elasped = 954.8s, estimated time : for one step = 12.9s, remaining = 2916s
step = 76, remaining = 224, times elasped = 968.8s, estimated time : for one step = 12.9s, remaining = 2906.3s
step = 77, remaining = 223, times elasped = 982.7s, estimated time : for one step = 12.9s, remaining = 2896.3s
step = 78, remaining = 222, times elasped = 996s, estimated time : for one step = 12.9s, remaining = 2884.6s
step = 79, remaining = 221, times elasped = 1009.1s, estimated time : for one step = 12.9s, remaining = 2872s
step = 80, remaining = 220, times elasped = 1022.8s, estimated time : for one step = 12.9s, remaining = 2861.1s
step = 81, remaining = 219, times elasped = 1036.5s, estimated time : for one step = 13s, remaining = 2850.4s
step = 82, remaining = 218, times elasped = 1050.3s, estimated time : for one step = 13s, remaining = 2839.7s
step = 83, remaining = 217, times elasped = 1064.4s, estimated time : for one step = 13s, remaining = 2829.8s
step = 84, remaining = 216, times elasped = 1078.2s, estimated time : for one step = 13s, remaining = 2819s
step = 85, remaining = 215, times elasped = 1091.8s, estimated time : for one step = 13s, remaining = 2807.4s
step = 86, remaining = 214, times elasped = 1105.4s, estimated time : for one step = 13s, remaining = 2796.1s
step = 87, remaining = 213, times elasped = 1118.8s, estimated time : for one step = 13s, remaining = 2784s
step = 88, remaining = 212, times elasped = 1131.8s, estimated time : for one step = 13s, remaining = 2770.9s
step = 89, remaining = 211, times elasped = 1145.4s, estimated time : for one step = 13s, remaining = 2759.4s
step = 90, remaining = 210, times elasped = 1158.5s, estimated time : for one step = 13s, remaining = 2746.7s
step = 91, remaining = 209, times elasped = 1171.5s, estimated time : for one step = 13s, remaining = 2733.5s
step = 92, remaining = 208, times elasped = 1184.2s, estimated time : for one step = 13s, remaining = 2719.8s
step = 93, remaining = 207, times elasped = 1196.6s, estimated time : for one step = 13s, remaining = 2705.4s
step = 94, remaining = 206, times elasped = 1208.6s, estimated time : for one step = 13s, remaining = 2690.2s
step = 95, remaining = 205, times elasped = 1221.5s, estimated time : for one step = 13s, remaining = 2676.9s
step = 96, remaining = 204, times elasped = 1234s, estimated time : for one step = 13s, remaining = 2662.9s
step = 97, remaining = 203, times elasped = 1246.9s, estimated time : for one step = 13s, remaining = 2649.7s
step = 98, remaining = 202, times elasped = 1259.6s, estimated time : for one step = 13s, remaining = 2636s
step = 99, remaining = 201, times elasped = 1272.1s, estimated time : for one step = 13s, remaining = 2622.1s
step = 100, remaining = 200, times elasped = 1284.4s, estimated time : for one step = 13s, remaining = 2607.7s
step = 101, remaining = 199, times elasped = 1296.7s, estimated time : for one step = 13s, remaining = 2593.5s
step = 102, remaining = 198, times elasped = 1308.9s, estimated time : for one step = 13s, remaining = 2579s
step = 103, remaining = 197, times elasped = 1321s, estimated time : for one step = 13s, remaining = 2564.3s
step = 104, remaining = 196, times elasped = 1332.7s, estimated time : for one step = 12.9s, remaining = 2548.9s
step = 105, remaining = 195, times elasped = 1344s, estimated time : for one step = 12.9s, remaining = 2532.8s
step = 106, remaining = 194, times elasped = 1355.5s, estimated time : for one step = 12.9s, remaining = 2517.3s
step = 107, remaining = 193, times elasped = 1366.9s, estimated time : for one step = 12.9s, remaining = 2501.7s
step = 108, remaining = 192, times elasped = 1378.3s, estimated time : for one step = 12.9s, remaining = 2486.1s
step = 109, remaining = 191, times elasped = 1389.8s, estimated time : for one step = 12.9s, remaining = 2470.7s
step = 110, remaining = 190, times elasped = 1400.7s, estimated time : for one step = 12.9s, remaining = 2454.5s
step = 111, remaining = 189, times elasped = 1411.2s, estimated time : for one step = 12.8s, remaining = 2437.6s
step = 112, remaining = 188, times elasped = 1421.9s, estimated time : for one step = 12.8s, remaining = 2421.1s
step = 113, remaining = 187, times elasped = 1433.2s, estimated time : for one step = 12.8s, remaining = 2405.7s
step = 114, remaining = 186, times elasped = 1444.2s, estimated time : for one step = 12.8s, remaining = 2390s
step = 115, remaining = 185, times elasped = 1455.5s, estimated time : for one step = 12.8s, remaining = 2374.8s
step = 116, remaining = 184, times elasped = 1466.8s, estimated time : for one step = 12.8s, remaining = 2359.6s
step = 117, remaining = 183, times elasped = 1478.4s, estimated time : for one step = 12.7s, remaining = 2345s
step = 118, remaining = 182, times elasped = 1490s, estimated time : for one step = 12.7s, remaining = 2330.4s
step = 119, remaining = 181, times elasped = 1501.2s, estimated time : for one step = 12.7s, remaining = 2315.4s
step = 120, remaining = 180, times elasped = 1513.3s, estimated time : for one step = 12.7s, remaining = 2301.8s
step = 121, remaining = 179, times elasped = 1525s, estimated time : for one step = 12.7s, remaining = 2287.4s
step = 122, remaining = 178, times elasped = 1536s, estimated time : for one step = 12.7s, remaining = 2272.3s
step = 123, remaining = 177, times elasped = 1547.4s, estimated time : for one step = 12.7s, remaining = 2257.7s
step = 124, remaining = 176, times elasped = 1558.1s, estimated time : for one step = 12.7s, remaining = 2242.2s
step = 125, remaining = 175, times elasped = 1568.9s, estimated time : for one step = 12.7s, remaining = 2226.8s
step = 126, remaining = 174, times elasped = 1580.2s, estimated time : for one step = 12.6s, remaining = 2212.3s
step = 127, remaining = 173, times elasped = 1591.4s, estimated time : for one step = 12.6s, remaining = 2197.6s
step = 128, remaining = 172, times elasped = 1602.5s, estimated time : for one step = 12.6s, remaining = 2182.9s
step = 129, remaining = 171, times elasped = 1613.5s, estimated time : for one step = 12.6s, remaining = 2168.1s
step = 130, remaining = 170, times elasped = 1624.5s, estimated time : for one step = 12.6s, remaining = 2153.4s
step = 131, remaining = 169, times elasped = 1635.3s, estimated time : for one step = 12.6s, remaining = 2138.5s
step = 132, remaining = 168, times elasped = 1646.2s, estimated time : for one step = 12.6s, remaining = 2123.7s
step = 133, remaining = 167, times elasped = 1656.9s, estimated time : for one step = 12.6s, remaining = 2108.8s
step = 134, remaining = 166, times elasped = 1667.4s, estimated time : for one step = 12.5s, remaining = 2093.7s
step = 135, remaining = 165, times elasped = 1678.1s, estimated time : for one step = 12.5s, remaining = 2078.9s
step = 136, remaining = 164, times elasped = 1688.8s, estimated time : for one step = 12.5s, remaining = 2064s
step = 137, remaining = 163, times elasped = 1699.5s, estimated time : for one step = 12.5s, remaining = 2049.4s
step = 138, remaining = 162, times elasped = 1710.4s, estimated time : for one step = 12.5s, remaining = 2035s
step = 139, remaining = 161, times elasped = 1721.3s, estimated time : for one step = 12.5s, remaining = 2020.6s
step = 140, remaining = 160, times elasped = 1732.2s, estimated time : for one step = 12.5s, remaining = 2006.3s
step = 141, remaining = 159, times elasped = 1743.2s, estimated time : for one step = 12.5s, remaining = 1992.2s
step = 142, remaining = 158, times elasped = 1754.2s, estimated time : for one step = 12.4s, remaining = 1978.1s
step = 143, remaining = 157, times elasped = 1765s, estimated time : for one step = 12.4s, remaining = 1963.9s
step = 144, remaining = 156, times elasped = 1775.4s, estimated time : for one step = 12.4s, remaining = 1949.3s
step = 145, remaining = 155, times elasped = 1785.8s, estimated time : for one step = 12.4s, remaining = 1934.6s
step = 146, remaining = 154, times elasped = 1796s, estimated time : for one step = 12.4s, remaining = 1919.9s
step = 147, remaining = 153, times elasped = 1806.4s, estimated time : for one step = 12.4s, remaining = 1905.4s
step = 148, remaining = 152, times elasped = 1816.9s, estimated time : for one step = 12.4s, remaining = 1891.1s
step = 149, remaining = 151, times elasped = 1827.4s, estimated time : for one step = 12.3s, remaining = 1876.8s
step = 150, remaining = 150, times elasped = 1837.9s, estimated time : for one step = 12.3s, remaining = 1862.6s
step = 151, remaining = 149, times elasped = 1848.8s, estimated time : for one step = 12.3s, remaining = 1848.8s
step = 152, remaining = 148, times elasped = 1859.6s, estimated time : for one step = 12.3s, remaining = 1835s
step = 153, remaining = 147, times elasped = 1870.2s, estimated time : for one step = 12.3s, remaining = 1821s
step = 154, remaining = 146, times elasped = 1880.9s, estimated time : for one step = 12.3s, remaining = 1807.1s
step = 155, remaining = 145, times elasped = 1891.4s, estimated time : for one step = 12.3s, remaining = 1793.2s
step = 156, remaining = 144, times elasped = 1902s, estimated time : for one step = 12.3s, remaining = 1779.3s
step = 157, remaining = 143, times elasped = 1912.4s, estimated time : for one step = 12.3s, remaining = 1765.3s
step = 158, remaining = 142, times elasped = 1923s, estimated time : for one step = 12.2s, remaining = 1751.6s
step = 159, remaining = 141, times elasped = 1933.8s, estimated time : for one step = 12.2s, remaining = 1738s
step = 160, remaining = 140, times elasped = 1944.2s, estimated time : for one step = 12.2s, remaining = 1724.1s
step = 161, remaining = 139, times elasped = 1954.7s, estimated time : for one step = 12.2s, remaining = 1710.4s
step = 162, remaining = 138, times elasped = 1965.4s, estimated time : for one step = 12.2s, remaining = 1696.8s
step = 163, remaining = 137, times elasped = 1976s, estimated time : for one step = 12.2s, remaining = 1683.3s
step = 164, remaining = 136, times elasped = 1987s, estimated time : for one step = 12.2s, remaining = 1670.1s
step = 165, remaining = 135, times elasped = 1997.9s, estimated time : for one step = 12.2s, remaining = 1656.8s
step = 166, remaining = 134, times elasped = 2008.6s, estimated time : for one step = 12.2s, remaining = 1643.4s
step = 167, remaining = 133, times elasped = 2019.1s, estimated time : for one step = 12.2s, remaining = 1629.9s
step = 168, remaining = 132, times elasped = 2029.7s, estimated time : for one step = 12.2s, remaining = 1616.4s
step = 169, remaining = 131, times elasped = 2040.3s, estimated time : for one step = 12.1s, remaining = 1603.1s
step = 170, remaining = 130, times elasped = 2050.9s, estimated time : for one step = 12.1s, remaining = 1589.8s
step = 171, remaining = 129, times elasped = 2061.7s, estimated time : for one step = 12.1s, remaining = 1576.6s
step = 172, remaining = 128, times elasped = 2072.5s, estimated time : for one step = 12.1s, remaining = 1563.5s
step = 173, remaining = 127, times elasped = 2083.2s, estimated time : for one step = 12.1s, remaining = 1550.3s
step = 174, remaining = 126, times elasped = 2094.1s, estimated time : for one step = 12.1s, remaining = 1537.3s
step = 175, remaining = 125, times elasped = 2104.7s, estimated time : for one step = 12.1s, remaining = 1524.1s
step = 176, remaining = 124, times elasped = 2115.3s, estimated time : for one step = 12.1s, remaining = 1511s
step = 177, remaining = 123, times elasped = 2126s, estimated time : for one step = 12.1s, remaining = 1497.9s
step = 178, remaining = 122, times elasped = 2136.9s, estimated time : for one step = 12.1s, remaining = 1485s
step = 179, remaining = 121, times elasped = 2147.8s, estimated time : for one step = 12.1s, remaining = 1472.1s
step = 180, remaining = 120, times elasped = 2158.8s, estimated time : for one step = 12.1s, remaining = 1459.3s
step = 181, remaining = 119, times elasped = 2170.1s, estimated time : for one step = 12.1s, remaining = 1446.7s
step = 182, remaining = 118, times elasped = 2181.2s, estimated time : for one step = 12.1s, remaining = 1434.1s
step = 183, remaining = 117, times elasped = 2192.4s, estimated time : for one step = 12s, remaining = 1421.5s
step = 184, remaining = 116, times elasped = 2203.8s, estimated time : for one step = 12s, remaining = 1409s
step = 185, remaining = 115, times elasped = 2215.4s, estimated time : for one step = 12s, remaining = 1396.7s
step = 186, remaining = 114, times elasped = 2226.5s, estimated time : for one step = 12s, remaining = 1384s
step = 187, remaining = 113, times elasped = 2237.4s, estimated time : for one step = 12s, remaining = 1371.3s
step = 188, remaining = 112, times elasped = 2248.1s, estimated time : for one step = 12s, remaining = 1358.5s
step = 189, remaining = 111, times elasped = 2258.8s, estimated time : for one step = 12s, remaining = 1345.7s
step = 190, remaining = 110, times elasped = 2269.9s, estimated time : for one step = 12s, remaining = 1333.1s
step = 191, remaining = 109, times elasped = 2280.3s, estimated time : for one step = 12s, remaining = 1320.2s
step = 192, remaining = 108, times elasped = 2290.9s, estimated time : for one step = 12s, remaining = 1307.4s
step = 193, remaining = 107, times elasped = 2301.7s, estimated time : for one step = 12s, remaining = 1294.7s
step = 194, remaining = 106, times elasped = 2313s, estimated time : for one step = 12s, remaining = 1282.3s
step = 195, remaining = 105, times elasped = 2323.9s, estimated time : for one step = 12s, remaining = 1269.8s
step = 196, remaining = 104, times elasped = 2335.3s, estimated time : for one step = 12s, remaining = 1257.5s
step = 197, remaining = 103, times elasped = 2346.5s, estimated time : for one step = 12s, remaining = 1245.1s
step = 198, remaining = 102, times elasped = 2357.9s, estimated time : for one step = 12s, remaining = 1232.8s
step = 199, remaining = 101, times elasped = 2368.5s, estimated time : for one step = 12s, remaining = 1220.1s
step = 200, remaining = 100, times elasped = 2379.2s, estimated time : for one step = 12s, remaining = 1207.5s
step = 201, remaining = 99, times elasped = 2389.8s, estimated time : for one step = 11.9s, remaining = 1194.9s
step = 202, remaining = 98, times elasped = 2400.2s, estimated time : for one step = 11.9s, remaining = 1182.2s
step = 203, remaining = 97, times elasped = 2410.9s, estimated time : for one step = 11.9s, remaining = 1169.7s
step = 204, remaining = 96, times elasped = 2421.8s, estimated time : for one step = 11.9s, remaining = 1157.2s
step = 205, remaining = 95, times elasped = 2432.3s, estimated time : for one step = 11.9s, remaining = 1144.6s
step = 206, remaining = 94, times elasped = 2442.5s, estimated time : for one step = 11.9s, remaining = 1131.9s
step = 207, remaining = 93, times elasped = 2453.1s, estimated time : for one step = 11.9s, remaining = 1119.4s
step = 208, remaining = 92, times elasped = 2463.8s, estimated time : for one step = 11.9s, remaining = 1106.9s
step = 209, remaining = 91, times elasped = 2474.2s, estimated time : for one step = 11.9s, remaining = 1094.3s
step = 210, remaining = 90, times elasped = 2484.7s, estimated time : for one step = 11.9s, remaining = 1081.8s
step = 211, remaining = 89, times elasped = 2495.6s, estimated time : for one step = 11.9s, remaining = 1069.5s
step = 212, remaining = 88, times elasped = 2506.9s, estimated time : for one step = 11.9s, remaining = 1057.4s
step = 213, remaining = 87, times elasped = 2518.2s, estimated time : for one step = 11.9s, remaining = 1045.3s
step = 214, remaining = 86, times elasped = 2529s, estimated time : for one step = 11.9s, remaining = 1033s
step = 215, remaining = 85, times elasped = 2539.4s, estimated time : for one step = 11.9s, remaining = 1020.5s
step = 216, remaining = 84, times elasped = 2549.6s, estimated time : for one step = 11.9s, remaining = 1008s
step = 217, remaining = 83, times elasped = 2559.5s, estimated time : for one step = 11.8s, remaining = 995.4s
step = 218, remaining = 82, times elasped = 2569.6s, estimated time : for one step = 11.8s, remaining = 982.8s
step = 219, remaining = 81, times elasped = 2580s, estimated time : for one step = 11.8s, remaining = 970.5s
step = 220, remaining = 80, times elasped = 2589.9s, estimated time : for one step = 11.8s, remaining = 957.9s
step = 221, remaining = 79, times elasped = 2599.9s, estimated time : for one step = 11.8s, remaining = 945.4s
step = 222, remaining = 78, times elasped = 2610.1s, estimated time : for one step = 11.8s, remaining = 933s
step = 223, remaining = 77, times elasped = 2619.8s, estimated time : for one step = 11.8s, remaining = 920.5s
step = 224, remaining = 76, times elasped = 2629.8s, estimated time : for one step = 11.8s, remaining = 908s
step = 225, remaining = 75, times elasped = 2639.7s, estimated time : for one step = 11.8s, remaining = 895.6s
step = 226, remaining = 74, times elasped = 2649.9s, estimated time : for one step = 11.8s, remaining = 883.3s
step = 227, remaining = 73, times elasped = 2660s, estimated time : for one step = 11.8s, remaining = 871s
step = 228, remaining = 72, times elasped = 2670.2s, estimated time : for one step = 11.8s, remaining = 858.7s
step = 229, remaining = 71, times elasped = 2680.4s, estimated time : for one step = 11.8s, remaining = 846.4s
step = 230, remaining = 70, times elasped = 2690.5s, estimated time : for one step = 11.7s, remaining = 834.2s
step = 231, remaining = 69, times elasped = 2700.3s, estimated time : for one step = 11.7s, remaining = 821.8s
step = 232, remaining = 68, times elasped = 2710.4s, estimated time : for one step = 11.7s, remaining = 809.6s
step = 233, remaining = 67, times elasped = 2720.7s, estimated time : for one step = 11.7s, remaining = 797.4s
step = 234, remaining = 66, times elasped = 2730.8s, estimated time : for one step = 11.7s, remaining = 785.2s
step = 235, remaining = 65, times elasped = 2740.8s, estimated time : for one step = 11.7s, remaining = 773.1s
step = 236, remaining = 64, times elasped = 2751s, estimated time : for one step = 11.7s, remaining = 760.9s
step = 237, remaining = 63, times elasped = 2761.2s, estimated time : for one step = 11.7s, remaining = 748.8s
step = 238, remaining = 62, times elasped = 2771.6s, estimated time : for one step = 11.7s, remaining = 736.8s
step = 239, remaining = 61, times elasped = 2781.9s, estimated time : for one step = 11.7s, remaining = 724.7s
step = 240, remaining = 60, times elasped = 2792s, estimated time : for one step = 11.7s, remaining = 712.6s
step = 241, remaining = 59, times elasped = 2802s, estimated time : for one step = 11.7s, remaining = 700.5s
step = 242, remaining = 58, times elasped = 2811.8s, estimated time : for one step = 11.7s, remaining = 688.4s
step = 243, remaining = 57, times elasped = 2821.7s, estimated time : for one step = 11.7s, remaining = 676.3s
step = 244, remaining = 56, times elasped = 2831.7s, estimated time : for one step = 11.7s, remaining = 664.2s
step = 245, remaining = 55, times elasped = 2841.9s, estimated time : for one step = 11.6s, remaining = 652.2s
step = 246, remaining = 54, times elasped = 2851.9s, estimated time : for one step = 11.6s, remaining = 640.2s
step = 247, remaining = 53, times elasped = 2861.7s, estimated time : for one step = 11.6s, remaining = 628.2s
step = 248, remaining = 52, times elasped = 2871.3s, estimated time : for one step = 11.6s, remaining = 616.1s
step = 249, remaining = 51, times elasped = 2881.2s, estimated time : for one step = 11.6s, remaining = 604.1s
step = 250, remaining = 50, times elasped = 2891s, estimated time : for one step = 11.6s, remaining = 592.1s
step = 251, remaining = 49, times elasped = 2900.9s, estimated time : for one step = 11.6s, remaining = 580.2s
step = 252, remaining = 48, times elasped = 2910.5s, estimated time : for one step = 11.6s, remaining = 568.2s
step = 253, remaining = 47, times elasped = 2920.4s, estimated time : for one step = 11.6s, remaining = 556.3s
step = 254, remaining = 46, times elasped = 2930.1s, estimated time : for one step = 11.6s, remaining = 544.3s
step = 255, remaining = 45, times elasped = 2939.9s, estimated time : for one step = 11.6s, remaining = 532.4s
step = 256, remaining = 44, times elasped = 2949.9s, estimated time : for one step = 11.6s, remaining = 520.6s
step = 257, remaining = 43, times elasped = 2959.9s, estimated time : for one step = 11.6s, remaining = 508.7s
step = 258, remaining = 42, times elasped = 2969.5s, estimated time : for one step = 11.6s, remaining = 496.8s
step = 259, remaining = 41, times elasped = 2978.8s, estimated time : for one step = 11.5s, remaining = 484.9s
step = 260, remaining = 40, times elasped = 2988.1s, estimated time : for one step = 11.5s, remaining = 473s
step = 261, remaining = 39, times elasped = 2997.3s, estimated time : for one step = 11.5s, remaining = 461.1s
step = 262, remaining = 38, times elasped = 3006.6s, estimated time : for one step = 11.5s, remaining = 449.3s
step = 263, remaining = 37, times elasped = 3016s, estimated time : for one step = 11.5s, remaining = 437.4s
step = 264, remaining = 36, times elasped = 3025.3s, estimated time : for one step = 11.5s, remaining = 425.6s
step = 265, remaining = 35, times elasped = 3034.6s, estimated time : for one step = 11.5s, remaining = 413.8s
step = 266, remaining = 34, times elasped = 3044.8s, estimated time : for one step = 11.5s, remaining = 402.1s
step = 267, remaining = 33, times elasped = 3054.5s, estimated time : for one step = 11.5s, remaining = 390.4s
step = 268, remaining = 32, times elasped = 3063.8s, estimated time : for one step = 11.5s, remaining = 378.7s
step = 269, remaining = 31, times elasped = 3073.2s, estimated time : for one step = 11.5s, remaining = 367s
step = 270, remaining = 30, times elasped = 3082.4s, estimated time : for one step = 11.5s, remaining = 355.2s
step = 271, remaining = 29, times elasped = 3091.7s, estimated time : for one step = 11.5s, remaining = 343.5s
step = 272, remaining = 28, times elasped = 3101.1s, estimated time : for one step = 11.4s, remaining = 331.9s
step = 273, remaining = 27, times elasped = 3110.6s, estimated time : for one step = 11.4s, remaining = 320.2s
step = 274, remaining = 26, times elasped = 3120.1s, estimated time : for one step = 11.4s, remaining = 308.6s
step = 275, remaining = 25, times elasped = 3129.4s, estimated time : for one step = 11.4s, remaining = 297s
step = 276, remaining = 24, times elasped = 3138.6s, estimated time : for one step = 11.4s, remaining = 285.3s
step = 277, remaining = 23, times elasped = 3148.1s, estimated time : for one step = 11.4s, remaining = 273.8s
step = 278, remaining = 22, times elasped = 3157.6s, estimated time : for one step = 11.4s, remaining = 262.2s
step = 279, remaining = 21, times elasped = 3166.9s, estimated time : for one step = 11.4s, remaining = 250.6s
step = 280, remaining = 20, times elasped = 3176.2s, estimated time : for one step = 11.4s, remaining = 239.1s
step = 281, remaining = 19, times elasped = 3185.8s, estimated time : for one step = 11.4s, remaining = 227.6s
step = 282, remaining = 18, times elasped = 3194.9s, estimated time : for one step = 11.4s, remaining = 216s
step = 283, remaining = 17, times elasped = 3204.4s, estimated time : for one step = 11.4s, remaining = 204.5s
step = 284, remaining = 16, times elasped = 3213.8s, estimated time : for one step = 11.4s, remaining = 193.1s
step = 285, remaining = 15, times elasped = 3223.4s, estimated time : for one step = 11.3s, remaining = 181.6s
step = 286, remaining = 14, times elasped = 3234.9s, estimated time : for one step = 11.4s, remaining = 170.3s
step = 287, remaining = 13, times elasped = 3244.9s, estimated time : for one step = 11.3s, remaining = 158.8s
step = 288, remaining = 12, times elasped = 3255.1s, estimated time : for one step = 11.3s, remaining = 147.4s
step = 289, remaining = 11, times elasped = 3265s, estimated time : for one step = 11.3s, remaining = 136s
step = 290, remaining = 10, times elasped = 3274.7s, estimated time : for one step = 11.3s, remaining = 124.6s
step = 291, remaining = 9, times elasped = 3284.1s, estimated time : for one step = 11.3s, remaining = 113.2s
step = 292, remaining = 8, times elasped = 3293s, estimated time : for one step = 11.3s, remaining = 101.8s
step = 293, remaining = 7, times elasped = 3302.4s, estimated time : for one step = 11.3s, remaining = 90.5s
step = 294, remaining = 6, times elasped = 3311.8s, estimated time : for one step = 11.3s, remaining = 79.1s
step = 295, remaining = 5, times elasped = 3321.6s, estimated time : for one step = 11.3s, remaining = 67.8s
step = 296, remaining = 4, times elasped = 3332s, estimated time : for one step = 11.3s, remaining = 56.5s
step = 297, remaining = 3, times elasped = 3342.2s, estimated time : for one step = 11.3s, remaining = 45.2s
step = 298, remaining = 2, times elasped = 3352.5s, estimated time : for one step = 11.3s, remaining = 33.9s
step = 299, remaining = 1, times elasped = 3362.4s, estimated time : for one step = 11.3s, remaining = 22.6s
step = 300, remaining = 0, times elasped = 3372.4s, estimated time : for one step = 11.3s, remaining = 11.3s
--- SAEM ended ! ---
output file: JLS.knit.md


Output created: 2022_08_25_09_54_44.html
Il y a eu 50 avis ou plus (utilisez warnings() pour voir les 50 premiers)
