INFO : Large data should be stored in your work/ folder. 
 


processing file: JLS.Rmd
--- SAEM started ! ---
step = 1, remaining = 299, times elasped = 0s, estimated time : for one step = NaNs, remaining = NaNs
step = 2, remaining = 298, times elasped = 18.4s, estimated time : for one step = 18.4s, remaining = 5492.6s
step = 3, remaining = 297, times elasped = 35.6s, estimated time : for one step = 17.8s, remaining = 5310.4s
step = 4, remaining = 296, times elasped = 52.6s, estimated time : for one step = 17.5s, remaining = 5206.4s
step = 5, remaining = 295, times elasped = 68.7s, estimated time : for one step = 17.2s, remaining = 5083.1s
step = 6, remaining = 294, times elasped = 83.3s, estimated time : for one step = 16.7s, remaining = 4915.3s
step = 7, remaining = 293, times elasped = 97s, estimated time : for one step = 16.2s, remaining = 4754.5s
step = 8, remaining = 292, times elasped = 109.6s, estimated time : for one step = 15.7s, remaining = 4588.8s
step = 9, remaining = 291, times elasped = 121.2s, estimated time : for one step = 15.2s, remaining = 4424.2s
step = 10, remaining = 290, times elasped = 132.1s, estimated time : for one step = 14.7s, remaining = 4269.9s
step = 11, remaining = 289, times elasped = 142.7s, estimated time : for one step = 14.3s, remaining = 4137.7s
step = 12, remaining = 288, times elasped = 153.1s, estimated time : for one step = 13.9s, remaining = 4022.6s
step = 13, remaining = 287, times elasped = 163.6s, estimated time : for one step = 13.6s, remaining = 3926.4s
step = 14, remaining = 286, times elasped = 174.1s, estimated time : for one step = 13.4s, remaining = 3842.9s
step = 15, remaining = 285, times elasped = 184.3s, estimated time : for one step = 13.2s, remaining = 3765.4s
step = 16, remaining = 284, times elasped = 194.7s, estimated time : for one step = 13s, remaining = 3698.9s
step = 17, remaining = 283, times elasped = 205.1s, estimated time : for one step = 12.8s, remaining = 3640.2s
step = 18, remaining = 282, times elasped = 216.2s, estimated time : for one step = 12.7s, remaining = 3599.1s
step = 19, remaining = 281, times elasped = 227.4s, estimated time : for one step = 12.6s, remaining = 3563.1s
step = 20, remaining = 280, times elasped = 238.2s, estimated time : for one step = 12.5s, remaining = 3523.3s
step = 21, remaining = 279, times elasped = 249.4s, estimated time : for one step = 12.5s, remaining = 3491.7s
step = 22, remaining = 278, times elasped = 260.4s, estimated time : for one step = 12.4s, remaining = 3459.5s
step = 23, remaining = 277, times elasped = 271.6s, estimated time : for one step = 12.3s, remaining = 3432.3s
step = 24, remaining = 276, times elasped = 283s, estimated time : for one step = 12.3s, remaining = 3408.8s
step = 25, remaining = 275, times elasped = 295.3s, estimated time : for one step = 12.3s, remaining = 3395.7s
step = 26, remaining = 274, times elasped = 307.2s, estimated time : for one step = 12.3s, remaining = 3379.5s
step = 27, remaining = 273, times elasped = 319.5s, estimated time : for one step = 12.3s, remaining = 3367.4s
step = 28, remaining = 272, times elasped = 332.2s, estimated time : for one step = 12.3s, remaining = 3358.7s
step = 29, remaining = 271, times elasped = 344.9s, estimated time : for one step = 12.3s, remaining = 3350.2s
step = 30, remaining = 270, times elasped = 357.4s, estimated time : for one step = 12.3s, remaining = 3340.2s
step = 31, remaining = 269, times elasped = 370.3s, estimated time : for one step = 12.3s, remaining = 3332.6s
step = 32, remaining = 268, times elasped = 383.4s, estimated time : for one step = 12.4s, remaining = 3327.3s
step = 33, remaining = 267, times elasped = 396.8s, estimated time : for one step = 12.4s, remaining = 3322.9s
step = 34, remaining = 266, times elasped = 409.9s, estimated time : for one step = 12.4s, remaining = 3316.5s
step = 35, remaining = 265, times elasped = 423.3s, estimated time : for one step = 12.4s, remaining = 3311.6s
step = 36, remaining = 264, times elasped = 436.9s, estimated time : for one step = 12.5s, remaining = 3308.3s
step = 37, remaining = 263, times elasped = 450.9s, estimated time : for one step = 12.5s, remaining = 3306.6s
step = 38, remaining = 262, times elasped = 464.4s, estimated time : for one step = 12.6s, remaining = 3300.7s
step = 39, remaining = 261, times elasped = 477.8s, estimated time : for one step = 12.6s, remaining = 3294.5s
step = 40, remaining = 260, times elasped = 491.2s, estimated time : for one step = 12.6s, remaining = 3287.1s
step = 41, remaining = 259, times elasped = 504.8s, estimated time : for one step = 12.6s, remaining = 3281s
step = 42, remaining = 258, times elasped = 518.6s, estimated time : for one step = 12.6s, remaining = 3276s
step = 43, remaining = 257, times elasped = 532.4s, estimated time : for one step = 12.7s, remaining = 3270.5s
step = 44, remaining = 256, times elasped = 546.1s, estimated time : for one step = 12.7s, remaining = 3264s
step = 45, remaining = 255, times elasped = 560.1s, estimated time : for one step = 12.7s, remaining = 3258.5s
step = 46, remaining = 254, times elasped = 574s, estimated time : for one step = 12.8s, remaining = 3252.9s
step = 47, remaining = 253, times elasped = 588s, estimated time : for one step = 12.8s, remaining = 3247.1s
step = 48, remaining = 252, times elasped = 602s, estimated time : for one step = 12.8s, remaining = 3240.8s
step = 49, remaining = 251, times elasped = 615.8s, estimated time : for one step = 12.8s, remaining = 3232.9s
step = 50, remaining = 250, times elasped = 629.6s, estimated time : for one step = 12.8s, remaining = 3225.3s
step = 51, remaining = 249, times elasped = 643.6s, estimated time : for one step = 12.9s, remaining = 3217.8s
step = 52, remaining = 248, times elasped = 657.3s, estimated time : for one step = 12.9s, remaining = 3209.3s
step = 53, remaining = 247, times elasped = 671.1s, estimated time : for one step = 12.9s, remaining = 3200.8s
step = 54, remaining = 246, times elasped = 684.9s, estimated time : for one step = 12.9s, remaining = 3191.9s
step = 55, remaining = 245, times elasped = 698.9s, estimated time : for one step = 12.9s, remaining = 3183.7s
step = 56, remaining = 244, times elasped = 712.9s, estimated time : for one step = 13s, remaining = 3175.6s
step = 57, remaining = 243, times elasped = 726.9s, estimated time : for one step = 13s, remaining = 3167s
step = 58, remaining = 242, times elasped = 740.8s, estimated time : for one step = 13s, remaining = 3158.3s
step = 59, remaining = 241, times elasped = 754.8s, estimated time : for one step = 13s, remaining = 3149.2s
step = 60, remaining = 240, times elasped = 768.7s, estimated time : for one step = 13s, remaining = 3139.9s
step = 61, remaining = 239, times elasped = 782.6s, estimated time : for one step = 13s, remaining = 3130.6s
step = 62, remaining = 238, times elasped = 796.7s, estimated time : for one step = 13.1s, remaining = 3121.3s
step = 63, remaining = 237, times elasped = 810.4s, estimated time : for one step = 13.1s, remaining = 3111s
step = 64, remaining = 236, times elasped = 824.2s, estimated time : for one step = 13.1s, remaining = 3100.4s
step = 65, remaining = 235, times elasped = 838s, estimated time : for one step = 13.1s, remaining = 3090.2s
step = 66, remaining = 234, times elasped = 851.8s, estimated time : for one step = 13.1s, remaining = 3079.7s
step = 67, remaining = 233, times elasped = 865.7s, estimated time : for one step = 13.1s, remaining = 3069.2s
step = 68, remaining = 232, times elasped = 879.6s, estimated time : for one step = 13.1s, remaining = 3058.9s
step = 69, remaining = 231, times elasped = 893.4s, estimated time : for one step = 13.1s, remaining = 3048s
step = 70, remaining = 230, times elasped = 907.1s, estimated time : for one step = 13.1s, remaining = 3037s
step = 71, remaining = 229, times elasped = 921.2s, estimated time : for one step = 13.2s, remaining = 3026.8s
step = 72, remaining = 228, times elasped = 935.2s, estimated time : for one step = 13.2s, remaining = 3016.4s
step = 73, remaining = 227, times elasped = 949.4s, estimated time : for one step = 13.2s, remaining = 3006.5s
step = 74, remaining = 226, times elasped = 963.6s, estimated time : for one step = 13.2s, remaining = 2996.4s
step = 75, remaining = 225, times elasped = 977.8s, estimated time : for one step = 13.2s, remaining = 2986.3s
step = 76, remaining = 224, times elasped = 991.8s, estimated time : for one step = 13.2s, remaining = 2975.3s
step = 77, remaining = 223, times elasped = 1005.8s, estimated time : for one step = 13.2s, remaining = 2964.4s
step = 78, remaining = 222, times elasped = 1019.7s, estimated time : for one step = 13.2s, remaining = 2953.2s
step = 79, remaining = 221, times elasped = 1033.7s, estimated time : for one step = 13.3s, remaining = 2942s
step = 80, remaining = 220, times elasped = 1047.9s, estimated time : for one step = 13.3s, remaining = 2931.4s
step = 81, remaining = 219, times elasped = 1062s, estimated time : for one step = 13.3s, remaining = 2920.4s
step = 82, remaining = 218, times elasped = 1076.1s, estimated time : for one step = 13.3s, remaining = 2909.3s
step = 83, remaining = 217, times elasped = 1090.1s, estimated time : for one step = 13.3s, remaining = 2898.2s
step = 84, remaining = 216, times elasped = 1103.9s, estimated time : for one step = 13.3s, remaining = 2886s
step = 85, remaining = 215, times elasped = 1117.9s, estimated time : for one step = 13.3s, remaining = 2874.5s
step = 86, remaining = 214, times elasped = 1132.1s, estimated time : for one step = 13.3s, remaining = 2863.5s
step = 87, remaining = 213, times elasped = 1146s, estimated time : for one step = 13.3s, remaining = 2851.8s
step = 88, remaining = 212, times elasped = 1160.2s, estimated time : for one step = 13.3s, remaining = 2840.5s
step = 89, remaining = 211, times elasped = 1174.4s, estimated time : for one step = 13.3s, remaining = 2829.3s
step = 90, remaining = 210, times elasped = 1188.6s, estimated time : for one step = 13.4s, remaining = 2817.9s
step = 91, remaining = 209, times elasped = 1202.8s, estimated time : for one step = 13.4s, remaining = 2806.5s
step = 92, remaining = 208, times elasped = 1217.1s, estimated time : for one step = 13.4s, remaining = 2795.4s
step = 93, remaining = 207, times elasped = 1231.5s, estimated time : for one step = 13.4s, remaining = 2784.3s
step = 94, remaining = 206, times elasped = 1245.8s, estimated time : for one step = 13.4s, remaining = 2772.8s
step = 95, remaining = 205, times elasped = 1260.1s, estimated time : for one step = 13.4s, remaining = 2761.6s
step = 96, remaining = 204, times elasped = 1274.2s, estimated time : for one step = 13.4s, remaining = 2749.7s
step = 97, remaining = 203, times elasped = 1288.5s, estimated time : for one step = 13.4s, remaining = 2738s
step = 98, remaining = 202, times elasped = 1302.7s, estimated time : for one step = 13.4s, remaining = 2726.2s
step = 99, remaining = 201, times elasped = 1317s, estimated time : for one step = 13.4s, remaining = 2714.6s
step = 100, remaining = 200, times elasped = 1331.2s, estimated time : for one step = 13.4s, remaining = 2702.7s
step = 101, remaining = 199, times elasped = 1345.6s, estimated time : for one step = 13.5s, remaining = 2691.1s
step = 102, remaining = 198, times elasped = 1360.2s, estimated time : for one step = 13.5s, remaining = 2679.9s
step = 103, remaining = 197, times elasped = 1374.4s, estimated time : for one step = 13.5s, remaining = 2668s
step = 104, remaining = 196, times elasped = 1388.5s, estimated time : for one step = 13.5s, remaining = 2655.7s
step = 105, remaining = 195, times elasped = 1402.8s, estimated time : for one step = 13.5s, remaining = 2643.7s
step = 106, remaining = 194, times elasped = 1416.9s, estimated time : for one step = 13.5s, remaining = 2631.5s
step = 107, remaining = 193, times elasped = 1431s, estimated time : for one step = 13.5s, remaining = 2619.1s
step = 108, remaining = 192, times elasped = 1445.3s, estimated time : for one step = 13.5s, remaining = 2606.9s
step = 109, remaining = 191, times elasped = 1459.6s, estimated time : for one step = 13.5s, remaining = 2594.8s
step = 110, remaining = 190, times elasped = 1473.9s, estimated time : for one step = 13.5s, remaining = 2582.7s
step = 111, remaining = 189, times elasped = 1488.3s, estimated time : for one step = 13.5s, remaining = 2570.8s
step = 112, remaining = 188, times elasped = 1502.6s, estimated time : for one step = 13.5s, remaining = 2558.5s
step = 113, remaining = 187, times elasped = 1516.8s, estimated time : for one step = 13.5s, remaining = 2546.1s
step = 114, remaining = 186, times elasped = 1531s, estimated time : for one step = 13.5s, remaining = 2533.7s
step = 115, remaining = 185, times elasped = 1545.3s, estimated time : for one step = 13.6s, remaining = 2521.3s
step = 116, remaining = 184, times elasped = 1559.7s, estimated time : for one step = 13.6s, remaining = 2509.1s
step = 117, remaining = 183, times elasped = 1574s, estimated time : for one step = 13.6s, remaining = 2496.7s
step = 118, remaining = 182, times elasped = 1588.2s, estimated time : for one step = 13.6s, remaining = 2484.2s
step = 119, remaining = 181, times elasped = 1602.6s, estimated time : for one step = 13.6s, remaining = 2471.7s
step = 120, remaining = 180, times elasped = 1616.8s, estimated time : for one step = 13.6s, remaining = 2459.2s
step = 121, remaining = 179, times elasped = 1631.2s, estimated time : for one step = 13.6s, remaining = 2446.8s
step = 122, remaining = 178, times elasped = 1645.6s, estimated time : for one step = 13.6s, remaining = 2434.4s
step = 123, remaining = 177, times elasped = 1660s, estimated time : for one step = 13.6s, remaining = 2422s
step = 124, remaining = 176, times elasped = 1674.5s, estimated time : for one step = 13.6s, remaining = 2409.6s
step = 125, remaining = 175, times elasped = 1689s, estimated time : for one step = 13.6s, remaining = 2397.2s
step = 126, remaining = 174, times elasped = 1703.6s, estimated time : for one step = 13.6s, remaining = 2385s
step = 127, remaining = 173, times elasped = 1718.2s, estimated time : for one step = 13.6s, remaining = 2372.7s
step = 128, remaining = 172, times elasped = 1732.8s, estimated time : for one step = 13.6s, remaining = 2360.4s
step = 129, remaining = 171, times elasped = 1747.3s, estimated time : for one step = 13.7s, remaining = 2347.9s
step = 130, remaining = 170, times elasped = 1761.9s, estimated time : for one step = 13.7s, remaining = 2335.5s
step = 131, remaining = 169, times elasped = 1776.3s, estimated time : for one step = 13.7s, remaining = 2322.9s
step = 132, remaining = 168, times elasped = 1790.9s, estimated time : for one step = 13.7s, remaining = 2310.3s
step = 133, remaining = 167, times elasped = 1805.3s, estimated time : for one step = 13.7s, remaining = 2297.7s
step = 134, remaining = 166, times elasped = 1820s, estimated time : for one step = 13.7s, remaining = 2285.3s
step = 135, remaining = 165, times elasped = 1834.6s, estimated time : for one step = 13.7s, remaining = 2272.8s
step = 136, remaining = 164, times elasped = 1849.3s, estimated time : for one step = 13.7s, remaining = 2260.2s
step = 137, remaining = 163, times elasped = 1863.8s, estimated time : for one step = 13.7s, remaining = 2247.5s
step = 138, remaining = 162, times elasped = 1878.3s, estimated time : for one step = 13.7s, remaining = 2234.8s
step = 139, remaining = 161, times elasped = 1892.8s, estimated time : for one step = 13.7s, remaining = 2222s
step = 140, remaining = 160, times elasped = 1907.4s, estimated time : for one step = 13.7s, remaining = 2209.2s
step = 141, remaining = 159, times elasped = 1921.9s, estimated time : for one step = 13.7s, remaining = 2196.5s
step = 142, remaining = 158, times elasped = 1936.6s, estimated time : for one step = 13.7s, remaining = 2183.9s
step = 143, remaining = 157, times elasped = 1951.2s, estimated time : for one step = 13.7s, remaining = 2171.1s
step = 144, remaining = 156, times elasped = 1965.8s, estimated time : for one step = 13.7s, remaining = 2158.3s
step = 145, remaining = 155, times elasped = 1980.5s, estimated time : for one step = 13.8s, remaining = 2145.6s
step = 146, remaining = 154, times elasped = 1995s, estimated time : for one step = 13.8s, remaining = 2132.6s
step = 147, remaining = 153, times elasped = 2009.6s, estimated time : for one step = 13.8s, remaining = 2119.7s
step = 148, remaining = 152, times elasped = 2024.1s, estimated time : for one step = 13.8s, remaining = 2106.7s
step = 149, remaining = 151, times elasped = 2038.6s, estimated time : for one step = 13.8s, remaining = 2093.7s
step = 150, remaining = 150, times elasped = 2053.2s, estimated time : for one step = 13.8s, remaining = 2080.7s
step = 151, remaining = 149, times elasped = 2067.9s, estimated time : for one step = 13.8s, remaining = 2067.9s
step = 152, remaining = 148, times elasped = 2082.5s, estimated time : for one step = 13.8s, remaining = 2054.9s
step = 153, remaining = 147, times elasped = 2097.3s, estimated time : for one step = 13.8s, remaining = 2042.1s
step = 154, remaining = 146, times elasped = 2112s, estimated time : for one step = 13.8s, remaining = 2029.2s
step = 155, remaining = 145, times elasped = 2126.7s, estimated time : for one step = 13.8s, remaining = 2016.2s
step = 156, remaining = 144, times elasped = 2141.3s, estimated time : for one step = 13.8s, remaining = 2003.2s
step = 157, remaining = 143, times elasped = 2156.1s, estimated time : for one step = 13.8s, remaining = 1990.2s
step = 158, remaining = 142, times elasped = 2170.7s, estimated time : for one step = 13.8s, remaining = 1977.1s
step = 159, remaining = 141, times elasped = 2185.3s, estimated time : for one step = 13.8s, remaining = 1964s
step = 160, remaining = 140, times elasped = 2200s, estimated time : for one step = 13.8s, remaining = 1951s
step = 161, remaining = 139, times elasped = 2214.8s, estimated time : for one step = 13.8s, remaining = 1938s
step = 162, remaining = 138, times elasped = 2229.5s, estimated time : for one step = 13.8s, remaining = 1924.8s
step = 163, remaining = 137, times elasped = 2244.2s, estimated time : for one step = 13.9s, remaining = 1911.7s
step = 164, remaining = 136, times elasped = 2259s, estimated time : for one step = 13.9s, remaining = 1898.7s
step = 165, remaining = 135, times elasped = 2273.9s, estimated time : for one step = 13.9s, remaining = 1885.7s
step = 166, remaining = 134, times elasped = 2288.8s, estimated time : for one step = 13.9s, remaining = 1872.6s
step = 167, remaining = 133, times elasped = 2303.7s, estimated time : for one step = 13.9s, remaining = 1859.6s
step = 168, remaining = 132, times elasped = 2318.8s, estimated time : for one step = 13.9s, remaining = 1846.7s
step = 169, remaining = 131, times elasped = 2333.7s, estimated time : for one step = 13.9s, remaining = 1833.6s
step = 170, remaining = 130, times elasped = 2348.8s, estimated time : for one step = 13.9s, remaining = 1820.6s
step = 171, remaining = 129, times elasped = 2363.9s, estimated time : for one step = 13.9s, remaining = 1807.7s
step = 172, remaining = 128, times elasped = 2379.1s, estimated time : for one step = 13.9s, remaining = 1794.8s
step = 173, remaining = 127, times elasped = 2394.3s, estimated time : for one step = 13.9s, remaining = 1781.8s
step = 174, remaining = 126, times elasped = 2409.4s, estimated time : for one step = 13.9s, remaining = 1768.7s
step = 175, remaining = 125, times elasped = 2424.5s, estimated time : for one step = 13.9s, remaining = 1755.7s
step = 176, remaining = 124, times elasped = 2439.6s, estimated time : for one step = 13.9s, remaining = 1742.6s
step = 177, remaining = 123, times elasped = 2454.8s, estimated time : for one step = 13.9s, remaining = 1729.5s
step = 178, remaining = 122, times elasped = 2469.9s, estimated time : for one step = 14s, remaining = 1716.4s
step = 179, remaining = 121, times elasped = 2485.1s, estimated time : for one step = 14s, remaining = 1703.3s
step = 180, remaining = 120, times elasped = 2500.3s, estimated time : for one step = 14s, remaining = 1690.2s
step = 181, remaining = 119, times elasped = 2515.6s, estimated time : for one step = 14s, remaining = 1677.1s
step = 182, remaining = 118, times elasped = 2531s, estimated time : for one step = 14s, remaining = 1664s
step = 183, remaining = 117, times elasped = 2546.5s, estimated time : for one step = 14s, remaining = 1651s
step = 184, remaining = 116, times elasped = 2561.8s, estimated time : for one step = 14s, remaining = 1637.9s
step = 185, remaining = 115, times elasped = 2577.1s, estimated time : for one step = 14s, remaining = 1624.7s
step = 186, remaining = 114, times elasped = 2592.5s, estimated time : for one step = 14s, remaining = 1611.5s
step = 187, remaining = 113, times elasped = 2607.8s, estimated time : for one step = 14s, remaining = 1598.3s
step = 188, remaining = 112, times elasped = 2623.2s, estimated time : for one step = 14s, remaining = 1585.1s
step = 189, remaining = 111, times elasped = 2638.7s, estimated time : for one step = 14s, remaining = 1572s
step = 190, remaining = 110, times elasped = 2654.2s, estimated time : for one step = 14s, remaining = 1558.8s
step = 191, remaining = 109, times elasped = 2669.5s, estimated time : for one step = 14.1s, remaining = 1545.5s
step = 192, remaining = 108, times elasped = 2685s, estimated time : for one step = 14.1s, remaining = 1532.3s
step = 193, remaining = 107, times elasped = 2700.3s, estimated time : for one step = 14.1s, remaining = 1518.9s
step = 194, remaining = 106, times elasped = 2715.9s, estimated time : for one step = 14.1s, remaining = 1505.7s
step = 195, remaining = 105, times elasped = 2731.4s, estimated time : for one step = 14.1s, remaining = 1492.4s
step = 196, remaining = 104, times elasped = 2746.9s, estimated time : for one step = 14.1s, remaining = 1479.1s
step = 197, remaining = 103, times elasped = 2762.3s, estimated time : for one step = 14.1s, remaining = 1465.7s
step = 198, remaining = 102, times elasped = 2777.8s, estimated time : for one step = 14.1s, remaining = 1452.3s
step = 199, remaining = 101, times elasped = 2793s, estimated time : for one step = 14.1s, remaining = 1438.8s
step = 200, remaining = 100, times elasped = 2808.2s, estimated time : for one step = 14.1s, remaining = 1425.3s
step = 201, remaining = 99, times elasped = 2823.5s, estimated time : for one step = 14.1s, remaining = 1411.8s
step = 202, remaining = 98, times elasped = 2838.8s, estimated time : for one step = 14.1s, remaining = 1398.2s
step = 203, remaining = 97, times elasped = 2854.2s, estimated time : for one step = 14.1s, remaining = 1384.7s
step = 204, remaining = 96, times elasped = 2869.7s, estimated time : for one step = 14.1s, remaining = 1371.2s
step = 205, remaining = 95, times elasped = 2885.1s, estimated time : for one step = 14.1s, remaining = 1357.7s
step = 206, remaining = 94, times elasped = 2900.6s, estimated time : for one step = 14.1s, remaining = 1344.2s
step = 207, remaining = 93, times elasped = 2916s, estimated time : for one step = 14.2s, remaining = 1330.6s
step = 208, remaining = 92, times elasped = 2931.6s, estimated time : for one step = 14.2s, remaining = 1317.1s
step = 209, remaining = 91, times elasped = 2947s, estimated time : for one step = 14.2s, remaining = 1303.5s
step = 210, remaining = 90, times elasped = 2962.4s, estimated time : for one step = 14.2s, remaining = 1289.8s
step = 211, remaining = 89, times elasped = 2977.9s, estimated time : for one step = 14.2s, remaining = 1276.2s
step = 212, remaining = 88, times elasped = 2993.4s, estimated time : for one step = 14.2s, remaining = 1262.6s
step = 213, remaining = 87, times elasped = 3008.7s, estimated time : for one step = 14.2s, remaining = 1248.9s
step = 214, remaining = 86, times elasped = 3024.1s, estimated time : for one step = 14.2s, remaining = 1235.2s
step = 215, remaining = 85, times elasped = 3039.5s, estimated time : for one step = 14.2s, remaining = 1221.5s
step = 216, remaining = 84, times elasped = 3054.9s, estimated time : for one step = 14.2s, remaining = 1207.8s
step = 217, remaining = 83, times elasped = 3070.4s, estimated time : for one step = 14.2s, remaining = 1194s
step = 218, remaining = 82, times elasped = 3085.8s, estimated time : for one step = 14.2s, remaining = 1180.3s
step = 219, remaining = 81, times elasped = 3101.2s, estimated time : for one step = 14.2s, remaining = 1166.5s
step = 220, remaining = 80, times elasped = 3116.6s, estimated time : for one step = 14.2s, remaining = 1152.7s
step = 221, remaining = 79, times elasped = 3131.9s, estimated time : for one step = 14.2s, remaining = 1138.9s
step = 222, remaining = 78, times elasped = 3147.2s, estimated time : for one step = 14.2s, remaining = 1125s
step = 223, remaining = 77, times elasped = 3162.4s, estimated time : for one step = 14.2s, remaining = 1111.1s
step = 224, remaining = 76, times elasped = 3177.8s, estimated time : for one step = 14.3s, remaining = 1097.3s
step = 225, remaining = 75, times elasped = 3193.2s, estimated time : for one step = 14.3s, remaining = 1083.4s
step = 226, remaining = 74, times elasped = 3208.6s, estimated time : for one step = 14.3s, remaining = 1069.5s
step = 227, remaining = 73, times elasped = 3223.9s, estimated time : for one step = 14.3s, remaining = 1055.6s
step = 228, remaining = 72, times elasped = 3239.4s, estimated time : for one step = 14.3s, remaining = 1041.7s
step = 229, remaining = 71, times elasped = 3254.7s, estimated time : for one step = 14.3s, remaining = 1027.8s
step = 230, remaining = 70, times elasped = 3270.1s, estimated time : for one step = 14.3s, remaining = 1013.9s
step = 231, remaining = 69, times elasped = 3285.4s, estimated time : for one step = 14.3s, remaining = 999.9s
step = 232, remaining = 68, times elasped = 3300.8s, estimated time : for one step = 14.3s, remaining = 985.9s
step = 233, remaining = 67, times elasped = 3316.3s, estimated time : for one step = 14.3s, remaining = 972s
step = 234, remaining = 66, times elasped = 3331.8s, estimated time : for one step = 14.3s, remaining = 958.1s
step = 235, remaining = 65, times elasped = 3347.1s, estimated time : for one step = 14.3s, remaining = 944.1s
step = 236, remaining = 64, times elasped = 3362.5s, estimated time : for one step = 14.3s, remaining = 930.1s
step = 237, remaining = 63, times elasped = 3377.9s, estimated time : for one step = 14.3s, remaining = 916s
step = 238, remaining = 62, times elasped = 3393.4s, estimated time : for one step = 14.3s, remaining = 902s
step = 239, remaining = 61, times elasped = 3408.9s, estimated time : for one step = 14.3s, remaining = 888s
step = 240, remaining = 60, times elasped = 3424.4s, estimated time : for one step = 14.3s, remaining = 874s
step = 241, remaining = 59, times elasped = 3440s, estimated time : for one step = 14.3s, remaining = 860s
step = 242, remaining = 58, times elasped = 3455.5s, estimated time : for one step = 14.3s, remaining = 846s
step = 243, remaining = 57, times elasped = 3471s, estimated time : for one step = 14.3s, remaining = 831.9s
step = 244, remaining = 56, times elasped = 3486.4s, estimated time : for one step = 14.3s, remaining = 817.8s
step = 245, remaining = 55, times elasped = 3502s, estimated time : for one step = 14.4s, remaining = 803.7s
step = 246, remaining = 54, times elasped = 3517.4s, estimated time : for one step = 14.4s, remaining = 789.6s
step = 247, remaining = 53, times elasped = 3532.8s, estimated time : for one step = 14.4s, remaining = 775.5s
step = 248, remaining = 52, times elasped = 3548.2s, estimated time : for one step = 14.4s, remaining = 761.4s
step = 249, remaining = 51, times elasped = 3563.6s, estimated time : for one step = 14.4s, remaining = 747.2s
step = 250, remaining = 50, times elasped = 3579s, estimated time : for one step = 14.4s, remaining = 733s
step = 251, remaining = 49, times elasped = 3594.5s, estimated time : for one step = 14.4s, remaining = 718.9s
step = 252, remaining = 48, times elasped = 3610s, estimated time : for one step = 14.4s, remaining = 704.7s
step = 253, remaining = 47, times elasped = 3625.4s, estimated time : for one step = 14.4s, remaining = 690.6s
step = 254, remaining = 46, times elasped = 3640.9s, estimated time : for one step = 14.4s, remaining = 676.4s
step = 255, remaining = 45, times elasped = 3656.6s, estimated time : for one step = 14.4s, remaining = 662.2s
step = 256, remaining = 44, times elasped = 3672.2s, estimated time : for one step = 14.4s, remaining = 648s
step = 257, remaining = 43, times elasped = 3687.7s, estimated time : for one step = 14.4s, remaining = 633.8s
step = 258, remaining = 42, times elasped = 3703.2s, estimated time : for one step = 14.4s, remaining = 619.6s
step = 259, remaining = 41, times elasped = 3718.5s, estimated time : for one step = 14.4s, remaining = 605.3s
step = 260, remaining = 40, times elasped = 3733.8s, estimated time : for one step = 14.4s, remaining = 591.1s
step = 261, remaining = 39, times elasped = 3749.3s, estimated time : for one step = 14.4s, remaining = 576.8s
step = 262, remaining = 38, times elasped = 3764.9s, estimated time : for one step = 14.4s, remaining = 562.6s
step = 263, remaining = 37, times elasped = 3780.4s, estimated time : for one step = 14.4s, remaining = 548.3s
step = 264, remaining = 36, times elasped = 3795.9s, estimated time : for one step = 14.4s, remaining = 534s
step = 265, remaining = 35, times elasped = 3811.6s, estimated time : for one step = 14.4s, remaining = 519.8s
step = 266, remaining = 34, times elasped = 3827.1s, estimated time : for one step = 14.4s, remaining = 505.5s
step = 267, remaining = 33, times elasped = 3842.4s, estimated time : for one step = 14.4s, remaining = 491.1s
step = 268, remaining = 32, times elasped = 3857.9s, estimated time : for one step = 14.4s, remaining = 476.8s
step = 269, remaining = 31, times elasped = 3873.5s, estimated time : for one step = 14.5s, remaining = 462.5s
step = 270, remaining = 30, times elasped = 3889.1s, estimated time : for one step = 14.5s, remaining = 448.2s
step = 271, remaining = 29, times elasped = 3904.6s, estimated time : for one step = 14.5s, remaining = 433.8s
step = 272, remaining = 28, times elasped = 3920s, estimated time : for one step = 14.5s, remaining = 419.5s
step = 273, remaining = 27, times elasped = 3935.7s, estimated time : for one step = 14.5s, remaining = 405.1s
step = 274, remaining = 26, times elasped = 3951.2s, estimated time : for one step = 14.5s, remaining = 390.8s
step = 275, remaining = 25, times elasped = 3966.8s, estimated time : for one step = 14.5s, remaining = 376.4s
step = 276, remaining = 24, times elasped = 3982.3s, estimated time : for one step = 14.5s, remaining = 362s
step = 277, remaining = 23, times elasped = 3997.8s, estimated time : for one step = 14.5s, remaining = 347.6s
step = 278, remaining = 22, times elasped = 4013.3s, estimated time : for one step = 14.5s, remaining = 333.2s
step = 279, remaining = 21, times elasped = 4028.7s, estimated time : for one step = 14.5s, remaining = 318.8s
step = 280, remaining = 20, times elasped = 4044.1s, estimated time : for one step = 14.5s, remaining = 304.4s
step = 281, remaining = 19, times elasped = 4059.5s, estimated time : for one step = 14.5s, remaining = 290s
step = 282, remaining = 18, times elasped = 4075.2s, estimated time : for one step = 14.5s, remaining = 275.5s
step = 283, remaining = 17, times elasped = 4090.9s, estimated time : for one step = 14.5s, remaining = 261.1s
step = 284, remaining = 16, times elasped = 4106.5s, estimated time : for one step = 14.5s, remaining = 246.7s
step = 285, remaining = 15, times elasped = 4122.1s, estimated time : for one step = 14.5s, remaining = 232.2s
step = 286, remaining = 14, times elasped = 4137.7s, estimated time : for one step = 14.5s, remaining = 217.8s
step = 287, remaining = 13, times elasped = 4153.1s, estimated time : for one step = 14.5s, remaining = 203.3s
step = 288, remaining = 12, times elasped = 4168.6s, estimated time : for one step = 14.5s, remaining = 188.8s
step = 289, remaining = 11, times elasped = 4184.1s, estimated time : for one step = 14.5s, remaining = 174.3s
step = 290, remaining = 10, times elasped = 4199.6s, estimated time : for one step = 14.5s, remaining = 159.8s
step = 291, remaining = 9, times elasped = 4215s, estimated time : for one step = 14.5s, remaining = 145.3s
step = 292, remaining = 8, times elasped = 4230.6s, estimated time : for one step = 14.5s, remaining = 130.8s
step = 293, remaining = 7, times elasped = 4246.2s, estimated time : for one step = 14.5s, remaining = 116.3s
step = 294, remaining = 6, times elasped = 4261.7s, estimated time : for one step = 14.5s, remaining = 101.8s
step = 295, remaining = 5, times elasped = 4277.3s, estimated time : for one step = 14.5s, remaining = 87.3s
step = 296, remaining = 4, times elasped = 4292.9s, estimated time : for one step = 14.6s, remaining = 72.8s
step = 297, remaining = 3, times elasped = 4308.5s, estimated time : for one step = 14.6s, remaining = 58.2s
step = 298, remaining = 2, times elasped = 4324.1s, estimated time : for one step = 14.6s, remaining = 43.7s
step = 299, remaining = 1, times elasped = 4339.8s, estimated time : for one step = 14.6s, remaining = 29.1s
step = 300, remaining = 0, times elasped = 4355.3s, estimated time : for one step = 14.6s, remaining = 14.6s
--- SAEM ended ! ---
output file: JLS.knit.md


Output created: 2022_08_25_08_42_29.html
Il y a eu 50 avis ou plus (utilisez warnings() pour voir les 50 premiers)
