INFO : Large data should be stored in your work/ folder. 
 
Le chargement a nécessité le package : future
Le chargement a nécessité le package : furrr
Le chargement a nécessité le package : SAEM4JLS
Le chargement a nécessité le package : ggplot2
Le chargement a nécessité le package : gridExtra
Le chargement a nécessité le package : reshape2
INFO : Large data should be stored in your work/ folder. 
 
Le chargement a nécessité le package : future
Le chargement a nécessité le package : furrr
Le chargement a nécessité le package : SAEM4JLS
Le chargement a nécessité le package : ggplot2
Le chargement a nécessité le package : gridExtra
Le chargement a nécessité le package : reshape2
Le chargement a nécessité le package : dplyr

Attachement du package : ‘dplyr’

L'objet suivant est masqué depuis ‘package:gridExtra’:

    combine

Les objets suivants sont masqués depuis ‘package:stats’:

    filter, lag

Les objets suivants sont masqués depuis ‘package:base’:

    intersect, setdiff, setequal, union

Le chargement a nécessité le package : tidyr

Attachement du package : ‘tidyr’

L'objet suivant est masqué depuis ‘package:reshape2’:

    smiths

Le chargement a nécessité le package : purrr

Attachement du package : ‘SAEM4JLS’

L'objet suivant est masqué depuis ‘package:purrr’:

    as_function

L'objet suivant est masqué depuis ‘package:future’:

    run

INFO : Large data should be stored in your work/ folder. 
 
INFO : Large data should be stored in your work/ folder. 
 
INFO : Large data should be stored in your work/ folder. 
 
INFO : Large data should be stored in your work/ folder. 
 
INFO : Large data should be stored in your work/ folder. 
 
INFO : Large data should be stored in your work/ folder. 
 
INFO : Large data should be stored in your work/ folder. 
 
INFO : Large data should be stored in your work/ folder. 
 
INFO : Large data should be stored in your work/ folder. 
 
INFO : Large data should be stored in your work/ folder. 
 
INFO : Large data should be stored in your work/ folder. 
 
INFO : Large data should be stored in your work/ folder. 
 
INFO : Large data should be stored in your work/ folder. 
 
INFO : Large data should be stored in your work/ folder. 
 
INFO : Large data should be stored in your work/ folder. 
 
INFO : Large data should be stored in your work/ folder. 
 
INFO : Large data should be stored in your work/ folder. 
 
INFO : Large data should be stored in your work/ folder. 
 
INFO : Large data should be stored in your work/ folder. 
 
INFO : Large data should be stored in your work/ folder. 
 
--- SAEM started ! ---
step = 1, remaining = 199, times elasped = 0s, estimated time : for one step = NaNs, remaining = NaNs
Erreur dans gzfile(file, mode) : impossible d'ouvrir la connexion
Appels : future_map ... resolve.list -> signalConditionsASAP -> signalConditions
De plus : Il y a eu 50 avis ou plus (utilisez warnings() pour voir les 50 premiers)
Exécution arrêtée
INFO : Large data should be stored in your work/ folder. 
 
Le chargement a nécessité le package : future
Le chargement a nécessité le package : furrr
Le chargement a nécessité le package : SAEM4JLS
Le chargement a nécessité le package : ggplot2
Le chargement a nécessité le package : gridExtra
Le chargement a nécessité le package : reshape2
Le chargement a nécessité le package : dplyr

Attachement du package : ‘dplyr’

L'objet suivant est masqué depuis ‘package:gridExtra’:

    combine

Les objets suivants sont masqués depuis ‘package:stats’:

    filter, lag

Les objets suivants sont masqués depuis ‘package:base’:

    intersect, setdiff, setequal, union

Le chargement a nécessité le package : tidyr

Attachement du package : ‘tidyr’

L'objet suivant est masqué depuis ‘package:reshape2’:

    smiths

Le chargement a nécessité le package : purrr

Attachement du package : ‘SAEM4JLS’

L'objet suivant est masqué depuis ‘package:purrr’:

    as_function

L'objet suivant est masqué depuis ‘package:future’:

    run

/work_home/acaillebotte/SAEM4JLS
INFO : Large data should be stored in your work/ folder. 
 
INFO : Large data should be stored in your work/ folder. 
 
INFO : Large data should be stored in your work/ folder. 
 
INFO : Large data should be stored in your work/ folder. 
 
INFO : Large data should be stored in your work/ folder. 
 
INFO : Large data should be stored in your work/ folder. 
 
INFO : Large data should be stored in your work/ folder. 
 
INFO : Large data should be stored in your work/ folder. 
 
INFO : Large data should be stored in your work/ folder. 
 
INFO : Large data should be stored in your work/ folder. 
 
INFO : Large data should be stored in your work/ folder. 
 
INFO : Large data should be stored in your work/ folder. 
 
INFO : Large data should be stored in your work/ folder. 
 
INFO : Large data should be stored in your work/ folder. 
 
INFO : Large data should be stored in your work/ folder. 
 
INFO : Large data should be stored in your work/ folder. 
 
INFO : Large data should be stored in your work/ folder. 
 
INFO : Large data should be stored in your work/ folder. 
 
INFO : Large data should be stored in your work/ folder. 
 
INFO : Large data should be stored in your work/ folder. 
 
--- SAEM started ! ---
step = 1, remaining = 199, times elasped = 0s, estimated time : for one step = NaNs, remaining = NaNs
Erreur dans gzfile(file, mode) : impossible d'ouvrir la connexion
Appels : future_map ... resolve.list -> signalConditionsASAP -> signalConditions
De plus : Il y a eu 50 avis ou plus (utilisez warnings() pour voir les 50 premiers)
Exécution arrêtée
INFO : Large data should be stored in your work/ folder. 
 
Le chargement a nécessité le package : future
Le chargement a nécessité le package : furrr
Le chargement a nécessité le package : SAEM4JLS
Le chargement a nécessité le package : ggplot2
Le chargement a nécessité le package : gridExtra
Le chargement a nécessité le package : reshape2
Le chargement a nécessité le package : dplyr

Attachement du package : ‘dplyr’

L'objet suivant est masqué depuis ‘package:gridExtra’:

    combine

Les objets suivants sont masqués depuis ‘package:stats’:

    filter, lag

Les objets suivants sont masqués depuis ‘package:base’:

    intersect, setdiff, setequal, union

Le chargement a nécessité le package : tidyr

Attachement du package : ‘tidyr’

L'objet suivant est masqué depuis ‘package:reshape2’:

    smiths

Le chargement a nécessité le package : purrr

Attachement du package : ‘SAEM4JLS’

L'objet suivant est masqué depuis ‘package:purrr’:

    as_function

L'objet suivant est masqué depuis ‘package:future’:

    run

/work_home/acaillebotte/SAEM4JLS/work
INFO : Large data should be stored in your work/ folder. 
 
INFO : Large data should be stored in your work/ folder. 
 
INFO : Large data should be stored in your work/ folder. 
 
INFO : Large data should be stored in your work/ folder. 
 
INFO : Large data should be stored in your work/ folder. 
 
INFO : Large data should be stored in your work/ folder. 
 
INFO : Large data should be stored in your work/ folder. 
 
INFO : Large data should be stored in your work/ folder. 
 
INFO : Large data should be stored in your work/ folder. 
 
INFO : Large data should be stored in your work/ folder. 
 
INFO : Large data should be stored in your work/ folder. 
 
INFO : Large data should be stored in your work/ folder. 
 
INFO : Large data should be stored in your work/ folder. 
 
INFO : Large data should be stored in your work/ folder. 
 
INFO : Large data should be stored in your work/ folder. 
 
INFO : Large data should be stored in your work/ folder. 
 
INFO : Large data should be stored in your work/ folder. 
 
INFO : Large data should be stored in your work/ folder. 
 
INFO : Large data should be stored in your work/ folder. 
 
INFO : Large data should be stored in your work/ folder. 
 
INFO : Large data should be stored in your work/ folder. 
 
Le chargement a nécessité le package : future
Le chargement a nécessité le package : furrr
Le chargement a nécessité le package : SAEM4JLS
Le chargement a nécessité le package : ggplot2
Le chargement a nécessité le package : gridExtra
Le chargement a nécessité le package : reshape2
Le chargement a nécessité le package : dplyr

Attachement du package : ‘dplyr’

L'objet suivant est masqué depuis ‘package:gridExtra’:

    combine

Les objets suivants sont masqués depuis ‘package:stats’:

    filter, lag

Les objets suivants sont masqués depuis ‘package:base’:

    intersect, setdiff, setequal, union

Le chargement a nécessité le package : tidyr

Attachement du package : ‘tidyr’

L'objet suivant est masqué depuis ‘package:reshape2’:

    smiths

Le chargement a nécessité le package : purrr

Attachement du package : ‘SAEM4JLS’

L'objet suivant est masqué depuis ‘package:purrr’:

    as_function

L'objet suivant est masqué depuis ‘package:future’:

    run

/work_home/acaillebotte/SAEM4JLS/work
INFO : Large data should be stored in your work/ folder. 
 
INFO : Large data should be stored in your work/ folder. 
 
INFO : Large data should be stored in your work/ folder. 
 
INFO : Large data should be stored in your work/ folder. 
 
INFO : Large data should be stored in your work/ folder. 
 
INFO : Large data should be stored in your work/ folder. 
 
INFO : Large data should be stored in your work/ folder. 
 
INFO : Large data should be stored in your work/ folder. 
 
INFO : Large data should be stored in your work/ folder. 
 
INFO : Large data should be stored in your work/ folder. 
 
INFO : Large data should be stored in your work/ folder. 
 
INFO : Large data should be stored in your work/ folder. 
 
INFO : Large data should be stored in your work/ folder. 
 
INFO : Large data should be stored in your work/ folder. 
 
INFO : Large data should be stored in your work/ folder. 
 
INFO : Large data should be stored in your work/ folder. 
 
INFO : Large data should be stored in your work/ folder. 
 
INFO : Large data should be stored in your work/ folder. 
 
INFO : Large data should be stored in your work/ folder. 
 
INFO : Large data should be stored in your work/ folder. 
 
--- SAEM started ! ---
step = 1, remaining = 199, times elasped = 0s, estimated time : for one step = NaNs, remaining = NaNs
step = 2, remaining = 198, times elasped = 16.5s, estimated time : for one step = 16.5s, remaining = 3285.5s
step = 3, remaining = 197, times elasped = 32.4s, estimated time : for one step = 16.2s, remaining = 3204.6s
step = 4, remaining = 196, times elasped = 48.5s, estimated time : for one step = 16.2s, remaining = 3181.6s
step = 5, remaining = 195, times elasped = 64.6s, estimated time : for one step = 16.1s, remaining = 3162.9s
step = 6, remaining = 194, times elasped = 80.6s, estimated time : for one step = 16.1s, remaining = 3143.4s
step = 7, remaining = 193, times elasped = 96.8s, estimated time : for one step = 16.1s, remaining = 3130.5s
step = 8, remaining = 192, times elasped = 113.1s, estimated time : for one step = 16.2s, remaining = 3119.2s
step = 9, remaining = 191, times elasped = 129.7s, estimated time : for one step = 16.2s, remaining = 3112.6s
step = 10, remaining = 190, times elasped = 146.6s, estimated time : for one step = 16.3s, remaining = 3111.8s
step = 11, remaining = 189, times elasped = 164.3s, estimated time : for one step = 16.4s, remaining = 3122.3s
step = 12, remaining = 188, times elasped = 182.7s, estimated time : for one step = 16.6s, remaining = 3138.8s
step = 13, remaining = 187, times elasped = 200.8s, estimated time : for one step = 16.7s, remaining = 3145.6s
step = 14, remaining = 186, times elasped = 219.9s, estimated time : for one step = 16.9s, remaining = 3163.2s
step = 15, remaining = 185, times elasped = 238.8s, estimated time : for one step = 17.1s, remaining = 3172.5s
step = 16, remaining = 184, times elasped = 256.9s, estimated time : for one step = 17.1s, remaining = 3167.9s
step = 17, remaining = 183, times elasped = 274.7s, estimated time : for one step = 17.2s, remaining = 3159.5s
step = 18, remaining = 182, times elasped = 292.6s, estimated time : for one step = 17.2s, remaining = 3149.2s
step = 19, remaining = 181, times elasped = 310.2s, estimated time : for one step = 17.2s, remaining = 3136.7s
step = 20, remaining = 180, times elasped = 327.9s, estimated time : for one step = 17.3s, remaining = 3123.2s
step = 21, remaining = 179, times elasped = 345.5s, estimated time : for one step = 17.3s, remaining = 3109.6s
step = 22, remaining = 178, times elasped = 362.9s, estimated time : for one step = 17.3s, remaining = 3093.4s
step = 23, remaining = 177, times elasped = 380.8s, estimated time : for one step = 17.3s, remaining = 3080.7s
step = 24, remaining = 176, times elasped = 398.3s, estimated time : for one step = 17.3s, remaining = 3065.3s
step = 25, remaining = 175, times elasped = 415.9s, estimated time : for one step = 17.3s, remaining = 3049.9s
step = 26, remaining = 174, times elasped = 433.1s, estimated time : for one step = 17.3s, remaining = 3031.8s
step = 27, remaining = 173, times elasped = 450.9s, estimated time : for one step = 17.3s, remaining = 3017.5s
step = 28, remaining = 172, times elasped = 468.8s, estimated time : for one step = 17.4s, remaining = 3003.8s
step = 29, remaining = 171, times elasped = 486.5s, estimated time : for one step = 17.4s, remaining = 2988.3s
step = 30, remaining = 170, times elasped = 504.1s, estimated time : for one step = 17.4s, remaining = 2972.3s
step = 31, remaining = 169, times elasped = 521.9s, estimated time : for one step = 17.4s, remaining = 2957.2s
step = 32, remaining = 168, times elasped = 539.9s, estimated time : for one step = 17.4s, remaining = 2943.5s
step = 33, remaining = 167, times elasped = 558s, estimated time : for one step = 17.4s, remaining = 2929.2s
step = 34, remaining = 166, times elasped = 576s, estimated time : for one step = 17.5s, remaining = 2914.7s
step = 35, remaining = 165, times elasped = 593.8s, estimated time : for one step = 17.5s, remaining = 2899s
step = 36, remaining = 164, times elasped = 611.8s, estimated time : for one step = 17.5s, remaining = 2884.2s
step = 37, remaining = 163, times elasped = 629.9s, estimated time : for one step = 17.5s, remaining = 2869.5s
step = 38, remaining = 162, times elasped = 648s, estimated time : for one step = 17.5s, remaining = 2854.7s
step = 39, remaining = 161, times elasped = 665.6s, estimated time : for one step = 17.5s, remaining = 2837.4s
step = 40, remaining = 160, times elasped = 683.7s, estimated time : for one step = 17.5s, remaining = 2822.5s
step = 41, remaining = 159, times elasped = 701.9s, estimated time : for one step = 17.5s, remaining = 2807.4s
step = 42, remaining = 158, times elasped = 719.8s, estimated time : for one step = 17.6s, remaining = 2791.4s
step = 43, remaining = 157, times elasped = 737.6s, estimated time : for one step = 17.6s, remaining = 2774.7s
step = 44, remaining = 156, times elasped = 754.8s, estimated time : for one step = 17.6s, remaining = 2755.9s
step = 45, remaining = 155, times elasped = 772.4s, estimated time : for one step = 17.6s, remaining = 2738.3s
step = 46, remaining = 154, times elasped = 790.5s, estimated time : for one step = 17.6s, remaining = 2723s
step = 47, remaining = 153, times elasped = 807.9s, estimated time : for one step = 17.6s, remaining = 2704.7s
step = 48, remaining = 152, times elasped = 826s, estimated time : for one step = 17.6s, remaining = 2688.7s
step = 49, remaining = 151, times elasped = 843.7s, estimated time : for one step = 17.6s, remaining = 2671.8s
step = 50, remaining = 150, times elasped = 861.6s, estimated time : for one step = 17.6s, remaining = 2655.2s
step = 51, remaining = 149, times elasped = 879.6s, estimated time : for one step = 17.6s, remaining = 2638.8s
step = 52, remaining = 148, times elasped = 898.1s, estimated time : for one step = 17.6s, remaining = 2624s
step = 53, remaining = 147, times elasped = 915.5s, estimated time : for one step = 17.6s, remaining = 2605.7s
step = 54, remaining = 146, times elasped = 933.6s, estimated time : for one step = 17.6s, remaining = 2589.5s
step = 55, remaining = 145, times elasped = 951.9s, estimated time : for one step = 17.6s, remaining = 2573.7s
step = 56, remaining = 144, times elasped = 970s, estimated time : for one step = 17.6s, remaining = 2557.3s
step = 57, remaining = 143, times elasped = 988.5s, estimated time : for one step = 17.7s, remaining = 2541.8s
step = 58, remaining = 142, times elasped = 1007s, estimated time : for one step = 17.7s, remaining = 2526.3s
step = 59, remaining = 141, times elasped = 1024.8s, estimated time : for one step = 17.7s, remaining = 2509.1s
step = 60, remaining = 140, times elasped = 1043.6s, estimated time : for one step = 17.7s, remaining = 2493.9s
step = 61, remaining = 139, times elasped = 1061.2s, estimated time : for one step = 17.7s, remaining = 2476.2s
step = 62, remaining = 138, times elasped = 1080s, estimated time : for one step = 17.7s, remaining = 2460.9s
step = 63, remaining = 137, times elasped = 1098s, estimated time : for one step = 17.7s, remaining = 2443.9s
step = 64, remaining = 136, times elasped = 1116.6s, estimated time : for one step = 17.7s, remaining = 2428.2s
step = 65, remaining = 135, times elasped = 1134.5s, estimated time : for one step = 17.7s, remaining = 2410.8s
step = 66, remaining = 134, times elasped = 1153.3s, estimated time : for one step = 17.7s, remaining = 2395.2s
step = 67, remaining = 133, times elasped = 1171.3s, estimated time : for one step = 17.7s, remaining = 2378.2s
step = 68, remaining = 132, times elasped = 1190s, estimated time : for one step = 17.8s, remaining = 2362.3s
step = 69, remaining = 131, times elasped = 1208s, estimated time : for one step = 17.8s, remaining = 2345s
step = 70, remaining = 130, times elasped = 1226.6s, estimated time : for one step = 17.8s, remaining = 2328.8s
step = 71, remaining = 129, times elasped = 1244.6s, estimated time : for one step = 17.8s, remaining = 2311.3s
step = 72, remaining = 128, times elasped = 1263.8s, estimated time : for one step = 17.8s, remaining = 2296.3s
step = 73, remaining = 127, times elasped = 1282.6s, estimated time : for one step = 17.8s, remaining = 2280.2s
step = 74, remaining = 126, times elasped = 1300.5s, estimated time : for one step = 17.8s, remaining = 2262.4s
step = 75, remaining = 125, times elasped = 1319.3s, estimated time : for one step = 17.8s, remaining = 2246.3s
step = 76, remaining = 124, times elasped = 1338.3s, estimated time : for one step = 17.8s, remaining = 2230.5s
step = 77, remaining = 123, times elasped = 1357.6s, estimated time : for one step = 17.9s, remaining = 2215s
step = 78, remaining = 122, times elasped = 1375.8s, estimated time : for one step = 17.9s, remaining = 2197.7s
step = 79, remaining = 121, times elasped = 1394.3s, estimated time : for one step = 17.9s, remaining = 2180.8s
step = 80, remaining = 120, times elasped = 1413.2s, estimated time : for one step = 17.9s, remaining = 2164.5s
step = 81, remaining = 119, times elasped = 1431.2s, estimated time : for one step = 17.9s, remaining = 2146.8s
step = 82, remaining = 118, times elasped = 1450.1s, estimated time : for one step = 17.9s, remaining = 2130.4s
step = 83, remaining = 117, times elasped = 1468.2s, estimated time : for one step = 17.9s, remaining = 2112.7s
step = 84, remaining = 116, times elasped = 1487.8s, estimated time : for one step = 17.9s, remaining = 2097.3s
step = 85, remaining = 115, times elasped = 1506.3s, estimated time : for one step = 17.9s, remaining = 2080.2s
step = 86, remaining = 114, times elasped = 1524.6s, estimated time : for one step = 17.9s, remaining = 2062.7s
step = 87, remaining = 113, times elasped = 1543.5s, estimated time : for one step = 17.9s, remaining = 2046s
step = 88, remaining = 112, times elasped = 1561.6s, estimated time : for one step = 17.9s, remaining = 2028.3s
step = 89, remaining = 111, times elasped = 1580.5s, estimated time : for one step = 18s, remaining = 2011.6s
step = 90, remaining = 110, times elasped = 1598.6s, estimated time : for one step = 18s, remaining = 1993.7s
step = 91, remaining = 109, times elasped = 1617.3s, estimated time : for one step = 18s, remaining = 1976.8s
step = 92, remaining = 108, times elasped = 1635.4s, estimated time : for one step = 18s, remaining = 1958.9s
step = 93, remaining = 107, times elasped = 1654.3s, estimated time : for one step = 18s, remaining = 1942s
step = 94, remaining = 106, times elasped = 1672.4s, estimated time : for one step = 18s, remaining = 1924.1s
step = 95, remaining = 105, times elasped = 1691.3s, estimated time : for one step = 18s, remaining = 1907.2s
step = 96, remaining = 104, times elasped = 1709.4s, estimated time : for one step = 18s, remaining = 1889.3s
step = 97, remaining = 103, times elasped = 1728.3s, estimated time : for one step = 18s, remaining = 1872.3s
step = 98, remaining = 102, times elasped = 1746.9s, estimated time : for one step = 18s, remaining = 1854.9s
step = 99, remaining = 101, times elasped = 1766s, estimated time : for one step = 18s, remaining = 1838.1s
step = 100, remaining = 100, times elasped = 1785.2s, estimated time : for one step = 18s, remaining = 1821.3s
step = 101, remaining = 99, times elasped = 1803.5s, estimated time : for one step = 18s, remaining = 1803.5s
step = 102, remaining = 98, times elasped = 1822.8s, estimated time : for one step = 18s, remaining = 1786.7s
step = 103, remaining = 97, times elasped = 1841.2s, estimated time : for one step = 18.1s, remaining = 1769s
step = 104, remaining = 96, times elasped = 1859.9s, estimated time : for one step = 18.1s, remaining = 1751.6s
step = 105, remaining = 95, times elasped = 1879.6s, estimated time : for one step = 18.1s, remaining = 1735s
step = 106, remaining = 94, times elasped = 1897.9s, estimated time : for one step = 18.1s, remaining = 1717.2s
step = 107, remaining = 93, times elasped = 1916.2s, estimated time : for one step = 18.1s, remaining = 1699.3s
step = 108, remaining = 92, times elasped = 1935.3s, estimated time : for one step = 18.1s, remaining = 1682.1s
step = 109, remaining = 91, times elasped = 1953.4s, estimated time : for one step = 18.1s, remaining = 1664s
step = 110, remaining = 90, times elasped = 1971.3s, estimated time : for one step = 18.1s, remaining = 1645.8s
step = 111, remaining = 89, times elasped = 1990.3s, estimated time : for one step = 18.1s, remaining = 1628.5s
step = 112, remaining = 88, times elasped = 2008.5s, estimated time : for one step = 18.1s, remaining = 1610.4s
step = 113, remaining = 87, times elasped = 2027.8s, estimated time : for one step = 18.1s, remaining = 1593.3s
step = 114, remaining = 86, times elasped = 2045.7s, estimated time : for one step = 18.1s, remaining = 1575s
step = 115, remaining = 85, times elasped = 2063.6s, estimated time : for one step = 18.1s, remaining = 1556.8s
step = 116, remaining = 84, times elasped = 2083.2s, estimated time : for one step = 18.1s, remaining = 1539.8s
step = 117, remaining = 83, times elasped = 2101.7s, estimated time : for one step = 18.1s, remaining = 1521.9s
step = 118, remaining = 82, times elasped = 2121.1s, estimated time : for one step = 18.1s, remaining = 1504.7s
step = 119, remaining = 81, times elasped = 2139.1s, estimated time : for one step = 18.1s, remaining = 1486.5s
step = 120, remaining = 80, times elasped = 2157.2s, estimated time : for one step = 18.1s, remaining = 1468.3s
step = 121, remaining = 79, times elasped = 2176.7s, estimated time : for one step = 18.1s, remaining = 1451.2s
step = 122, remaining = 78, times elasped = 2195.3s, estimated time : for one step = 18.1s, remaining = 1433.3s
step = 123, remaining = 77, times elasped = 2214.7s, estimated time : for one step = 18.2s, remaining = 1415.9s
step = 124, remaining = 76, times elasped = 2232.8s, estimated time : for one step = 18.2s, remaining = 1397.8s
step = 125, remaining = 75, times elasped = 2252.3s, estimated time : for one step = 18.2s, remaining = 1380.5s
step = 126, remaining = 74, times elasped = 2270.7s, estimated time : for one step = 18.2s, remaining = 1362.4s
step = 127, remaining = 73, times elasped = 2288.9s, estimated time : for one step = 18.2s, remaining = 1344.3s
step = 128, remaining = 72, times elasped = 2308.2s, estimated time : for one step = 18.2s, remaining = 1326.8s
step = 129, remaining = 71, times elasped = 2326.6s, estimated time : for one step = 18.2s, remaining = 1308.7s
step = 130, remaining = 70, times elasped = 2346.3s, estimated time : for one step = 18.2s, remaining = 1291.4s
step = 131, remaining = 69, times elasped = 2364.4s, estimated time : for one step = 18.2s, remaining = 1273.2s
step = 132, remaining = 68, times elasped = 2384.4s, estimated time : for one step = 18.2s, remaining = 1255.9s
step = 133, remaining = 67, times elasped = 2403.3s, estimated time : for one step = 18.2s, remaining = 1238.1s
step = 134, remaining = 66, times elasped = 2423.2s, estimated time : for one step = 18.2s, remaining = 1220.7s
step = 135, remaining = 65, times elasped = 2442.3s, estimated time : for one step = 18.2s, remaining = 1202.9s
step = 136, remaining = 64, times elasped = 2461.1s, estimated time : for one step = 18.2s, remaining = 1185s
step = 137, remaining = 63, times elasped = 2481.2s, estimated time : for one step = 18.2s, remaining = 1167.6s
step = 138, remaining = 62, times elasped = 2499s, estimated time : for one step = 18.2s, remaining = 1149.2s
step = 139, remaining = 61, times elasped = 2516.8s, estimated time : for one step = 18.2s, remaining = 1130.7s
step = 140, remaining = 60, times elasped = 2537.4s, estimated time : for one step = 18.3s, remaining = 1113.5s
step = 141, remaining = 59, times elasped = 2555.4s, estimated time : for one step = 18.3s, remaining = 1095.2s
step = 142, remaining = 58, times elasped = 2573.3s, estimated time : for one step = 18.3s, remaining = 1076.8s
step = 143, remaining = 57, times elasped = 2592s, estimated time : for one step = 18.3s, remaining = 1058.7s
step = 144, remaining = 56, times elasped = 2612.3s, estimated time : for one step = 18.3s, remaining = 1041.3s
step = 145, remaining = 55, times elasped = 2631.2s, estimated time : for one step = 18.3s, remaining = 1023.3s
step = 146, remaining = 54, times elasped = 2649.5s, estimated time : for one step = 18.3s, remaining = 1005s
step = 147, remaining = 53, times elasped = 2668.9s, estimated time : for one step = 18.3s, remaining = 987.1s
step = 148, remaining = 52, times elasped = 2687s, estimated time : for one step = 18.3s, remaining = 968.8s
step = 149, remaining = 51, times elasped = 2705.3s, estimated time : for one step = 18.3s, remaining = 950.5s
step = 150, remaining = 50, times elasped = 2725.8s, estimated time : for one step = 18.3s, remaining = 933s
step = 151, remaining = 49, times elasped = 2744s, estimated time : for one step = 18.3s, remaining = 914.7s
step = 152, remaining = 48, times elasped = 2762s, estimated time : for one step = 18.3s, remaining = 896.3s
step = 153, remaining = 47, times elasped = 2781.6s, estimated time : for one step = 18.3s, remaining = 878.4s
step = 154, remaining = 46, times elasped = 2799.6s, estimated time : for one step = 18.3s, remaining = 860s
step = 155, remaining = 45, times elasped = 2817.8s, estimated time : for one step = 18.3s, remaining = 841.7s
step = 156, remaining = 44, times elasped = 2837.1s, estimated time : for one step = 18.3s, remaining = 823.7s
step = 157, remaining = 43, times elasped = 2854.9s, estimated time : for one step = 18.3s, remaining = 805.2s
step = 158, remaining = 42, times elasped = 2873s, estimated time : for one step = 18.3s, remaining = 786.9s
step = 159, remaining = 41, times elasped = 2892.3s, estimated time : for one step = 18.3s, remaining = 768.8s
step = 160, remaining = 40, times elasped = 2910.3s, estimated time : for one step = 18.3s, remaining = 750.4s
step = 161, remaining = 39, times elasped = 2930.6s, estimated time : for one step = 18.3s, remaining = 732.6s
step = 162, remaining = 38, times elasped = 2948.8s, estimated time : for one step = 18.3s, remaining = 714.3s
step = 163, remaining = 37, times elasped = 2967.1s, estimated time : for one step = 18.3s, remaining = 696s
step = 164, remaining = 36, times elasped = 2986.7s, estimated time : for one step = 18.3s, remaining = 678s
step = 165, remaining = 35, times elasped = 3006s, estimated time : for one step = 18.3s, remaining = 659.9s
step = 166, remaining = 34, times elasped = 3026.9s, estimated time : for one step = 18.3s, remaining = 642.1s
step = 167, remaining = 33, times elasped = 3045.3s, estimated time : for one step = 18.3s, remaining = 623.7s
step = 168, remaining = 32, times elasped = 3065.2s, estimated time : for one step = 18.4s, remaining = 605.7s
step = 169, remaining = 31, times elasped = 3084s, estimated time : for one step = 18.4s, remaining = 587.4s
step = 170, remaining = 30, times elasped = 3104.7s, estimated time : for one step = 18.4s, remaining = 569.5s
step = 171, remaining = 29, times elasped = 3122.9s, estimated time : for one step = 18.4s, remaining = 551.1s
step = 172, remaining = 28, times elasped = 3141.4s, estimated time : for one step = 18.4s, remaining = 532.8s
step = 173, remaining = 27, times elasped = 3160.8s, estimated time : for one step = 18.4s, remaining = 514.6s
step = 174, remaining = 26, times elasped = 3179.8s, estimated time : for one step = 18.4s, remaining = 496.3s
step = 175, remaining = 25, times elasped = 3200.8s, estimated time : for one step = 18.4s, remaining = 478.3s
step = 176, remaining = 24, times elasped = 3219.3s, estimated time : for one step = 18.4s, remaining = 459.9s
step = 177, remaining = 23, times elasped = 3237.3s, estimated time : for one step = 18.4s, remaining = 441.4s
step = 178, remaining = 22, times elasped = 3257.4s, estimated time : for one step = 18.4s, remaining = 423.3s
step = 179, remaining = 21, times elasped = 3275.3s, estimated time : for one step = 18.4s, remaining = 404.8s
step = 180, remaining = 20, times elasped = 3293.3s, estimated time : for one step = 18.4s, remaining = 386.4s
step = 181, remaining = 19, times elasped = 3311.1s, estimated time : for one step = 18.4s, remaining = 367.9s
step = 182, remaining = 18, times elasped = 3331.2s, estimated time : for one step = 18.4s, remaining = 349.7s
step = 183, remaining = 17, times elasped = 3349.3s, estimated time : for one step = 18.4s, remaining = 331.2s
step = 184, remaining = 16, times elasped = 3367.2s, estimated time : for one step = 18.4s, remaining = 312.8s
step = 185, remaining = 15, times elasped = 3385.5s, estimated time : for one step = 18.4s, remaining = 294.4s
step = 186, remaining = 14, times elasped = 3405.3s, estimated time : for one step = 18.4s, remaining = 276.1s
step = 187, remaining = 13, times elasped = 3423.8s, estimated time : for one step = 18.4s, remaining = 257.7s
step = 188, remaining = 12, times elasped = 3442.8s, estimated time : for one step = 18.4s, remaining = 239.3s
step = 189, remaining = 11, times elasped = 3461.1s, estimated time : for one step = 18.4s, remaining = 220.9s
step = 190, remaining = 10, times elasped = 3482s, estimated time : for one step = 18.4s, remaining = 202.7s
step = 191, remaining = 9, times elasped = 3500.7s, estimated time : for one step = 18.4s, remaining = 184.2s
step = 192, remaining = 8, times elasped = 3519s, estimated time : for one step = 18.4s, remaining = 165.8s
step = 193, remaining = 7, times elasped = 3539.8s, estimated time : for one step = 18.4s, remaining = 147.5s
step = 194, remaining = 6, times elasped = 3558.4s, estimated time : for one step = 18.4s, remaining = 129.1s
step = 195, remaining = 5, times elasped = 3576.6s, estimated time : for one step = 18.4s, remaining = 110.6s
step = 196, remaining = 4, times elasped = 3597.8s, estimated time : for one step = 18.5s, remaining = 92.3s
step = 197, remaining = 3, times elasped = 3616.5s, estimated time : for one step = 18.5s, remaining = 73.8s
step = 198, remaining = 2, times elasped = 3634.6s, estimated time : for one step = 18.4s, remaining = 55.3s
step = 199, remaining = 1, times elasped = 3653s, estimated time : for one step = 18.4s, remaining = 36.9s
step = 200, remaining = 0, times elasped = 3672.9s, estimated time : for one step = 18.5s, remaining = 18.5s
--- SAEM ended ! ---
Il y a eu 50 avis ou plus (utilisez warnings() pour voir les 50 premiers)
