INFO : Large data should be stored in your work/ folder. 
 


processing file: Longitudinal_nonlinear_mixed_model_SAEM.Rmd
number of cores available = 2
--- SAEM started ! ---
SAEM step = 1, remaining = 299, times elasped = 0s, estimated time for one step = NaNs, estimated time remaining = NaNs
SAEM step = 2, remaining = 298, times elasped = 1.4s, estimated time for one step = 1.4s, estimated time remaining = 412.6s
SAEM step = 3, remaining = 297, times elasped = 2.7s, estimated time for one step = 1.4s, estimated time remaining = 408.3s
SAEM step = 4, remaining = 296, times elasped = 4.2s, estimated time for one step = 1.4s, estimated time remaining = 414.8s
SAEM step = 5, remaining = 295, times elasped = 5.5s, estimated time for one step = 1.4s, estimated time remaining = 408.5s
SAEM step = 6, remaining = 294, times elasped = 6.8s, estimated time for one step = 1.4s, estimated time remaining = 403.6s
SAEM step = 7, remaining = 293, times elasped = 8.2s, estimated time for one step = 1.4s, estimated time remaining = 401.3s
SAEM step = 8, remaining = 292, times elasped = 9.5s, estimated time for one step = 1.4s, estimated time remaining = 398.5s
SAEM step = 9, remaining = 291, times elasped = 10.9s, estimated time for one step = 1.4s, estimated time remaining = 398.2s
SAEM step = 10, remaining = 290, times elasped = 12.2s, estimated time for one step = 1.4s, estimated time remaining = 395.8s
SAEM step = 11, remaining = 289, times elasped = 13.6s, estimated time for one step = 1.4s, estimated time remaining = 393.2s
SAEM step = 12, remaining = 288, times elasped = 14.9s, estimated time for one step = 1.4s, estimated time remaining = 390.9s
SAEM step = 13, remaining = 287, times elasped = 16.2s, estimated time for one step = 1.4s, estimated time remaining = 390s
SAEM step = 14, remaining = 286, times elasped = 17.5s, estimated time for one step = 1.3s, estimated time remaining = 386.6s
SAEM step = 15, remaining = 285, times elasped = 18.7s, estimated time for one step = 1.3s, estimated time remaining = 381.2s
SAEM step = 16, remaining = 284, times elasped = 19.8s, estimated time for one step = 1.3s, estimated time remaining = 376.6s
SAEM step = 17, remaining = 283, times elasped = 21.1s, estimated time for one step = 1.3s, estimated time remaining = 373.8s
SAEM step = 18, remaining = 282, times elasped = 22.2s, estimated time for one step = 1.3s, estimated time remaining = 369.9s
SAEM step = 19, remaining = 281, times elasped = 23.4s, estimated time for one step = 1.3s, estimated time remaining = 366.6s
SAEM step = 20, remaining = 280, times elasped = 24.6s, estimated time for one step = 1.3s, estimated time remaining = 363.2s
SAEM step = 21, remaining = 279, times elasped = 25.7s, estimated time for one step = 1.3s, estimated time remaining = 360.1s
SAEM step = 22, remaining = 278, times elasped = 27s, estimated time for one step = 1.3s, estimated time remaining = 358.2s
SAEM step = 23, remaining = 277, times elasped = 28.1s, estimated time for one step = 1.3s, estimated time remaining = 355.2s
SAEM step = 24, remaining = 276, times elasped = 29.3s, estimated time for one step = 1.3s, estimated time remaining = 352.5s
SAEM step = 25, remaining = 275, times elasped = 30.4s, estimated time for one step = 1.3s, estimated time remaining = 349.9s
SAEM step = 26, remaining = 274, times elasped = 31.6s, estimated time for one step = 1.3s, estimated time remaining = 347.8s
SAEM step = 27, remaining = 273, times elasped = 32.9s, estimated time for one step = 1.3s, estimated time remaining = 346.4s
SAEM step = 28, remaining = 272, times elasped = 34s, estimated time for one step = 1.3s, estimated time remaining = 344s
SAEM step = 29, remaining = 271, times elasped = 35.2s, estimated time for one step = 1.3s, estimated time remaining = 341.7s
SAEM step = 30, remaining = 270, times elasped = 36.3s, estimated time for one step = 1.3s, estimated time remaining = 339.5s
SAEM step = 31, remaining = 269, times elasped = 37.5s, estimated time for one step = 1.2s, estimated time remaining = 337.4s
SAEM step = 32, remaining = 268, times elasped = 38.7s, estimated time for one step = 1.2s, estimated time remaining = 336s
SAEM step = 33, remaining = 267, times elasped = 39.9s, estimated time for one step = 1.2s, estimated time remaining = 334s
SAEM step = 34, remaining = 266, times elasped = 41s, estimated time for one step = 1.2s, estimated time remaining = 332.1s
SAEM step = 35, remaining = 265, times elasped = 42.2s, estimated time for one step = 1.2s, estimated time remaining = 330.5s
SAEM step = 36, remaining = 264, times elasped = 43.4s, estimated time for one step = 1.2s, estimated time remaining = 328.6s
SAEM step = 37, remaining = 263, times elasped = 44.6s, estimated time for one step = 1.2s, estimated time remaining = 327.4s
SAEM step = 38, remaining = 262, times elasped = 45.8s, estimated time for one step = 1.2s, estimated time remaining = 325.6s
SAEM step = 39, remaining = 261, times elasped = 47s, estimated time for one step = 1.2s, estimated time remaining = 323.8s
SAEM step = 40, remaining = 260, times elasped = 48.1s, estimated time for one step = 1.2s, estimated time remaining = 322s
SAEM step = 41, remaining = 259, times elasped = 49.4s, estimated time for one step = 1.2s, estimated time remaining = 320.8s
SAEM step = 42, remaining = 258, times elasped = 50.5s, estimated time for one step = 1.2s, estimated time remaining = 319.1s
SAEM step = 43, remaining = 257, times elasped = 51.7s, estimated time for one step = 1.2s, estimated time remaining = 317.4s
SAEM step = 44, remaining = 256, times elasped = 52.8s, estimated time for one step = 1.2s, estimated time remaining = 315.8s
INFO : Large data should be stored in your work/ folder. 
 


processing file: Longitudinal_nonlinear_mixed_model_SAEM.Rmd
number of cores available = 2
--- SAEM started ! ---
SAEM step = 1, remaining = 299, times elasped = 0s, estimated time for one step = NaNs, estimated time remaining = NaNs
SAEM step = 2, remaining = 298, times elasped = 1.8s, estimated time for one step = 1.8s, estimated time remaining = 523.2s
SAEM step = 3, remaining = 297, times elasped = 3.6s, estimated time for one step = 1.8s, estimated time remaining = 530.4s
SAEM step = 4, remaining = 296, times elasped = 5.4s, estimated time for one step = 1.8s, estimated time remaining = 530.6s
SAEM step = 5, remaining = 295, times elasped = 6.8s, estimated time for one step = 1.7s, estimated time remaining = 503.2s
SAEM step = 6, remaining = 294, times elasped = 8.3s, estimated time for one step = 1.7s, estimated time remaining = 487.9s
SAEM step = 7, remaining = 293, times elasped = 9.7s, estimated time for one step = 1.6s, estimated time remaining = 476.8s
SAEM step = 8, remaining = 292, times elasped = 11.3s, estimated time for one step = 1.6s, estimated time remaining = 471.3s
SAEM step = 9, remaining = 291, times elasped = 12.7s, estimated time for one step = 1.6s, estimated time remaining = 464.6s
SAEM step = 10, remaining = 290, times elasped = 14.2s, estimated time for one step = 1.6s, estimated time remaining = 458.2s
SAEM step = 11, remaining = 289, times elasped = 15.6s, estimated time for one step = 1.6s, estimated time remaining = 452.1s
SAEM step = 12, remaining = 288, times elasped = 17.1s, estimated time for one step = 1.6s, estimated time remaining = 448.7s
SAEM step = 13, remaining = 287, times elasped = 18.6s, estimated time for one step = 1.6s, estimated time remaining = 447.1s
SAEM step = 14, remaining = 286, times elasped = 20.1s, estimated time for one step = 1.5s, estimated time remaining = 444s
SAEM step = 15, remaining = 285, times elasped = 21.6s, estimated time for one step = 1.5s, estimated time remaining = 441.3s
SAEM step = 16, remaining = 284, times elasped = 23.1s, estimated time for one step = 1.5s, estimated time remaining = 439.3s
SAEM step = 17, remaining = 283, times elasped = 24.7s, estimated time for one step = 1.5s, estimated time remaining = 438.1s
SAEM step = 18, remaining = 282, times elasped = 26.1s, estimated time for one step = 1.5s, estimated time remaining = 435.3s
SAEM step = 19, remaining = 281, times elasped = 27.6s, estimated time for one step = 1.5s, estimated time remaining = 432.9s
SAEM step = 20, remaining = 280, times elasped = 29.1s, estimated time for one step = 1.5s, estimated time remaining = 430.5s
SAEM step = 21, remaining = 279, times elasped = 30.6s, estimated time for one step = 1.5s, estimated time remaining = 428.3s
SAEM step = 22, remaining = 278, times elasped = 32.2s, estimated time for one step = 1.5s, estimated time remaining = 427.4s
SAEM step = 23, remaining = 277, times elasped = 33.6s, estimated time for one step = 1.5s, estimated time remaining = 425.1s
SAEM step = 24, remaining = 276, times elasped = 35.1s, estimated time for one step = 1.5s, estimated time remaining = 423s
SAEM step = 25, remaining = 275, times elasped = 36.6s, estimated time for one step = 1.5s, estimated time remaining = 421s
SAEM step = 26, remaining = 274, times elasped = 38.1s, estimated time for one step = 1.5s, estimated time remaining = 419.7s
SAEM step = 27, remaining = 273, times elasped = 39.6s, estimated time for one step = 1.5s, estimated time remaining = 417.3s
SAEM step = 28, remaining = 272, times elasped = 41s, estimated time for one step = 1.5s, estimated time remaining = 415s
SAEM step = 29, remaining = 271, times elasped = 42.5s, estimated time for one step = 1.5s, estimated time remaining = 413.1s
SAEM step = 30, remaining = 270, times elasped = 44.1s, estimated time for one step = 1.5s, estimated time remaining = 411.7s
SAEM step = 31, remaining = 269, times elasped = 45.5s, estimated time for one step = 1.5s, estimated time remaining = 409.3s
SAEM step = 32, remaining = 268, times elasped = 46.9s, estimated time for one step = 1.5s, estimated time remaining = 407.1s
SAEM step = 33, remaining = 267, times elasped = 48.4s, estimated time for one step = 1.5s, estimated time remaining = 404.9s
SAEM step = 34, remaining = 266, times elasped = 49.8s, estimated time for one step = 1.5s, estimated time remaining = 402.8s
SAEM step = 35, remaining = 265, times elasped = 51.3s, estimated time for one step = 1.5s, estimated time remaining = 401.3s
SAEM step = 36, remaining = 264, times elasped = 52.7s, estimated time for one step = 1.5s, estimated time remaining = 399.1s
SAEM step = 37, remaining = 263, times elasped = 54.1s, estimated time for one step = 1.5s, estimated time remaining = 397s
SAEM step = 38, remaining = 262, times elasped = 55.6s, estimated time for one step = 1.5s, estimated time remaining = 395.1s
SAEM step = 39, remaining = 261, times elasped = 57.1s, estimated time for one step = 1.5s, estimated time remaining = 393.8s
SAEM step = 40, remaining = 260, times elasped = 58.5s, estimated time for one step = 1.5s, estimated time remaining = 391.8s
SAEM step = 41, remaining = 259, times elasped = 59.9s, estimated time for one step = 1.5s, estimated time remaining = 389.5s
SAEM step = 42, remaining = 258, times elasped = 61.3s, estimated time for one step = 1.5s, estimated time remaining = 387.2s
SAEM step = 43, remaining = 257, times elasped = 62.7s, estimated time for one step = 1.5s, estimated time remaining = 385s
SAEM step = 44, remaining = 256, times elasped = 64.1s, estimated time for one step = 1.5s, estimated time remaining = 383.2s
SAEM step = 45, remaining = 255, times elasped = 65.5s, estimated time for one step = 1.5s, estimated time remaining = 381s
SAEM step = 46, remaining = 254, times elasped = 66.9s, estimated time for one step = 1.5s, estimated time remaining = 378.9s
SAEM step = 47, remaining = 253, times elasped = 68.2s, estimated time for one step = 1.5s, estimated time remaining = 376.8s
SAEM step = 48, remaining = 252, times elasped = 69.7s, estimated time for one step = 1.5s, estimated time remaining = 375.1s
SAEM step = 49, remaining = 251, times elasped = 71s, estimated time for one step = 1.5s, estimated time remaining = 373s
SAEM step = 50, remaining = 250, times elasped = 72.4s, estimated time for one step = 1.5s, estimated time remaining = 370.9s
SAEM step = 51, remaining = 249, times elasped = 73.8s, estimated time for one step = 1.5s, estimated time remaining = 369s
SAEM step = 52, remaining = 248, times elasped = 75.2s, estimated time for one step = 1.5s, estimated time remaining = 366.9s
SAEM step = 53, remaining = 247, times elasped = 76.6s, estimated time for one step = 1.5s, estimated time remaining = 365.3s
SAEM step = 54, remaining = 246, times elasped = 78s, estimated time for one step = 1.5s, estimated time remaining = 363.3s
SAEM step = 55, remaining = 245, times elasped = 79.3s, estimated time for one step = 1.5s, estimated time remaining = 361.4s
SAEM step = 56, remaining = 244, times elasped = 80.7s, estimated time for one step = 1.5s, estimated time remaining = 359.6s
SAEM step = 57, remaining = 243, times elasped = 82.2s, estimated time for one step = 1.5s, estimated time remaining = 358.1s
SAEM step = 58, remaining = 242, times elasped = 83.6s, estimated time for one step = 1.5s, estimated time remaining = 356.2s
SAEM step = 59, remaining = 241, times elasped = 85s, estimated time for one step = 1.5s, estimated time remaining = 354.5s
SAEM step = 60, remaining = 240, times elasped = 86.3s, estimated time for one step = 1.5s, estimated time remaining = 352.7s
SAEM step = 61, remaining = 239, times elasped = 87.8s, estimated time for one step = 1.5s, estimated time remaining = 351.2s
SAEM step = 62, remaining = 238, times elasped = 89.2s, estimated time for one step = 1.5s, estimated time remaining = 349.4s
SAEM step = 63, remaining = 237, times elasped = 90.5s, estimated time for one step = 1.5s, estimated time remaining = 347.6s
SAEM step = 64, remaining = 236, times elasped = 91.9s, estimated time for one step = 1.5s, estimated time remaining = 345.8s
SAEM step = 65, remaining = 235, times elasped = 93.3s, estimated time for one step = 1.5s, estimated time remaining = 344s
SAEM step = 66, remaining = 234, times elasped = 94.9s, estimated time for one step = 1.5s, estimated time remaining = 343s
SAEM step = 67, remaining = 233, times elasped = 96.4s, estimated time for one step = 1.5s, estimated time remaining = 341.7s
SAEM step = 68, remaining = 232, times elasped = 97.9s, estimated time for one step = 1.5s, estimated time remaining = 340.5s
SAEM step = 69, remaining = 231, times elasped = 99.4s, estimated time for one step = 1.5s, estimated time remaining = 339.1s
SAEM step = 70, remaining = 230, times elasped = 101s, estimated time for one step = 1.5s, estimated time remaining = 338.1s
SAEM step = 71, remaining = 229, times elasped = 102.5s, estimated time for one step = 1.5s, estimated time remaining = 336.7s
SAEM step = 72, remaining = 228, times elasped = 103.9s, estimated time for one step = 1.5s, estimated time remaining = 335.2s
SAEM step = 73, remaining = 227, times elasped = 105.4s, estimated time for one step = 1.5s, estimated time remaining = 333.8s
SAEM step = 74, remaining = 226, times elasped = 106.9s, estimated time for one step = 1.5s, estimated time remaining = 332.4s
SAEM step = 75, remaining = 225, times elasped = 108.5s, estimated time for one step = 1.5s, estimated time remaining = 331.2s
SAEM step = 76, remaining = 224, times elasped = 109.9s, estimated time for one step = 1.5s, estimated time remaining = 329.7s
SAEM step = 77, remaining = 223, times elasped = 111.3s, estimated time for one step = 1.5s, estimated time remaining = 328.2s
SAEM step = 78, remaining = 222, times elasped = 112.8s, estimated time for one step = 1.5s, estimated time remaining = 326.7s
SAEM step = 79, remaining = 221, times elasped = 114.3s, estimated time for one step = 1.5s, estimated time remaining = 325.4s
SAEM step = 80, remaining = 220, times elasped = 115.8s, estimated time for one step = 1.5s, estimated time remaining = 323.8s
SAEM step = 81, remaining = 219, times elasped = 117.2s, estimated time for one step = 1.5s, estimated time remaining = 322.3s
SAEM step = 82, remaining = 218, times elasped = 118.6s, estimated time for one step = 1.5s, estimated time remaining = 320.8s
SAEM step = 83, remaining = 217, times elasped = 120.2s, estimated time for one step = 1.5s, estimated time remaining = 319.5s
SAEM step = 84, remaining = 216, times elasped = 121.6s, estimated time for one step = 1.5s, estimated time remaining = 317.9s
SAEM step = 85, remaining = 215, times elasped = 123s, estimated time for one step = 1.5s, estimated time remaining = 316.4s
SAEM step = 86, remaining = 214, times elasped = 124.5s, estimated time for one step = 1.5s, estimated time remaining = 314.9s
SAEM step = 87, remaining = 213, times elasped = 125.9s, estimated time for one step = 1.5s, estimated time remaining = 313.4s
SAEM step = 88, remaining = 212, times elasped = 127.5s, estimated time for one step = 1.5s, estimated time remaining = 312.1s
SAEM step = 89, remaining = 211, times elasped = 128.9s, estimated time for one step = 1.5s, estimated time remaining = 310.6s
SAEM step = 90, remaining = 210, times elasped = 130.4s, estimated time for one step = 1.5s, estimated time remaining = 309.1s
SAEM step = 91, remaining = 209, times elasped = 131.8s, estimated time for one step = 1.5s, estimated time remaining = 307.6s
SAEM step = 92, remaining = 208, times elasped = 133.3s, estimated time for one step = 1.5s, estimated time remaining = 306.3s
SAEM step = 93, remaining = 207, times elasped = 134.8s, estimated time for one step = 1.5s, estimated time remaining = 304.7s
SAEM step = 94, remaining = 206, times elasped = 136.2s, estimated time for one step = 1.5s, estimated time remaining = 303.2s
SAEM step = 95, remaining = 205, times elasped = 137.6s, estimated time for one step = 1.5s, estimated time remaining = 301.6s
SAEM step = 96, remaining = 204, times elasped = 139.1s, estimated time for one step = 1.5s, estimated time remaining = 300.1s
SAEM step = 97, remaining = 203, times elasped = 140.4s, estimated time for one step = 1.5s, estimated time remaining = 298.4s
SAEM step = 98, remaining = 202, times elasped = 141.8s, estimated time for one step = 1.5s, estimated time remaining = 296.8s
SAEM step = 99, remaining = 201, times elasped = 143.2s, estimated time for one step = 1.5s, estimated time remaining = 295.2s
SAEM step = 100, remaining = 200, times elasped = 144.6s, estimated time for one step = 1.5s, estimated time remaining = 293.5s
SAEM step = 101, remaining = 199, times elasped = 146s, estimated time for one step = 1.5s, estimated time remaining = 292s
SAEM step = 102, remaining = 198, times elasped = 147.4s, estimated time for one step = 1.5s, estimated time remaining = 290.4s
SAEM step = 103, remaining = 197, times elasped = 148.8s, estimated time for one step = 1.5s, estimated time remaining = 288.8s
SAEM step = 104, remaining = 196, times elasped = 150.1s, estimated time for one step = 1.5s, estimated time remaining = 287.1s
SAEM step = 105, remaining = 195, times elasped = 151.5s, estimated time for one step = 1.5s, estimated time remaining = 285.6s
SAEM step = 106, remaining = 194, times elasped = 152.9s, estimated time for one step = 1.5s, estimated time remaining = 283.9s
SAEM step = 107, remaining = 193, times elasped = 154.2s, estimated time for one step = 1.5s, estimated time remaining = 282.3s
SAEM step = 108, remaining = 192, times elasped = 155.6s, estimated time for one step = 1.5s, estimated time remaining = 280.7s
SAEM step = 109, remaining = 191, times elasped = 157.1s, estimated time for one step = 1.5s, estimated time remaining = 279.3s
SAEM step = 110, remaining = 190, times elasped = 158.5s, estimated time for one step = 1.5s, estimated time remaining = 277.7s
SAEM step = 111, remaining = 189, times elasped = 159.8s, estimated time for one step = 1.5s, estimated time remaining = 276.1s
SAEM step = 112, remaining = 188, times elasped = 161.2s, estimated time for one step = 1.5s, estimated time remaining = 274.5s
SAEM step = 113, remaining = 187, times elasped = 162.7s, estimated time for one step = 1.5s, estimated time remaining = 273.1s
SAEM step = 114, remaining = 186, times elasped = 164.1s, estimated time for one step = 1.5s, estimated time remaining = 271.5s
SAEM step = 115, remaining = 185, times elasped = 165.4s, estimated time for one step = 1.5s, estimated time remaining = 269.9s
SAEM step = 116, remaining = 184, times elasped = 166.9s, estimated time for one step = 1.5s, estimated time remaining = 268.4s
SAEM step = 117, remaining = 183, times elasped = 168.3s, estimated time for one step = 1.5s, estimated time remaining = 266.9s
SAEM step = 118, remaining = 182, times elasped = 169.7s, estimated time for one step = 1.5s, estimated time remaining = 265.4s
SAEM step = 119, remaining = 181, times elasped = 171.1s, estimated time for one step = 1.4s, estimated time remaining = 263.9s
SAEM step = 120, remaining = 180, times elasped = 172.5s, estimated time for one step = 1.4s, estimated time remaining = 262.4s
SAEM step = 121, remaining = 179, times elasped = 174s, estimated time for one step = 1.5s, estimated time remaining = 261s
SAEM step = 122, remaining = 178, times elasped = 175.6s, estimated time for one step = 1.5s, estimated time remaining = 259.8s
SAEM step = 123, remaining = 177, times elasped = 177.1s, estimated time for one step = 1.5s, estimated time remaining = 258.3s
SAEM step = 124, remaining = 176, times elasped = 178.5s, estimated time for one step = 1.5s, estimated time remaining = 256.9s
SAEM step = 125, remaining = 175, times elasped = 180s, estimated time for one step = 1.5s, estimated time remaining = 255.4s
SAEM step = 126, remaining = 174, times elasped = 181.5s, estimated time for one step = 1.5s, estimated time remaining = 254.1s
SAEM step = 127, remaining = 173, times elasped = 182.9s, estimated time for one step = 1.5s, estimated time remaining = 252.6s
SAEM step = 128, remaining = 172, times elasped = 184.4s, estimated time for one step = 1.5s, estimated time remaining = 251.1s
SAEM step = 129, remaining = 171, times elasped = 185.8s, estimated time for one step = 1.5s, estimated time remaining = 249.7s
SAEM step = 130, remaining = 170, times elasped = 187.3s, estimated time for one step = 1.5s, estimated time remaining = 248.3s
SAEM step = 131, remaining = 169, times elasped = 188.7s, estimated time for one step = 1.5s, estimated time remaining = 246.8s
SAEM step = 132, remaining = 168, times elasped = 190.2s, estimated time for one step = 1.5s, estimated time remaining = 245.3s
SAEM step = 133, remaining = 167, times elasped = 191.6s, estimated time for one step = 1.5s, estimated time remaining = 243.8s
SAEM step = 134, remaining = 166, times elasped = 193s, estimated time for one step = 1.5s, estimated time remaining = 242.4s
SAEM step = 135, remaining = 165, times elasped = 194.5s, estimated time for one step = 1.5s, estimated time remaining = 241s
SAEM step = 136, remaining = 164, times elasped = 195.9s, estimated time for one step = 1.5s, estimated time remaining = 239.5s
SAEM step = 137, remaining = 163, times elasped = 197.4s, estimated time for one step = 1.5s, estimated time remaining = 238s
SAEM step = 138, remaining = 162, times elasped = 198.8s, estimated time for one step = 1.5s, estimated time remaining = 236.5s
SAEM step = 139, remaining = 161, times elasped = 200.3s, estimated time for one step = 1.5s, estimated time remaining = 235.1s
SAEM step = 140, remaining = 160, times elasped = 201.7s, estimated time for one step = 1.5s, estimated time remaining = 233.7s
SAEM step = 141, remaining = 159, times elasped = 203.2s, estimated time for one step = 1.5s, estimated time remaining = 232.2s
SAEM step = 142, remaining = 158, times elasped = 204.6s, estimated time for one step = 1.5s, estimated time remaining = 230.7s
SAEM step = 143, remaining = 157, times elasped = 206.1s, estimated time for one step = 1.5s, estimated time remaining = 229.3s
SAEM step = 144, remaining = 156, times elasped = 207.5s, estimated time for one step = 1.5s, estimated time remaining = 227.8s
SAEM step = 145, remaining = 155, times elasped = 209s, estimated time for one step = 1.5s, estimated time remaining = 226.4s
SAEM step = 146, remaining = 154, times elasped = 210.4s, estimated time for one step = 1.5s, estimated time remaining = 224.9s
SAEM step = 147, remaining = 153, times elasped = 211.9s, estimated time for one step = 1.5s, estimated time remaining = 223.5s
SAEM step = 148, remaining = 152, times elasped = 213.3s, estimated time for one step = 1.5s, estimated time remaining = 222s
SAEM step = 149, remaining = 151, times elasped = 214.8s, estimated time for one step = 1.5s, estimated time remaining = 220.6s
SAEM step = 150, remaining = 150, times elasped = 216.2s, estimated time for one step = 1.5s, estimated time remaining = 219.1s
SAEM step = 151, remaining = 149, times elasped = 217.6s, estimated time for one step = 1.5s, estimated time remaining = 217.6s
SAEM step = 152, remaining = 148, times elasped = 219s, estimated time for one step = 1.5s, estimated time remaining = 216.1s
SAEM step = 153, remaining = 147, times elasped = 220.3s, estimated time for one step = 1.4s, estimated time remaining = 214.5s
SAEM step = 154, remaining = 146, times elasped = 221.7s, estimated time for one step = 1.4s, estimated time remaining = 213s
SAEM step = 155, remaining = 145, times elasped = 223.1s, estimated time for one step = 1.4s, estimated time remaining = 211.5s
SAEM step = 156, remaining = 144, times elasped = 224.5s, estimated time for one step = 1.4s, estimated time remaining = 210s
SAEM step = 157, remaining = 143, times elasped = 225.8s, estimated time for one step = 1.4s, estimated time remaining = 208.4s
SAEM step = 158, remaining = 142, times elasped = 227.2s, estimated time for one step = 1.4s, estimated time remaining = 206.9s
SAEM step = 159, remaining = 141, times elasped = 228.6s, estimated time for one step = 1.4s, estimated time remaining = 205.4s
SAEM step = 160, remaining = 140, times elasped = 229.9s, estimated time for one step = 1.4s, estimated time remaining = 203.9s
SAEM step = 161, remaining = 139, times elasped = 231.2s, estimated time for one step = 1.4s, estimated time remaining = 202.3s
SAEM step = 162, remaining = 138, times elasped = 232.6s, estimated time for one step = 1.4s, estimated time remaining = 200.8s
SAEM step = 163, remaining = 137, times elasped = 234s, estimated time for one step = 1.4s, estimated time remaining = 199.3s
SAEM step = 164, remaining = 136, times elasped = 235.3s, estimated time for one step = 1.4s, estimated time remaining = 197.8s
SAEM step = 165, remaining = 135, times elasped = 236.7s, estimated time for one step = 1.4s, estimated time remaining = 196.3s
SAEM step = 166, remaining = 134, times elasped = 238.1s, estimated time for one step = 1.4s, estimated time remaining = 194.8s
SAEM step = 167, remaining = 133, times elasped = 239.6s, estimated time for one step = 1.4s, estimated time remaining = 193.4s
SAEM step = 168, remaining = 132, times elasped = 241s, estimated time for one step = 1.4s, estimated time remaining = 191.9s
SAEM step = 169, remaining = 131, times elasped = 242.3s, estimated time for one step = 1.4s, estimated time remaining = 190.4s
SAEM step = 170, remaining = 130, times elasped = 243.7s, estimated time for one step = 1.4s, estimated time remaining = 188.9s
SAEM step = 171, remaining = 129, times elasped = 245.2s, estimated time for one step = 1.4s, estimated time remaining = 187.5s
SAEM step = 172, remaining = 128, times elasped = 246.6s, estimated time for one step = 1.4s, estimated time remaining = 186s
SAEM step = 173, remaining = 127, times elasped = 247.9s, estimated time for one step = 1.4s, estimated time remaining = 184.5s
SAEM step = 174, remaining = 126, times elasped = 249.3s, estimated time for one step = 1.4s, estimated time remaining = 183s
SAEM step = 175, remaining = 125, times elasped = 250.8s, estimated time for one step = 1.4s, estimated time remaining = 181.6s
SAEM step = 176, remaining = 124, times elasped = 252.2s, estimated time for one step = 1.4s, estimated time remaining = 180.1s
SAEM step = 177, remaining = 123, times elasped = 253.6s, estimated time for one step = 1.4s, estimated time remaining = 178.7s
SAEM step = 178, remaining = 122, times elasped = 254.9s, estimated time for one step = 1.4s, estimated time remaining = 177.2s
SAEM step = 179, remaining = 121, times elasped = 256.4s, estimated time for one step = 1.4s, estimated time remaining = 175.7s
SAEM step = 180, remaining = 120, times elasped = 257.8s, estimated time for one step = 1.4s, estimated time remaining = 174.3s
SAEM step = 181, remaining = 119, times elasped = 259.2s, estimated time for one step = 1.4s, estimated time remaining = 172.8s
SAEM step = 182, remaining = 118, times elasped = 260.6s, estimated time for one step = 1.4s, estimated time remaining = 171.3s
SAEM step = 183, remaining = 117, times elasped = 262.2s, estimated time for one step = 1.4s, estimated time remaining = 170s
SAEM step = 184, remaining = 116, times elasped = 263.7s, estimated time for one step = 1.4s, estimated time remaining = 168.6s
SAEM step = 185, remaining = 115, times elasped = 265.3s, estimated time for one step = 1.4s, estimated time remaining = 167.2s
SAEM step = 186, remaining = 114, times elasped = 266.8s, estimated time for one step = 1.4s, estimated time remaining = 165.9s
SAEM step = 187, remaining = 113, times elasped = 268.4s, estimated time for one step = 1.4s, estimated time remaining = 164.5s
SAEM step = 188, remaining = 112, times elasped = 269.9s, estimated time for one step = 1.4s, estimated time remaining = 163.1s
SAEM step = 189, remaining = 111, times elasped = 271.3s, estimated time for one step = 1.4s, estimated time remaining = 161.6s
SAEM step = 190, remaining = 110, times elasped = 272.8s, estimated time for one step = 1.4s, estimated time remaining = 160.2s
SAEM step = 191, remaining = 109, times elasped = 274.3s, estimated time for one step = 1.4s, estimated time remaining = 158.8s
SAEM step = 192, remaining = 108, times elasped = 275.7s, estimated time for one step = 1.4s, estimated time remaining = 157.3s
SAEM step = 193, remaining = 107, times elasped = 277.2s, estimated time for one step = 1.4s, estimated time remaining = 155.9s
SAEM step = 194, remaining = 106, times elasped = 278.6s, estimated time for one step = 1.4s, estimated time remaining = 154.5s
SAEM step = 195, remaining = 105, times elasped = 280.2s, estimated time for one step = 1.4s, estimated time remaining = 153.1s
SAEM step = 196, remaining = 104, times elasped = 281.6s, estimated time for one step = 1.4s, estimated time remaining = 151.6s
SAEM step = 197, remaining = 103, times elasped = 283.1s, estimated time for one step = 1.4s, estimated time remaining = 150.2s
SAEM step = 198, remaining = 102, times elasped = 284.6s, estimated time for one step = 1.4s, estimated time remaining = 148.8s
SAEM step = 199, remaining = 101, times elasped = 286s, estimated time for one step = 1.4s, estimated time remaining = 147.3s
SAEM step = 200, remaining = 100, times elasped = 287.5s, estimated time for one step = 1.4s, estimated time remaining = 145.9s
SAEM step = 201, remaining = 99, times elasped = 288.9s, estimated time for one step = 1.4s, estimated time remaining = 144.5s
SAEM step = 202, remaining = 98, times elasped = 290.5s, estimated time for one step = 1.4s, estimated time remaining = 143.1s
SAEM step = 203, remaining = 97, times elasped = 291.9s, estimated time for one step = 1.4s, estimated time remaining = 141.6s
SAEM step = 204, remaining = 96, times elasped = 293.3s, estimated time for one step = 1.4s, estimated time remaining = 140.2s
SAEM step = 205, remaining = 95, times elasped = 294.8s, estimated time for one step = 1.4s, estimated time remaining = 138.7s
SAEM step = 206, remaining = 94, times elasped = 296.3s, estimated time for one step = 1.4s, estimated time remaining = 137.3s
SAEM step = 207, remaining = 93, times elasped = 297.7s, estimated time for one step = 1.4s, estimated time remaining = 135.8s
SAEM step = 208, remaining = 92, times elasped = 299.1s, estimated time for one step = 1.4s, estimated time remaining = 134.4s
SAEM step = 209, remaining = 91, times elasped = 300.6s, estimated time for one step = 1.4s, estimated time remaining = 132.9s
SAEM step = 210, remaining = 90, times elasped = 302.1s, estimated time for one step = 1.4s, estimated time remaining = 131.5s
SAEM step = 211, remaining = 89, times elasped = 303.5s, estimated time for one step = 1.4s, estimated time remaining = 130.1s
SAEM step = 212, remaining = 88, times elasped = 304.9s, estimated time for one step = 1.4s, estimated time remaining = 128.6s
SAEM step = 213, remaining = 87, times elasped = 306.4s, estimated time for one step = 1.4s, estimated time remaining = 127.2s
SAEM step = 214, remaining = 86, times elasped = 307.9s, estimated time for one step = 1.4s, estimated time remaining = 125.7s
SAEM step = 215, remaining = 85, times elasped = 309.3s, estimated time for one step = 1.4s, estimated time remaining = 124.3s
SAEM step = 216, remaining = 84, times elasped = 310.7s, estimated time for one step = 1.4s, estimated time remaining = 122.8s
SAEM step = 217, remaining = 83, times elasped = 312.2s, estimated time for one step = 1.4s, estimated time remaining = 121.4s
SAEM step = 218, remaining = 82, times elasped = 313.7s, estimated time for one step = 1.4s, estimated time remaining = 120s
SAEM step = 219, remaining = 81, times elasped = 315.1s, estimated time for one step = 1.4s, estimated time remaining = 118.5s
SAEM step = 220, remaining = 80, times elasped = 316.5s, estimated time for one step = 1.4s, estimated time remaining = 117.1s
SAEM step = 221, remaining = 79, times elasped = 318s, estimated time for one step = 1.4s, estimated time remaining = 115.6s
SAEM step = 222, remaining = 78, times elasped = 319.3s, estimated time for one step = 1.4s, estimated time remaining = 114.2s
SAEM step = 223, remaining = 77, times elasped = 320.7s, estimated time for one step = 1.4s, estimated time remaining = 112.7s
SAEM step = 224, remaining = 76, times elasped = 322.1s, estimated time for one step = 1.4s, estimated time remaining = 111.2s
SAEM step = 225, remaining = 75, times elasped = 323.6s, estimated time for one step = 1.4s, estimated time remaining = 109.8s
SAEM step = 226, remaining = 74, times elasped = 325s, estimated time for one step = 1.4s, estimated time remaining = 108.3s
SAEM step = 227, remaining = 73, times elasped = 326.4s, estimated time for one step = 1.4s, estimated time remaining = 106.9s
SAEM step = 228, remaining = 72, times elasped = 327.8s, estimated time for one step = 1.4s, estimated time remaining = 105.4s
SAEM step = 229, remaining = 71, times elasped = 329.3s, estimated time for one step = 1.4s, estimated time remaining = 104s
SAEM step = 230, remaining = 70, times elasped = 330.7s, estimated time for one step = 1.4s, estimated time remaining = 102.5s
SAEM step = 231, remaining = 69, times elasped = 332.1s, estimated time for one step = 1.4s, estimated time remaining = 101.1s
SAEM step = 232, remaining = 68, times elasped = 333.8s, estimated time for one step = 1.4s, estimated time remaining = 99.7s
SAEM step = 233, remaining = 67, times elasped = 335.2s, estimated time for one step = 1.4s, estimated time remaining = 98.3s
SAEM step = 234, remaining = 66, times elasped = 336.7s, estimated time for one step = 1.4s, estimated time remaining = 96.8s
SAEM step = 235, remaining = 65, times elasped = 338.2s, estimated time for one step = 1.4s, estimated time remaining = 95.4s
SAEM step = 236, remaining = 64, times elasped = 339.8s, estimated time for one step = 1.4s, estimated time remaining = 94s
SAEM step = 237, remaining = 63, times elasped = 341.2s, estimated time for one step = 1.4s, estimated time remaining = 92.5s
--- SAEM ended ! ---
output file: Longitudinal_nonlinear_mixed_model_SAEM.knit.md


Output created: Longitudinal_nonlinear_mixed_model_SAEM.html
INFO : Large data should be stored in your work/ folder. 
 


processing file: Longitudinal_nonlinear_mixed_model_SAEM.Rmd
number of cores available = 2
--- SAEM started ! ---
SAEM step = 1, remaining = 299, times elasped = 0s, estimated time for one step = NaNs, estimated time remaining = NaNs
SAEM step = 2, remaining = 298, times elasped = 1.5s, estimated time for one step = 1.5s, estimated time remaining = 442.5s
SAEM step = 3, remaining = 297, times elasped = 3s, estimated time for one step = 1.5s, estimated time remaining = 441s
SAEM step = 4, remaining = 296, times elasped = 4.5s, estimated time for one step = 1.5s, estimated time remaining = 444.5s
SAEM step = 5, remaining = 295, times elasped = 5.9s, estimated time for one step = 1.5s, estimated time remaining = 439.6s
SAEM step = 6, remaining = 294, times elasped = 7.4s, estimated time for one step = 1.5s, estimated time remaining = 434.2s
SAEM step = 7, remaining = 293, times elasped = 8.8s, estimated time for one step = 1.5s, estimated time remaining = 430.7s
SAEM step = 8, remaining = 292, times elasped = 10.3s, estimated time for one step = 1.5s, estimated time remaining = 431.1s
SAEM step = 9, remaining = 291, times elasped = 11.7s, estimated time for one step = 1.5s, estimated time remaining = 427.8s
SAEM step = 10, remaining = 290, times elasped = 13.1s, estimated time for one step = 1.5s, estimated time remaining = 424.9s
SAEM step = 11, remaining = 289, times elasped = 14.6s, estimated time for one step = 1.5s, estimated time remaining = 423.1s
SAEM step = 12, remaining = 288, times elasped = 16s, estimated time for one step = 1.5s, estimated time remaining = 420.6s
SAEM step = 13, remaining = 287, times elasped = 17.5s, estimated time for one step = 1.5s, estimated time remaining = 420.2s
SAEM step = 14, remaining = 286, times elasped = 18.9s, estimated time for one step = 1.5s, estimated time remaining = 417.7s
SAEM step = 15, remaining = 285, times elasped = 20.4s, estimated time for one step = 1.5s, estimated time remaining = 415.7s
SAEM step = 16, remaining = 284, times elasped = 21.8s, estimated time for one step = 1.5s, estimated time remaining = 413.8s
SAEM step = 17, remaining = 283, times elasped = 23.3s, estimated time for one step = 1.5s, estimated time remaining = 413.2s
SAEM step = 18, remaining = 282, times elasped = 24.7s, estimated time for one step = 1.5s, estimated time remaining = 411s
SAEM step = 19, remaining = 281, times elasped = 26.1s, estimated time for one step = 1.5s, estimated time remaining = 409.1s
SAEM step = 20, remaining = 280, times elasped = 27.5s, estimated time for one step = 1.4s, estimated time remaining = 407.2s
SAEM step = 21, remaining = 279, times elasped = 29s, estimated time for one step = 1.5s, estimated time remaining = 406.4s
SAEM step = 22, remaining = 278, times elasped = 30.5s, estimated time for one step = 1.5s, estimated time remaining = 404.8s
SAEM step = 23, remaining = 277, times elasped = 31.9s, estimated time for one step = 1.4s, estimated time remaining = 403s
SAEM step = 24, remaining = 276, times elasped = 33.3s, estimated time for one step = 1.4s, estimated time remaining = 401.2s
SAEM step = 25, remaining = 275, times elasped = 34.8s, estimated time for one step = 1.5s, estimated time remaining = 400.5s
SAEM step = 26, remaining = 274, times elasped = 36.2s, estimated time for one step = 1.4s, estimated time remaining = 398.8s
SAEM step = 27, remaining = 273, times elasped = 37.7s, estimated time for one step = 1.4s, estimated time remaining = 397s
SAEM step = 28, remaining = 272, times elasped = 39.1s, estimated time for one step = 1.4s, estimated time remaining = 395.2s
SAEM step = 29, remaining = 271, times elasped = 40.5s, estimated time for one step = 1.4s, estimated time remaining = 393.6s
SAEM step = 30, remaining = 270, times elasped = 42s, estimated time for one step = 1.4s, estimated time remaining = 392.7s
SAEM step = 31, remaining = 269, times elasped = 43.4s, estimated time for one step = 1.4s, estimated time remaining = 390.9s
SAEM step = 32, remaining = 268, times elasped = 44.9s, estimated time for one step = 1.4s, estimated time remaining = 389.2s
SAEM step = 33, remaining = 267, times elasped = 46.3s, estimated time for one step = 1.4s, estimated time remaining = 387.6s
SAEM step = 34, remaining = 266, times elasped = 47.8s, estimated time for one step = 1.4s, estimated time remaining = 386.7s
SAEM step = 35, remaining = 265, times elasped = 49.2s, estimated time for one step = 1.4s, estimated time remaining = 384.9s
SAEM step = 36, remaining = 264, times elasped = 50.6s, estimated time for one step = 1.4s, estimated time remaining = 383.3s
SAEM step = 37, remaining = 263, times elasped = 52s, estimated time for one step = 1.4s, estimated time remaining = 381.7s
SAEM step = 38, remaining = 262, times elasped = 53.5s, estimated time for one step = 1.4s, estimated time remaining = 380.1s
SAEM step = 39, remaining = 261, times elasped = 55s, estimated time for one step = 1.4s, estimated time remaining = 379.1s
SAEM step = 40, remaining = 260, times elasped = 56.4s, estimated time for one step = 1.4s, estimated time remaining = 377.4s
SAEM step = 41, remaining = 259, times elasped = 57.8s, estimated time for one step = 1.4s, estimated time remaining = 375.8s
SAEM step = 42, remaining = 258, times elasped = 59.3s, estimated time for one step = 1.4s, estimated time remaining = 374.8s
SAEM step = 43, remaining = 257, times elasped = 60.8s, estimated time for one step = 1.4s, estimated time remaining = 373.2s
SAEM step = 44, remaining = 256, times elasped = 62.2s, estimated time for one step = 1.4s, estimated time remaining = 371.7s
SAEM step = 45, remaining = 255, times elasped = 63.6s, estimated time for one step = 1.4s, estimated time remaining = 370.2s
SAEM step = 46, remaining = 254, times elasped = 65.1s, estimated time for one step = 1.4s, estimated time remaining = 369.1s
SAEM step = 47, remaining = 253, times elasped = 66.6s, estimated time for one step = 1.4s, estimated time remaining = 367.5s
SAEM step = 48, remaining = 252, times elasped = 68s, estimated time for one step = 1.4s, estimated time remaining = 365.9s
SAEM step = 49, remaining = 251, times elasped = 69.4s, estimated time for one step = 1.4s, estimated time remaining = 364.4s
SAEM step = 50, remaining = 250, times elasped = 70.8s, estimated time for one step = 1.4s, estimated time remaining = 362.9s
SAEM step = 51, remaining = 249, times elasped = 72.3s, estimated time for one step = 1.4s, estimated time remaining = 361.6s
SAEM step = 52, remaining = 248, times elasped = 73.8s, estimated time for one step = 1.4s, estimated time remaining = 360.1s
SAEM step = 53, remaining = 247, times elasped = 75.2s, estimated time for one step = 1.4s, estimated time remaining = 358.5s
SAEM step = 54, remaining = 246, times elasped = 76.6s, estimated time for one step = 1.4s, estimated time remaining = 357s
SAEM step = 55, remaining = 245, times elasped = 78.1s, estimated time for one step = 1.4s, estimated time remaining = 355.8s
SAEM step = 56, remaining = 244, times elasped = 79.5s, estimated time for one step = 1.4s, estimated time remaining = 354.2s
SAEM step = 57, remaining = 243, times elasped = 80.9s, estimated time for one step = 1.4s, estimated time remaining = 352.7s
SAEM step = 58, remaining = 242, times elasped = 82.4s, estimated time for one step = 1.4s, estimated time remaining = 351.2s
SAEM step = 59, remaining = 241, times elasped = 83.9s, estimated time for one step = 1.4s, estimated time remaining = 349.9s
SAEM step = 60, remaining = 240, times elasped = 85.3s, estimated time for one step = 1.4s, estimated time remaining = 348.4s
SAEM step = 61, remaining = 239, times elasped = 86.7s, estimated time for one step = 1.4s, estimated time remaining = 346.9s
SAEM step = 62, remaining = 238, times elasped = 88.2s, estimated time for one step = 1.4s, estimated time remaining = 345.4s
SAEM step = 63, remaining = 237, times elasped = 89.7s, estimated time for one step = 1.4s, estimated time remaining = 344.2s
SAEM step = 64, remaining = 236, times elasped = 91.1s, estimated time for one step = 1.4s, estimated time remaining = 342.6s
SAEM step = 65, remaining = 235, times elasped = 92.5s, estimated time for one step = 1.4s, estimated time remaining = 341.1s
SAEM step = 66, remaining = 234, times elasped = 93.9s, estimated time for one step = 1.4s, estimated time remaining = 339.6s
SAEM step = 67, remaining = 233, times elasped = 95.4s, estimated time for one step = 1.4s, estimated time remaining = 338.4s
SAEM step = 68, remaining = 232, times elasped = 96.9s, estimated time for one step = 1.4s, estimated time remaining = 336.8s
SAEM step = 69, remaining = 231, times elasped = 98.3s, estimated time for one step = 1.4s, estimated time remaining = 335.3s
SAEM step = 70, remaining = 230, times elasped = 99.7s, estimated time for one step = 1.4s, estimated time remaining = 333.8s
SAEM step = 71, remaining = 229, times elasped = 101.1s, estimated time for one step = 1.4s, estimated time remaining = 332.3s
SAEM step = 72, remaining = 228, times elasped = 102.6s, estimated time for one step = 1.4s, estimated time remaining = 331.1s
SAEM step = 73, remaining = 227, times elasped = 104.1s, estimated time for one step = 1.4s, estimated time remaining = 329.5s
SAEM step = 74, remaining = 226, times elasped = 105.5s, estimated time for one step = 1.4s, estimated time remaining = 328s
SAEM step = 75, remaining = 225, times elasped = 106.9s, estimated time for one step = 1.4s, estimated time remaining = 326.5s
SAEM step = 76, remaining = 224, times elasped = 108.4s, estimated time for one step = 1.4s, estimated time remaining = 325.3s
SAEM step = 77, remaining = 223, times elasped = 109.8s, estimated time for one step = 1.4s, estimated time remaining = 323.7s
SAEM step = 78, remaining = 222, times elasped = 111.3s, estimated time for one step = 1.4s, estimated time remaining = 322.2s
SAEM step = 79, remaining = 221, times elasped = 112.7s, estimated time for one step = 1.4s, estimated time remaining = 320.8s
SAEM step = 80, remaining = 220, times elasped = 114.1s, estimated time for one step = 1.4s, estimated time remaining = 319.3s
SAEM step = 81, remaining = 219, times elasped = 115.6s, estimated time for one step = 1.4s, estimated time remaining = 318s
SAEM step = 82, remaining = 218, times elasped = 117s, estimated time for one step = 1.4s, estimated time remaining = 316.5s
SAEM step = 83, remaining = 217, times elasped = 118.5s, estimated time for one step = 1.4s, estimated time remaining = 315s
SAEM step = 84, remaining = 216, times elasped = 119.9s, estimated time for one step = 1.4s, estimated time remaining = 313.5s
SAEM step = 85, remaining = 215, times elasped = 121.4s, estimated time for one step = 1.4s, estimated time remaining = 312.2s
SAEM step = 86, remaining = 214, times elasped = 122.8s, estimated time for one step = 1.4s, estimated time remaining = 310.7s
SAEM step = 87, remaining = 213, times elasped = 124.3s, estimated time for one step = 1.4s, estimated time remaining = 309.2s
SAEM step = 88, remaining = 212, times elasped = 125.7s, estimated time for one step = 1.4s, estimated time remaining = 307.7s
SAEM step = 89, remaining = 211, times elasped = 127.2s, estimated time for one step = 1.4s, estimated time remaining = 306.5s
SAEM step = 90, remaining = 210, times elasped = 128.6s, estimated time for one step = 1.4s, estimated time remaining = 305s
SAEM step = 91, remaining = 209, times elasped = 130.1s, estimated time for one step = 1.4s, estimated time remaining = 303.5s
SAEM step = 92, remaining = 208, times elasped = 131.5s, estimated time for one step = 1.4s, estimated time remaining = 302s
SAEM step = 93, remaining = 207, times elasped = 132.9s, estimated time for one step = 1.4s, estimated time remaining = 300.6s
SAEM step = 94, remaining = 206, times elasped = 134.4s, estimated time for one step = 1.4s, estimated time remaining = 299.3s
SAEM step = 95, remaining = 205, times elasped = 135.9s, estimated time for one step = 1.4s, estimated time remaining = 297.8s
SAEM step = 96, remaining = 204, times elasped = 137.3s, estimated time for one step = 1.4s, estimated time remaining = 296.3s
SAEM step = 97, remaining = 203, times elasped = 138.7s, estimated time for one step = 1.4s, estimated time remaining = 294.8s
SAEM step = 98, remaining = 202, times elasped = 140.2s, estimated time for one step = 1.4s, estimated time remaining = 293.5s
SAEM step = 99, remaining = 201, times elasped = 141.7s, estimated time for one step = 1.4s, estimated time remaining = 292s
SAEM step = 100, remaining = 200, times elasped = 143.1s, estimated time for one step = 1.4s, estimated time remaining = 290.5s
SAEM step = 101, remaining = 199, times elasped = 144.5s, estimated time for one step = 1.4s, estimated time remaining = 289.1s
SAEM step = 102, remaining = 198, times elasped = 146.1s, estimated time for one step = 1.4s, estimated time remaining = 287.8s
SAEM step = 103, remaining = 197, times elasped = 147.5s, estimated time for one step = 1.4s, estimated time remaining = 286.3s
SAEM step = 104, remaining = 196, times elasped = 148.9s, estimated time for one step = 1.4s, estimated time remaining = 284.8s
SAEM step = 105, remaining = 195, times elasped = 150.3s, estimated time for one step = 1.4s, estimated time remaining = 283.3s
SAEM step = 106, remaining = 194, times elasped = 151.8s, estimated time for one step = 1.4s, estimated time remaining = 281.9s
SAEM step = 107, remaining = 193, times elasped = 153.3s, estimated time for one step = 1.4s, estimated time remaining = 280.5s
SAEM step = 108, remaining = 192, times elasped = 154.7s, estimated time for one step = 1.4s, estimated time remaining = 279.1s
SAEM step = 109, remaining = 191, times elasped = 156.1s, estimated time for one step = 1.4s, estimated time remaining = 277.6s
SAEM step = 110, remaining = 190, times elasped = 157.6s, estimated time for one step = 1.4s, estimated time remaining = 276.1s
SAEM step = 111, remaining = 189, times elasped = 159.1s, estimated time for one step = 1.4s, estimated time remaining = 274.8s
SAEM step = 112, remaining = 188, times elasped = 160.5s, estimated time for one step = 1.4s, estimated time remaining = 273.3s
SAEM step = 113, remaining = 187, times elasped = 161.9s, estimated time for one step = 1.4s, estimated time remaining = 271.8s
SAEM step = 114, remaining = 186, times elasped = 163.4s, estimated time for one step = 1.4s, estimated time remaining = 270.4s
SAEM step = 115, remaining = 185, times elasped = 164.9s, estimated time for one step = 1.4s, estimated time remaining = 269s
SAEM step = 116, remaining = 184, times elasped = 166.3s, estimated time for one step = 1.4s, estimated time remaining = 267.5s
SAEM step = 117, remaining = 183, times elasped = 167.8s, estimated time for one step = 1.4s, estimated time remaining = 266.1s
SAEM step = 118, remaining = 182, times elasped = 169.2s, estimated time for one step = 1.4s, estimated time remaining = 264.6s
SAEM step = 119, remaining = 181, times elasped = 170.7s, estimated time for one step = 1.4s, estimated time remaining = 263.3s
SAEM step = 120, remaining = 180, times elasped = 172.1s, estimated time for one step = 1.4s, estimated time remaining = 261.8s
SAEM step = 121, remaining = 179, times elasped = 173.6s, estimated time for one step = 1.4s, estimated time remaining = 260.3s
SAEM step = 122, remaining = 178, times elasped = 175s, estimated time for one step = 1.4s, estimated time remaining = 258.9s
SAEM step = 123, remaining = 177, times elasped = 176.4s, estimated time for one step = 1.4s, estimated time remaining = 257.4s
SAEM step = 124, remaining = 176, times elasped = 177.9s, estimated time for one step = 1.4s, estimated time remaining = 256.1s
SAEM step = 125, remaining = 175, times elasped = 179.4s, estimated time for one step = 1.4s, estimated time remaining = 254.6s
SAEM step = 126, remaining = 174, times elasped = 180.8s, estimated time for one step = 1.4s, estimated time remaining = 253.1s
SAEM step = 127, remaining = 173, times elasped = 182.2s, estimated time for one step = 1.4s, estimated time remaining = 251.7s
SAEM step = 128, remaining = 172, times elasped = 183.8s, estimated time for one step = 1.4s, estimated time remaining = 250.3s
SAEM step = 129, remaining = 171, times elasped = 185.2s, estimated time for one step = 1.4s, estimated time remaining = 248.9s
SAEM step = 130, remaining = 170, times elasped = 186.6s, estimated time for one step = 1.4s, estimated time remaining = 247.4s
SAEM step = 131, remaining = 169, times elasped = 188.1s, estimated time for one step = 1.4s, estimated time remaining = 246s
SAEM step = 132, remaining = 168, times elasped = 189.6s, estimated time for one step = 1.4s, estimated time remaining = 244.6s
SAEM step = 133, remaining = 167, times elasped = 191s, estimated time for one step = 1.4s, estimated time remaining = 243.1s
SAEM step = 134, remaining = 166, times elasped = 192.4s, estimated time for one step = 1.4s, estimated time remaining = 241.6s
SAEM step = 135, remaining = 165, times elasped = 193.9s, estimated time for one step = 1.4s, estimated time remaining = 240.2s
SAEM step = 136, remaining = 164, times elasped = 195.4s, estimated time for one step = 1.4s, estimated time remaining = 238.8s
SAEM step = 137, remaining = 163, times elasped = 196.8s, estimated time for one step = 1.4s, estimated time remaining = 237.4s
SAEM step = 138, remaining = 162, times elasped = 198.3s, estimated time for one step = 1.4s, estimated time remaining = 235.9s
SAEM step = 139, remaining = 161, times elasped = 199.7s, estimated time for one step = 1.4s, estimated time remaining = 234.4s
SAEM step = 140, remaining = 160, times elasped = 201.2s, estimated time for one step = 1.4s, estimated time remaining = 233.1s
SAEM step = 141, remaining = 159, times elasped = 202.7s, estimated time for one step = 1.4s, estimated time remaining = 231.6s
SAEM step = 142, remaining = 158, times elasped = 204.1s, estimated time for one step = 1.4s, estimated time remaining = 230.1s
SAEM step = 143, remaining = 157, times elasped = 205.5s, estimated time for one step = 1.4s, estimated time remaining = 228.7s
SAEM step = 144, remaining = 156, times elasped = 207s, estimated time for one step = 1.4s, estimated time remaining = 227.2s
SAEM step = 145, remaining = 155, times elasped = 208.5s, estimated time for one step = 1.4s, estimated time remaining = 225.8s
SAEM step = 146, remaining = 154, times elasped = 209.9s, estimated time for one step = 1.4s, estimated time remaining = 224.4s
SAEM step = 147, remaining = 153, times elasped = 211.3s, estimated time for one step = 1.4s, estimated time remaining = 222.9s
SAEM step = 148, remaining = 152, times elasped = 212.8s, estimated time for one step = 1.4s, estimated time remaining = 221.5s
SAEM step = 149, remaining = 151, times elasped = 214.3s, estimated time for one step = 1.4s, estimated time remaining = 220.1s
SAEM step = 150, remaining = 150, times elasped = 215.7s, estimated time for one step = 1.4s, estimated time remaining = 218.6s
SAEM step = 151, remaining = 149, times elasped = 217.2s, estimated time for one step = 1.4s, estimated time remaining = 217.2s
SAEM step = 152, remaining = 148, times elasped = 218.6s, estimated time for one step = 1.4s, estimated time remaining = 215.7s
SAEM step = 153, remaining = 147, times elasped = 220.1s, estimated time for one step = 1.4s, estimated time remaining = 214.3s
SAEM step = 154, remaining = 146, times elasped = 221.5s, estimated time for one step = 1.4s, estimated time remaining = 212.9s
SAEM step = 155, remaining = 145, times elasped = 223s, estimated time for one step = 1.4s, estimated time remaining = 211.4s
SAEM step = 156, remaining = 144, times elasped = 224.4s, estimated time for one step = 1.4s, estimated time remaining = 209.9s
SAEM step = 157, remaining = 143, times elasped = 225.9s, estimated time for one step = 1.4s, estimated time remaining = 208.6s
SAEM step = 158, remaining = 142, times elasped = 227.4s, estimated time for one step = 1.4s, estimated time remaining = 207.1s
SAEM step = 159, remaining = 141, times elasped = 228.8s, estimated time for one step = 1.4s, estimated time remaining = 205.6s
SAEM step = 160, remaining = 140, times elasped = 230.2s, estimated time for one step = 1.4s, estimated time remaining = 204.2s
SAEM step = 161, remaining = 139, times elasped = 231.8s, estimated time for one step = 1.4s, estimated time remaining = 202.8s
SAEM step = 162, remaining = 138, times elasped = 233.2s, estimated time for one step = 1.4s, estimated time remaining = 201.3s
SAEM step = 163, remaining = 137, times elasped = 234.6s, estimated time for one step = 1.4s, estimated time remaining = 199.9s
SAEM step = 164, remaining = 136, times elasped = 236.1s, estimated time for one step = 1.4s, estimated time remaining = 198.4s
SAEM step = 165, remaining = 135, times elasped = 237.6s, estimated time for one step = 1.4s, estimated time remaining = 197s
SAEM step = 166, remaining = 134, times elasped = 239s, estimated time for one step = 1.4s, estimated time remaining = 195.5s
SAEM step = 167, remaining = 133, times elasped = 240.4s, estimated time for one step = 1.4s, estimated time remaining = 194.1s
SAEM step = 168, remaining = 132, times elasped = 241.9s, estimated time for one step = 1.4s, estimated time remaining = 192.6s
SAEM step = 169, remaining = 131, times elasped = 243.4s, estimated time for one step = 1.4s, estimated time remaining = 191.2s
SAEM step = 170, remaining = 130, times elasped = 244.8s, estimated time for one step = 1.4s, estimated time remaining = 189.8s
SAEM step = 171, remaining = 129, times elasped = 246.3s, estimated time for one step = 1.4s, estimated time remaining = 188.3s
SAEM step = 172, remaining = 128, times elasped = 247.7s, estimated time for one step = 1.4s, estimated time remaining = 186.9s
SAEM step = 173, remaining = 127, times elasped = 249.2s, estimated time for one step = 1.4s, estimated time remaining = 185.5s
SAEM step = 174, remaining = 126, times elasped = 250.7s, estimated time for one step = 1.4s, estimated time remaining = 184s
SAEM step = 175, remaining = 125, times elasped = 252.1s, estimated time for one step = 1.4s, estimated time remaining = 182.6s
SAEM step = 176, remaining = 124, times elasped = 253.6s, estimated time for one step = 1.4s, estimated time remaining = 181.1s
SAEM step = 177, remaining = 123, times elasped = 255.1s, estimated time for one step = 1.4s, estimated time remaining = 179.7s
SAEM step = 178, remaining = 122, times elasped = 256.5s, estimated time for one step = 1.4s, estimated time remaining = 178.3s
SAEM step = 179, remaining = 121, times elasped = 258s, estimated time for one step = 1.4s, estimated time remaining = 176.8s
SAEM step = 180, remaining = 120, times elasped = 259.4s, estimated time for one step = 1.4s, estimated time remaining = 175.3s
SAEM step = 181, remaining = 119, times elasped = 260.9s, estimated time for one step = 1.4s, estimated time remaining = 173.9s
SAEM step = 182, remaining = 118, times elasped = 262.4s, estimated time for one step = 1.4s, estimated time remaining = 172.5s
SAEM step = 183, remaining = 117, times elasped = 263.8s, estimated time for one step = 1.4s, estimated time remaining = 171s
SAEM step = 184, remaining = 116, times elasped = 265.2s, estimated time for one step = 1.4s, estimated time remaining = 169.6s
SAEM step = 185, remaining = 115, times elasped = 266.8s, estimated time for one step = 1.4s, estimated time remaining = 168.2s
SAEM step = 186, remaining = 114, times elasped = 268.2s, estimated time for one step = 1.4s, estimated time remaining = 166.7s
SAEM step = 187, remaining = 113, times elasped = 269.6s, estimated time for one step = 1.4s, estimated time remaining = 165.3s
SAEM step = 188, remaining = 112, times elasped = 271.1s, estimated time for one step = 1.4s, estimated time remaining = 163.8s
SAEM step = 189, remaining = 111, times elasped = 272.6s, estimated time for one step = 1.5s, estimated time remaining = 162.4s
SAEM step = 190, remaining = 110, times elasped = 274s, estimated time for one step = 1.4s, estimated time remaining = 160.9s
SAEM step = 191, remaining = 109, times elasped = 275.5s, estimated time for one step = 1.4s, estimated time remaining = 159.5s
SAEM step = 192, remaining = 108, times elasped = 276.9s, estimated time for one step = 1.4s, estimated time remaining = 158s
SAEM step = 193, remaining = 107, times elasped = 278.5s, estimated time for one step = 1.5s, estimated time remaining = 156.6s
SAEM step = 194, remaining = 106, times elasped = 279.9s, estimated time for one step = 1.5s, estimated time remaining = 155.2s
SAEM step = 195, remaining = 105, times elasped = 281.4s, estimated time for one step = 1.5s, estimated time remaining = 153.7s
SAEM step = 196, remaining = 104, times elasped = 282.8s, estimated time for one step = 1.5s, estimated time remaining = 152.3s
SAEM step = 197, remaining = 103, times elasped = 284.3s, estimated time for one step = 1.5s, estimated time remaining = 150.9s
SAEM step = 198, remaining = 102, times elasped = 285.8s, estimated time for one step = 1.5s, estimated time remaining = 149.4s
SAEM step = 199, remaining = 101, times elasped = 287.2s, estimated time for one step = 1.5s, estimated time remaining = 148s
SAEM step = 200, remaining = 100, times elasped = 288.7s, estimated time for one step = 1.5s, estimated time remaining = 146.5s
SAEM step = 201, remaining = 99, times elasped = 290.2s, estimated time for one step = 1.5s, estimated time remaining = 145.1s
SAEM step = 202, remaining = 98, times elasped = 291.6s, estimated time for one step = 1.5s, estimated time remaining = 143.6s
SAEM step = 203, remaining = 97, times elasped = 293.1s, estimated time for one step = 1.5s, estimated time remaining = 142.2s
SAEM step = 204, remaining = 96, times elasped = 294.6s, estimated time for one step = 1.5s, estimated time remaining = 140.8s
SAEM step = 205, remaining = 95, times elasped = 296s, estimated time for one step = 1.5s, estimated time remaining = 139.3s
SAEM step = 206, remaining = 94, times elasped = 297.5s, estimated time for one step = 1.5s, estimated time remaining = 137.9s
SAEM step = 207, remaining = 93, times elasped = 299s, estimated time for one step = 1.5s, estimated time remaining = 136.4s
SAEM step = 208, remaining = 92, times elasped = 300.5s, estimated time for one step = 1.5s, estimated time remaining = 135s
SAEM step = 209, remaining = 91, times elasped = 301.9s, estimated time for one step = 1.5s, estimated time remaining = 133.5s
SAEM step = 210, remaining = 90, times elasped = 303.4s, estimated time for one step = 1.5s, estimated time remaining = 132.1s
SAEM step = 211, remaining = 89, times elasped = 304.9s, estimated time for one step = 1.5s, estimated time remaining = 130.7s
SAEM step = 212, remaining = 88, times elasped = 306.4s, estimated time for one step = 1.5s, estimated time remaining = 129.2s
SAEM step = 213, remaining = 87, times elasped = 307.8s, estimated time for one step = 1.5s, estimated time remaining = 127.8s
SAEM step = 214, remaining = 86, times elasped = 309.3s, estimated time for one step = 1.5s, estimated time remaining = 126.3s
SAEM step = 215, remaining = 85, times elasped = 310.7s, estimated time for one step = 1.5s, estimated time remaining = 124.9s
SAEM step = 216, remaining = 84, times elasped = 312.2s, estimated time for one step = 1.5s, estimated time remaining = 123.4s
SAEM step = 217, remaining = 83, times elasped = 313.7s, estimated time for one step = 1.5s, estimated time remaining = 122s
SAEM step = 218, remaining = 82, times elasped = 315.1s, estimated time for one step = 1.5s, estimated time remaining = 120.5s
SAEM step = 219, remaining = 81, times elasped = 316.7s, estimated time for one step = 1.5s, estimated time remaining = 119.1s
SAEM step = 220, remaining = 80, times elasped = 318.1s, estimated time for one step = 1.5s, estimated time remaining = 117.7s
SAEM step = 221, remaining = 79, times elasped = 319.6s, estimated time for one step = 1.5s, estimated time remaining = 116.2s
SAEM step = 222, remaining = 78, times elasped = 321s, estimated time for one step = 1.5s, estimated time remaining = 114.8s
SAEM step = 223, remaining = 77, times elasped = 322.6s, estimated time for one step = 1.5s, estimated time remaining = 113.3s
SAEM step = 224, remaining = 76, times elasped = 324s, estimated time for one step = 1.5s, estimated time remaining = 111.9s
SAEM step = 225, remaining = 75, times elasped = 325.4s, estimated time for one step = 1.5s, estimated time remaining = 110.4s
SAEM step = 226, remaining = 74, times elasped = 326.9s, estimated time for one step = 1.5s, estimated time remaining = 109s
SAEM step = 227, remaining = 73, times elasped = 328.4s, estimated time for one step = 1.5s, estimated time remaining = 107.5s
SAEM step = 228, remaining = 72, times elasped = 329.9s, estimated time for one step = 1.5s, estimated time remaining = 106.1s
SAEM step = 229, remaining = 71, times elasped = 331.3s, estimated time for one step = 1.5s, estimated time remaining = 104.6s
SAEM step = 230, remaining = 70, times elasped = 332.9s, estimated time for one step = 1.5s, estimated time remaining = 103.2s
SAEM step = 231, remaining = 69, times elasped = 334.3s, estimated time for one step = 1.5s, estimated time remaining = 101.8s
SAEM step = 232, remaining = 68, times elasped = 335.8s, estimated time for one step = 1.5s, estimated time remaining = 100.3s
SAEM step = 233, remaining = 67, times elasped = 337.2s, estimated time for one step = 1.5s, estimated time remaining = 98.8s
SAEM step = 234, remaining = 66, times elasped = 338.8s, estimated time for one step = 1.5s, estimated time remaining = 97.4s
SAEM step = 235, remaining = 65, times elasped = 340.2s, estimated time for one step = 1.5s, estimated time remaining = 96s
SAEM step = 236, remaining = 64, times elasped = 341.7s, estimated time for one step = 1.5s, estimated time remaining = 94.5s
SAEM step = 237, remaining = 63, times elasped = 343.1s, estimated time for one step = 1.5s, estimated time remaining = 93.1s
SAEM step = 238, remaining = 62, times elasped = 344.7s, estimated time for one step = 1.5s, estimated time remaining = 91.6s
SAEM step = 239, remaining = 61, times elasped = 346.1s, estimated time for one step = 1.5s, estimated time remaining = 90.2s
SAEM step = 240, remaining = 60, times elasped = 347.6s, estimated time for one step = 1.5s, estimated time remaining = 88.7s
SAEM step = 241, remaining = 59, times elasped = 349.1s, estimated time for one step = 1.5s, estimated time remaining = 87.3s
SAEM step = 242, remaining = 58, times elasped = 350.6s, estimated time for one step = 1.5s, estimated time remaining = 85.8s
SAEM step = 243, remaining = 57, times elasped = 352s, estimated time for one step = 1.5s, estimated time remaining = 84.4s
SAEM step = 244, remaining = 56, times elasped = 353.5s, estimated time for one step = 1.5s, estimated time remaining = 82.9s
SAEM step = 245, remaining = 55, times elasped = 355s, estimated time for one step = 1.5s, estimated time remaining = 81.5s
SAEM step = 246, remaining = 54, times elasped = 356.5s, estimated time for one step = 1.5s, estimated time remaining = 80s
SAEM step = 247, remaining = 53, times elasped = 357.9s, estimated time for one step = 1.5s, estimated time remaining = 78.6s
SAEM step = 248, remaining = 52, times elasped = 359.5s, estimated time for one step = 1.5s, estimated time remaining = 77.1s
SAEM step = 249, remaining = 51, times elasped = 360.9s, estimated time for one step = 1.5s, estimated time remaining = 75.7s
SAEM step = 250, remaining = 50, times elasped = 362.4s, estimated time for one step = 1.5s, estimated time remaining = 74.2s
SAEM step = 251, remaining = 49, times elasped = 363.9s, estimated time for one step = 1.5s, estimated time remaining = 72.8s
SAEM step = 252, remaining = 48, times elasped = 365.4s, estimated time for one step = 1.5s, estimated time remaining = 71.3s
SAEM step = 253, remaining = 47, times elasped = 366.9s, estimated time for one step = 1.5s, estimated time remaining = 69.9s
SAEM step = 254, remaining = 46, times elasped = 368.3s, estimated time for one step = 1.5s, estimated time remaining = 68.4s
SAEM step = 255, remaining = 45, times elasped = 369.9s, estimated time for one step = 1.5s, estimated time remaining = 67s
SAEM step = 256, remaining = 44, times elasped = 371.3s, estimated time for one step = 1.5s, estimated time remaining = 65.5s
SAEM step = 257, remaining = 43, times elasped = 372.8s, estimated time for one step = 1.5s, estimated time remaining = 64.1s
SAEM step = 258, remaining = 42, times elasped = 374.2s, estimated time for one step = 1.5s, estimated time remaining = 62.6s
SAEM step = 259, remaining = 41, times elasped = 375.8s, estimated time for one step = 1.5s, estimated time remaining = 61.2s
SAEM step = 260, remaining = 40, times elasped = 377.2s, estimated time for one step = 1.5s, estimated time remaining = 59.7s
SAEM step = 261, remaining = 39, times elasped = 378.7s, estimated time for one step = 1.5s, estimated time remaining = 58.3s
SAEM step = 262, remaining = 38, times elasped = 380.3s, estimated time for one step = 1.5s, estimated time remaining = 56.8s
SAEM step = 263, remaining = 37, times elasped = 381.7s, estimated time for one step = 1.5s, estimated time remaining = 55.4s
SAEM step = 264, remaining = 36, times elasped = 383.2s, estimated time for one step = 1.5s, estimated time remaining = 53.9s
SAEM step = 265, remaining = 35, times elasped = 384.6s, estimated time for one step = 1.5s, estimated time remaining = 52.5s
SAEM step = 266, remaining = 34, times elasped = 386.2s, estimated time for one step = 1.5s, estimated time remaining = 51s
SAEM step = 267, remaining = 33, times elasped = 387.6s, estimated time for one step = 1.5s, estimated time remaining = 49.5s
SAEM step = 268, remaining = 32, times elasped = 389.1s, estimated time for one step = 1.5s, estimated time remaining = 48.1s
SAEM step = 269, remaining = 31, times elasped = 390.7s, estimated time for one step = 1.5s, estimated time remaining = 46.6s
SAEM step = 270, remaining = 30, times elasped = 392.1s, estimated time for one step = 1.5s, estimated time remaining = 45.2s
SAEM step = 271, remaining = 29, times elasped = 393.6s, estimated time for one step = 1.5s, estimated time remaining = 43.7s
SAEM step = 272, remaining = 28, times elasped = 395.1s, estimated time for one step = 1.5s, estimated time remaining = 42.3s
SAEM step = 273, remaining = 27, times elasped = 396.6s, estimated time for one step = 1.5s, estimated time remaining = 40.8s
SAEM step = 274, remaining = 26, times elasped = 398s, estimated time for one step = 1.5s, estimated time remaining = 39.4s
SAEM step = 275, remaining = 25, times elasped = 399.5s, estimated time for one step = 1.5s, estimated time remaining = 37.9s
SAEM step = 276, remaining = 24, times elasped = 401.1s, estimated time for one step = 1.5s, estimated time remaining = 36.5s
SAEM step = 277, remaining = 23, times elasped = 402.5s, estimated time for one step = 1.5s, estimated time remaining = 35s
SAEM step = 278, remaining = 22, times elasped = 404s, estimated time for one step = 1.5s, estimated time remaining = 33.5s
SAEM step = 279, remaining = 21, times elasped = 405.6s, estimated time for one step = 1.5s, estimated time remaining = 32.1s
SAEM step = 280, remaining = 20, times elasped = 407s, estimated time for one step = 1.5s, estimated time remaining = 30.6s
SAEM step = 281, remaining = 19, times elasped = 408.5s, estimated time for one step = 1.5s, estimated time remaining = 29.2s
SAEM step = 282, remaining = 18, times elasped = 410s, estimated time for one step = 1.5s, estimated time remaining = 27.7s
SAEM step = 283, remaining = 17, times elasped = 411.5s, estimated time for one step = 1.5s, estimated time remaining = 26.3s
SAEM step = 284, remaining = 16, times elasped = 413s, estimated time for one step = 1.5s, estimated time remaining = 24.8s
--- SAEM ended ! ---
output file: Longitudinal_nonlinear_mixed_model_SAEM.knit.md


Output created: Longitudinal_nonlinear_mixed_model_SAEM.html
