INFO : Large data should be stored in your work/ folder. 
 


processing file: JLS.Rmd
--- SAEM started ! ---
step = 1, remaining = 299, times elasped = 0s, estimated time : for one step = NaNs, remaining = NaNs
step = 2, remaining = 298, times elasped = 17.7s, estimated time : for one step = 17.7s, remaining = 5295.3s
step = 3, remaining = 297, times elasped = 34.9s, estimated time : for one step = 17.4s, remaining = 5192.7s
step = 4, remaining = 296, times elasped = 51.5s, estimated time : for one step = 17.2s, remaining = 5096.5s
step = 5, remaining = 295, times elasped = 66.4s, estimated time : for one step = 16.6s, remaining = 4914.3s
step = 6, remaining = 294, times elasped = 80.2s, estimated time : for one step = 16s, remaining = 4730.6s
step = 7, remaining = 293, times elasped = 93.2s, estimated time : for one step = 15.5s, remaining = 4565.3s
step = 8, remaining = 292, times elasped = 105.3s, estimated time : for one step = 15s, remaining = 4406.3s
step = 9, remaining = 291, times elasped = 116.5s, estimated time : for one step = 14.6s, remaining = 4253.7s
step = 10, remaining = 290, times elasped = 127.3s, estimated time : for one step = 14.1s, remaining = 4115.7s
step = 11, remaining = 289, times elasped = 137.4s, estimated time : for one step = 13.7s, remaining = 3985.8s
step = 12, remaining = 288, times elasped = 147.3s, estimated time : for one step = 13.4s, remaining = 3870.8s
step = 13, remaining = 287, times elasped = 156.8s, estimated time : for one step = 13.1s, remaining = 3762.7s
step = 14, remaining = 286, times elasped = 165.9s, estimated time : for one step = 12.8s, remaining = 3662.3s
step = 15, remaining = 285, times elasped = 174.7s, estimated time : for one step = 12.5s, remaining = 3569.3s
step = 16, remaining = 284, times elasped = 183.6s, estimated time : for one step = 12.2s, remaining = 3488.8s
step = 17, remaining = 283, times elasped = 192.8s, estimated time : for one step = 12.1s, remaining = 3422.7s
step = 18, remaining = 282, times elasped = 202.4s, estimated time : for one step = 11.9s, remaining = 3369.2s
step = 19, remaining = 281, times elasped = 212s, estimated time : for one step = 11.8s, remaining = 3321.6s
step = 20, remaining = 280, times elasped = 221.6s, estimated time : for one step = 11.7s, remaining = 3277.6s
step = 21, remaining = 279, times elasped = 231.2s, estimated time : for one step = 11.6s, remaining = 3237.5s
step = 22, remaining = 278, times elasped = 241.1s, estimated time : for one step = 11.5s, remaining = 3203.3s
step = 23, remaining = 277, times elasped = 250.8s, estimated time : for one step = 11.4s, remaining = 3169.5s
step = 24, remaining = 276, times elasped = 260.8s, estimated time : for one step = 11.3s, remaining = 3140.3s
step = 25, remaining = 275, times elasped = 270.7s, estimated time : for one step = 11.3s, remaining = 3112.8s
step = 26, remaining = 274, times elasped = 281.1s, estimated time : for one step = 11.2s, remaining = 3092.6s
step = 27, remaining = 273, times elasped = 292s, estimated time : for one step = 11.2s, remaining = 3077.4s
step = 28, remaining = 272, times elasped = 302.6s, estimated time : for one step = 11.2s, remaining = 3059.9s
step = 29, remaining = 271, times elasped = 313.1s, estimated time : for one step = 11.2s, remaining = 3041.6s
step = 30, remaining = 270, times elasped = 323.5s, estimated time : for one step = 11.2s, remaining = 3022.7s
step = 31, remaining = 269, times elasped = 334s, estimated time : for one step = 11.1s, remaining = 3005.6s
step = 32, remaining = 268, times elasped = 345.2s, estimated time : for one step = 11.1s, remaining = 2995.5s
step = 33, remaining = 267, times elasped = 356.2s, estimated time : for one step = 11.1s, remaining = 2983.3s
step = 34, remaining = 266, times elasped = 367.3s, estimated time : for one step = 11.1s, remaining = 2971.5s
step = 35, remaining = 265, times elasped = 378.3s, estimated time : for one step = 11.1s, remaining = 2959.3s
step = 36, remaining = 264, times elasped = 389.9s, estimated time : for one step = 11.1s, remaining = 2951.7s
step = 37, remaining = 263, times elasped = 401.3s, estimated time : for one step = 11.1s, remaining = 2942.8s
step = 38, remaining = 262, times elasped = 412.9s, estimated time : for one step = 11.2s, remaining = 2934.9s
step = 39, remaining = 261, times elasped = 424s, estimated time : for one step = 11.2s, remaining = 2923.6s
step = 40, remaining = 260, times elasped = 435.6s, estimated time : for one step = 11.2s, remaining = 2915.2s
step = 41, remaining = 259, times elasped = 447.1s, estimated time : for one step = 11.2s, remaining = 2906.1s
step = 42, remaining = 258, times elasped = 458.3s, estimated time : for one step = 11.2s, remaining = 2895.4s
step = 43, remaining = 257, times elasped = 469.4s, estimated time : for one step = 11.2s, remaining = 2883.8s
step = 44, remaining = 256, times elasped = 480.7s, estimated time : for one step = 11.2s, remaining = 2873.3s
step = 45, remaining = 255, times elasped = 492s, estimated time : for one step = 11.2s, remaining = 2862.6s
step = 46, remaining = 254, times elasped = 503.1s, estimated time : for one step = 11.2s, remaining = 2851.1s
step = 47, remaining = 253, times elasped = 514.2s, estimated time : for one step = 11.2s, remaining = 2839.6s
step = 48, remaining = 252, times elasped = 525.1s, estimated time : for one step = 11.2s, remaining = 2826.7s
step = 49, remaining = 251, times elasped = 536s, estimated time : for one step = 11.2s, remaining = 2814.2s
step = 50, remaining = 250, times elasped = 547.5s, estimated time : for one step = 11.2s, remaining = 2804.3s
step = 51, remaining = 249, times elasped = 559s, estimated time : for one step = 11.2s, remaining = 2795.2s
step = 52, remaining = 248, times elasped = 570.5s, estimated time : for one step = 11.2s, remaining = 2785.5s
step = 53, remaining = 247, times elasped = 581.5s, estimated time : for one step = 11.2s, remaining = 2773.2s
step = 54, remaining = 246, times elasped = 592.2s, estimated time : for one step = 11.2s, remaining = 2760.1s
step = 55, remaining = 245, times elasped = 603.1s, estimated time : for one step = 11.2s, remaining = 2747.5s
step = 56, remaining = 244, times elasped = 614.3s, estimated time : for one step = 11.2s, remaining = 2736.4s
step = 57, remaining = 243, times elasped = 625.2s, estimated time : for one step = 11.2s, remaining = 2724.1s
step = 58, remaining = 242, times elasped = 636.2s, estimated time : for one step = 11.2s, remaining = 2712.4s
step = 59, remaining = 241, times elasped = 647.3s, estimated time : for one step = 11.2s, remaining = 2700.6s
step = 60, remaining = 240, times elasped = 658s, estimated time : for one step = 11.2s, remaining = 2687.8s
step = 61, remaining = 239, times elasped = 669.2s, estimated time : for one step = 11.2s, remaining = 2677s
step = 62, remaining = 238, times elasped = 680.9s, estimated time : for one step = 11.2s, remaining = 2667.9s
step = 63, remaining = 237, times elasped = 692.3s, estimated time : for one step = 11.2s, remaining = 2657.5s
step = 64, remaining = 236, times elasped = 703.5s, estimated time : for one step = 11.2s, remaining = 2646.5s
step = 65, remaining = 235, times elasped = 714.6s, estimated time : for one step = 11.2s, remaining = 2634.9s
step = 66, remaining = 234, times elasped = 726s, estimated time : for one step = 11.2s, remaining = 2624.7s
step = 67, remaining = 233, times elasped = 737.5s, estimated time : for one step = 11.2s, remaining = 2614.9s
step = 68, remaining = 232, times elasped = 749s, estimated time : for one step = 11.2s, remaining = 2604.7s
step = 69, remaining = 231, times elasped = 760.2s, estimated time : for one step = 11.2s, remaining = 2593.7s
step = 70, remaining = 230, times elasped = 771.2s, estimated time : for one step = 11.2s, remaining = 2581.9s
step = 71, remaining = 229, times elasped = 782.6s, estimated time : for one step = 11.2s, remaining = 2571.3s
step = 72, remaining = 228, times elasped = 794.2s, estimated time : for one step = 11.2s, remaining = 2561.5s
step = 73, remaining = 227, times elasped = 805.9s, estimated time : for one step = 11.2s, remaining = 2552s
step = 74, remaining = 226, times elasped = 817.5s, estimated time : for one step = 11.2s, remaining = 2542.2s
step = 75, remaining = 225, times elasped = 829.1s, estimated time : for one step = 11.2s, remaining = 2532.2s
step = 76, remaining = 224, times elasped = 840.3s, estimated time : for one step = 11.2s, remaining = 2521s
step = 77, remaining = 223, times elasped = 851.6s, estimated time : for one step = 11.2s, remaining = 2509.9s
step = 78, remaining = 222, times elasped = 862.8s, estimated time : for one step = 11.2s, remaining = 2498.7s
step = 79, remaining = 221, times elasped = 874.4s, estimated time : for one step = 11.2s, remaining = 2488.6s
step = 80, remaining = 220, times elasped = 885.8s, estimated time : for one step = 11.2s, remaining = 2477.9s
step = 81, remaining = 219, times elasped = 897.1s, estimated time : for one step = 11.2s, remaining = 2467s
step = 82, remaining = 218, times elasped = 908.4s, estimated time : for one step = 11.2s, remaining = 2456s
step = 83, remaining = 217, times elasped = 919.7s, estimated time : for one step = 11.2s, remaining = 2445.1s
step = 84, remaining = 216, times elasped = 931.1s, estimated time : for one step = 11.2s, remaining = 2434.3s
step = 85, remaining = 215, times elasped = 942.9s, estimated time : for one step = 11.2s, remaining = 2424.6s
step = 86, remaining = 214, times elasped = 955.1s, estimated time : for one step = 11.2s, remaining = 2415.9s
step = 87, remaining = 213, times elasped = 967.2s, estimated time : for one step = 11.2s, remaining = 2406.7s
step = 88, remaining = 212, times elasped = 978.8s, estimated time : for one step = 11.3s, remaining = 2396.4s
step = 89, remaining = 211, times elasped = 990.8s, estimated time : for one step = 11.3s, remaining = 2387s
step = 90, remaining = 210, times elasped = 1002.9s, estimated time : for one step = 11.3s, remaining = 2377.8s
step = 91, remaining = 209, times elasped = 1015s, estimated time : for one step = 11.3s, remaining = 2368.3s
step = 92, remaining = 208, times elasped = 1027.3s, estimated time : for one step = 11.3s, remaining = 2359.3s
step = 93, remaining = 207, times elasped = 1039.4s, estimated time : for one step = 11.3s, remaining = 2349.9s
step = 94, remaining = 206, times elasped = 1051.1s, estimated time : for one step = 11.3s, remaining = 2339.6s
step = 95, remaining = 205, times elasped = 1062.6s, estimated time : for one step = 11.3s, remaining = 2328.6s
step = 96, remaining = 204, times elasped = 1074s, estimated time : for one step = 11.3s, remaining = 2317.7s
step = 97, remaining = 203, times elasped = 1085.3s, estimated time : for one step = 11.3s, remaining = 2306.3s
step = 98, remaining = 202, times elasped = 1096.5s, estimated time : for one step = 11.3s, remaining = 2294.7s
step = 99, remaining = 201, times elasped = 1107.8s, estimated time : for one step = 11.3s, remaining = 2283.5s
step = 100, remaining = 200, times elasped = 1119.1s, estimated time : for one step = 11.3s, remaining = 2272.2s
step = 101, remaining = 199, times elasped = 1130.5s, estimated time : for one step = 11.3s, remaining = 2261.1s
step = 102, remaining = 198, times elasped = 1142.2s, estimated time : for one step = 11.3s, remaining = 2250.6s
step = 103, remaining = 197, times elasped = 1153.7s, estimated time : for one step = 11.3s, remaining = 2239.6s
step = 104, remaining = 196, times elasped = 1165s, estimated time : for one step = 11.3s, remaining = 2228.1s
step = 105, remaining = 195, times elasped = 1176.7s, estimated time : for one step = 11.3s, remaining = 2217.6s
step = 106, remaining = 194, times elasped = 1189.1s, estimated time : for one step = 11.3s, remaining = 2208.4s
step = 107, remaining = 193, times elasped = 1201.5s, estimated time : for one step = 11.3s, remaining = 2198.9s
step = 108, remaining = 192, times elasped = 1213.7s, estimated time : for one step = 11.3s, remaining = 2189.1s
step = 109, remaining = 191, times elasped = 1225.3s, estimated time : for one step = 11.3s, remaining = 2178.4s
step = 110, remaining = 190, times elasped = 1237s, estimated time : for one step = 11.3s, remaining = 2167.5s
step = 111, remaining = 189, times elasped = 1248.6s, estimated time : for one step = 11.4s, remaining = 2156.7s
step = 112, remaining = 188, times elasped = 1260.5s, estimated time : for one step = 11.4s, remaining = 2146.2s
step = 113, remaining = 187, times elasped = 1272s, estimated time : for one step = 11.4s, remaining = 2135.1s
step = 114, remaining = 186, times elasped = 1284.2s, estimated time : for one step = 11.4s, remaining = 2125.2s
step = 115, remaining = 185, times elasped = 1296.5s, estimated time : for one step = 11.4s, remaining = 2115.3s
step = 116, remaining = 184, times elasped = 1308.6s, estimated time : for one step = 11.4s, remaining = 2105.1s
step = 117, remaining = 183, times elasped = 1320.6s, estimated time : for one step = 11.4s, remaining = 2094.7s
step = 118, remaining = 182, times elasped = 1332.4s, estimated time : for one step = 11.4s, remaining = 2084.1s
step = 119, remaining = 181, times elasped = 1343.8s, estimated time : for one step = 11.4s, remaining = 2072.7s
step = 120, remaining = 180, times elasped = 1355.3s, estimated time : for one step = 11.4s, remaining = 2061.4s
step = 121, remaining = 179, times elasped = 1366.7s, estimated time : for one step = 11.4s, remaining = 2050s
step = 122, remaining = 178, times elasped = 1377.6s, estimated time : for one step = 11.4s, remaining = 2037.9s
step = 123, remaining = 177, times elasped = 1388.4s, estimated time : for one step = 11.4s, remaining = 2025.7s
step = 124, remaining = 176, times elasped = 1399.6s, estimated time : for one step = 11.4s, remaining = 2014.1s
step = 125, remaining = 175, times elasped = 1410.6s, estimated time : for one step = 11.4s, remaining = 2002.2s
step = 126, remaining = 174, times elasped = 1421.5s, estimated time : for one step = 11.4s, remaining = 1990.1s
step = 127, remaining = 173, times elasped = 1432.6s, estimated time : for one step = 11.4s, remaining = 1978.3s
step = 128, remaining = 172, times elasped = 1443.2s, estimated time : for one step = 11.4s, remaining = 1966s
step = 129, remaining = 171, times elasped = 1453.9s, estimated time : for one step = 11.4s, remaining = 1953.7s
step = 130, remaining = 170, times elasped = 1464.4s, estimated time : for one step = 11.4s, remaining = 1941.2s
step = 131, remaining = 169, times elasped = 1474.8s, estimated time : for one step = 11.3s, remaining = 1928.6s
step = 132, remaining = 168, times elasped = 1485.4s, estimated time : for one step = 11.3s, remaining = 1916.3s
step = 133, remaining = 167, times elasped = 1496.3s, estimated time : for one step = 11.3s, remaining = 1904.4s
step = 134, remaining = 166, times elasped = 1507.2s, estimated time : for one step = 11.3s, remaining = 1892.5s
step = 135, remaining = 165, times elasped = 1518.2s, estimated time : for one step = 11.3s, remaining = 1880.7s
step = 136, remaining = 164, times elasped = 1528.8s, estimated time : for one step = 11.3s, remaining = 1868.5s
step = 137, remaining = 163, times elasped = 1539.1s, estimated time : for one step = 11.3s, remaining = 1856s
step = 138, remaining = 162, times elasped = 1549.7s, estimated time : for one step = 11.3s, remaining = 1843.8s
step = 139, remaining = 161, times elasped = 1560.5s, estimated time : for one step = 11.3s, remaining = 1831.9s
step = 140, remaining = 160, times elasped = 1571.6s, estimated time : for one step = 11.3s, remaining = 1820.4s
step = 141, remaining = 159, times elasped = 1582.5s, estimated time : for one step = 11.3s, remaining = 1808.6s
step = 142, remaining = 158, times elasped = 1593.2s, estimated time : for one step = 11.3s, remaining = 1796.6s
step = 143, remaining = 157, times elasped = 1604s, estimated time : for one step = 11.3s, remaining = 1784.8s
step = 144, remaining = 156, times elasped = 1614.7s, estimated time : for one step = 11.3s, remaining = 1772.7s
step = 145, remaining = 155, times elasped = 1625.1s, estimated time : for one step = 11.3s, remaining = 1760.5s
step = 146, remaining = 154, times elasped = 1635.4s, estimated time : for one step = 11.3s, remaining = 1748.2s
step = 147, remaining = 153, times elasped = 1645.7s, estimated time : for one step = 11.3s, remaining = 1735.9s
step = 148, remaining = 152, times elasped = 1655.8s, estimated time : for one step = 11.3s, remaining = 1723.4s
step = 149, remaining = 151, times elasped = 1666.3s, estimated time : for one step = 11.3s, remaining = 1711.3s
step = 150, remaining = 150, times elasped = 1676.8s, estimated time : for one step = 11.3s, remaining = 1699.3s
step = 151, remaining = 149, times elasped = 1686.8s, estimated time : for one step = 11.2s, remaining = 1686.8s
step = 152, remaining = 148, times elasped = 1697.4s, estimated time : for one step = 11.2s, remaining = 1674.9s
step = 153, remaining = 147, times elasped = 1707.8s, estimated time : for one step = 11.2s, remaining = 1662.9s
step = 154, remaining = 146, times elasped = 1718.2s, estimated time : for one step = 11.2s, remaining = 1650.8s
step = 155, remaining = 145, times elasped = 1728.6s, estimated time : for one step = 11.2s, remaining = 1638.8s
step = 156, remaining = 144, times elasped = 1739.4s, estimated time : for one step = 11.2s, remaining = 1627.2s
step = 157, remaining = 143, times elasped = 1750.2s, estimated time : for one step = 11.2s, remaining = 1615.6s
step = 158, remaining = 142, times elasped = 1760.9s, estimated time : for one step = 11.2s, remaining = 1603.9s
step = 159, remaining = 141, times elasped = 1771.7s, estimated time : for one step = 11.2s, remaining = 1592.3s
step = 160, remaining = 140, times elasped = 1782.3s, estimated time : for one step = 11.2s, remaining = 1580.5s
step = 161, remaining = 139, times elasped = 1792.8s, estimated time : for one step = 11.2s, remaining = 1568.7s
step = 162, remaining = 138, times elasped = 1803.1s, estimated time : for one step = 11.2s, remaining = 1556.7s
step = 163, remaining = 137, times elasped = 1813.3s, estimated time : for one step = 11.2s, remaining = 1544.7s
step = 164, remaining = 136, times elasped = 1823.5s, estimated time : for one step = 11.2s, remaining = 1532.6s
step = 165, remaining = 135, times elasped = 1834s, estimated time : for one step = 11.2s, remaining = 1520.9s
step = 166, remaining = 134, times elasped = 1844.4s, estimated time : for one step = 11.2s, remaining = 1509.1s
step = 167, remaining = 133, times elasped = 1854.8s, estimated time : for one step = 11.2s, remaining = 1497.3s
step = 168, remaining = 132, times elasped = 1865.4s, estimated time : for one step = 11.2s, remaining = 1485.6s
step = 169, remaining = 131, times elasped = 1875.9s, estimated time : for one step = 11.2s, remaining = 1473.9s
step = 170, remaining = 130, times elasped = 1886.7s, estimated time : for one step = 11.2s, remaining = 1462.4s
step = 171, remaining = 129, times elasped = 1897.6s, estimated time : for one step = 11.2s, remaining = 1451.1s
step = 172, remaining = 128, times elasped = 1908.7s, estimated time : for one step = 11.2s, remaining = 1439.9s
step = 173, remaining = 127, times elasped = 1919.7s, estimated time : for one step = 11.2s, remaining = 1428.6s
step = 174, remaining = 126, times elasped = 1930.7s, estimated time : for one step = 11.2s, remaining = 1417.3s
step = 175, remaining = 125, times elasped = 1942s, estimated time : for one step = 11.2s, remaining = 1406.3s
step = 176, remaining = 124, times elasped = 1952.9s, estimated time : for one step = 11.2s, remaining = 1394.9s
step = 177, remaining = 123, times elasped = 1963.8s, estimated time : for one step = 11.2s, remaining = 1383.6s
step = 178, remaining = 122, times elasped = 1974.8s, estimated time : for one step = 11.2s, remaining = 1372.3s
step = 179, remaining = 121, times elasped = 1985.7s, estimated time : for one step = 11.2s, remaining = 1361s
step = 180, remaining = 120, times elasped = 1996.8s, estimated time : for one step = 11.2s, remaining = 1349.8s
step = 181, remaining = 119, times elasped = 2007.6s, estimated time : for one step = 11.2s, remaining = 1338.4s
step = 182, remaining = 118, times elasped = 2018.3s, estimated time : for one step = 11.2s, remaining = 1326.9s
step = 183, remaining = 117, times elasped = 2029.1s, estimated time : for one step = 11.1s, remaining = 1315.6s
step = 184, remaining = 116, times elasped = 2039.9s, estimated time : for one step = 11.1s, remaining = 1304.2s
step = 185, remaining = 115, times elasped = 2050.7s, estimated time : for one step = 11.1s, remaining = 1292.9s
step = 186, remaining = 114, times elasped = 2061.9s, estimated time : for one step = 11.1s, remaining = 1281.7s
step = 187, remaining = 113, times elasped = 2073.1s, estimated time : for one step = 11.1s, remaining = 1270.6s
step = 188, remaining = 112, times elasped = 2084.3s, estimated time : for one step = 11.1s, remaining = 1259.5s
step = 189, remaining = 111, times elasped = 2095.7s, estimated time : for one step = 11.1s, remaining = 1248.5s
step = 190, remaining = 110, times elasped = 2107.3s, estimated time : for one step = 11.1s, remaining = 1237.6s
step = 191, remaining = 109, times elasped = 2119.2s, estimated time : for one step = 11.2s, remaining = 1226.9s
step = 192, remaining = 108, times elasped = 2130.9s, estimated time : for one step = 11.2s, remaining = 1216s
step = 193, remaining = 107, times elasped = 2142.1s, estimated time : for one step = 11.2s, remaining = 1204.9s
step = 194, remaining = 106, times elasped = 2153.3s, estimated time : for one step = 11.2s, remaining = 1193.8s
step = 195, remaining = 105, times elasped = 2164.6s, estimated time : for one step = 11.2s, remaining = 1182.7s
step = 196, remaining = 104, times elasped = 2175.8s, estimated time : for one step = 11.2s, remaining = 1171.6s
step = 197, remaining = 103, times elasped = 2187.1s, estimated time : for one step = 11.2s, remaining = 1160.5s
step = 198, remaining = 102, times elasped = 2198.6s, estimated time : for one step = 11.2s, remaining = 1149.5s
step = 199, remaining = 101, times elasped = 2209.9s, estimated time : for one step = 11.2s, remaining = 1138.5s
step = 200, remaining = 100, times elasped = 2221.6s, estimated time : for one step = 11.2s, remaining = 1127.6s
step = 201, remaining = 99, times elasped = 2233.3s, estimated time : for one step = 11.2s, remaining = 1116.7s
step = 202, remaining = 98, times elasped = 2244.9s, estimated time : for one step = 11.2s, remaining = 1105.7s
step = 203, remaining = 97, times elasped = 2256.5s, estimated time : for one step = 11.2s, remaining = 1094.7s
step = 204, remaining = 96, times elasped = 2267.8s, estimated time : for one step = 11.2s, remaining = 1083.6s
step = 205, remaining = 95, times elasped = 2279.2s, estimated time : for one step = 11.2s, remaining = 1072.6s
step = 206, remaining = 94, times elasped = 2290.8s, estimated time : for one step = 11.2s, remaining = 1061.6s
step = 207, remaining = 93, times elasped = 2302.3s, estimated time : for one step = 11.2s, remaining = 1050.6s
step = 208, remaining = 92, times elasped = 2313.8s, estimated time : for one step = 11.2s, remaining = 1039.5s
step = 209, remaining = 91, times elasped = 2325.4s, estimated time : for one step = 11.2s, remaining = 1028.5s
step = 210, remaining = 90, times elasped = 2337s, estimated time : for one step = 11.2s, remaining = 1017.6s
step = 211, remaining = 89, times elasped = 2349s, estimated time : for one step = 11.2s, remaining = 1006.7s
step = 212, remaining = 88, times elasped = 2360.8s, estimated time : for one step = 11.2s, remaining = 995.8s
step = 213, remaining = 87, times elasped = 2372.4s, estimated time : for one step = 11.2s, remaining = 984.8s
step = 214, remaining = 86, times elasped = 2384.2s, estimated time : for one step = 11.2s, remaining = 973.8s
step = 215, remaining = 85, times elasped = 2395.8s, estimated time : for one step = 11.2s, remaining = 962.8s
step = 216, remaining = 84, times elasped = 2407.2s, estimated time : for one step = 11.2s, remaining = 951.7s
step = 217, remaining = 83, times elasped = 2418.7s, estimated time : for one step = 11.2s, remaining = 940.6s
step = 218, remaining = 82, times elasped = 2430.2s, estimated time : for one step = 11.2s, remaining = 929.5s
step = 219, remaining = 81, times elasped = 2441.9s, estimated time : for one step = 11.2s, remaining = 918.5s
step = 220, remaining = 80, times elasped = 2453.7s, estimated time : for one step = 11.2s, remaining = 907.5s
step = 221, remaining = 79, times elasped = 2465.2s, estimated time : for one step = 11.2s, remaining = 896.4s
step = 222, remaining = 78, times elasped = 2476.5s, estimated time : for one step = 11.2s, remaining = 885.3s
step = 223, remaining = 77, times elasped = 2487.9s, estimated time : for one step = 11.2s, remaining = 874.1s
step = 224, remaining = 76, times elasped = 2499.2s, estimated time : for one step = 11.2s, remaining = 863s
step = 225, remaining = 75, times elasped = 2510.7s, estimated time : for one step = 11.2s, remaining = 851.9s
step = 226, remaining = 74, times elasped = 2522.4s, estimated time : for one step = 11.2s, remaining = 840.8s
step = 227, remaining = 73, times elasped = 2534s, estimated time : for one step = 11.2s, remaining = 829.7s
step = 228, remaining = 72, times elasped = 2545.2s, estimated time : for one step = 11.2s, remaining = 818.5s
step = 229, remaining = 71, times elasped = 2556.2s, estimated time : for one step = 11.2s, remaining = 807.2s
step = 230, remaining = 70, times elasped = 2567.1s, estimated time : for one step = 11.2s, remaining = 795.9s
step = 231, remaining = 69, times elasped = 2578.1s, estimated time : for one step = 11.2s, remaining = 784.6s
step = 232, remaining = 68, times elasped = 2589.3s, estimated time : for one step = 11.2s, remaining = 773.4s
step = 233, remaining = 67, times elasped = 2600.5s, estimated time : for one step = 11.2s, remaining = 762.2s
step = 234, remaining = 66, times elasped = 2611.5s, estimated time : for one step = 11.2s, remaining = 750.9s
step = 235, remaining = 65, times elasped = 2622.5s, estimated time : for one step = 11.2s, remaining = 739.7s
step = 236, remaining = 64, times elasped = 2633.5s, estimated time : for one step = 11.2s, remaining = 728.4s
step = 237, remaining = 63, times elasped = 2644.4s, estimated time : for one step = 11.2s, remaining = 717.1s
step = 238, remaining = 62, times elasped = 2655.3s, estimated time : for one step = 11.2s, remaining = 705.8s
step = 239, remaining = 61, times elasped = 2666.2s, estimated time : for one step = 11.2s, remaining = 694.6s
step = 240, remaining = 60, times elasped = 2677.1s, estimated time : for one step = 11.2s, remaining = 683.3s
step = 241, remaining = 59, times elasped = 2688.2s, estimated time : for one step = 11.2s, remaining = 672.1s
step = 242, remaining = 58, times elasped = 2699.1s, estimated time : for one step = 11.2s, remaining = 660.8s
step = 243, remaining = 57, times elasped = 2710s, estimated time : for one step = 11.2s, remaining = 649.5s
step = 244, remaining = 56, times elasped = 2721s, estimated time : for one step = 11.2s, remaining = 638.3s
step = 245, remaining = 55, times elasped = 2732s, estimated time : for one step = 11.2s, remaining = 627s
step = 246, remaining = 54, times elasped = 2742.9s, estimated time : for one step = 11.2s, remaining = 615.7s
step = 247, remaining = 53, times elasped = 2753.9s, estimated time : for one step = 11.2s, remaining = 604.5s
step = 248, remaining = 52, times elasped = 2765s, estimated time : for one step = 11.2s, remaining = 593.3s
step = 249, remaining = 51, times elasped = 2776s, estimated time : for one step = 11.2s, remaining = 582.1s
step = 250, remaining = 50, times elasped = 2787.3s, estimated time : for one step = 11.2s, remaining = 570.9s
step = 251, remaining = 49, times elasped = 2798.5s, estimated time : for one step = 11.2s, remaining = 559.7s
step = 252, remaining = 48, times elasped = 2809.3s, estimated time : for one step = 11.2s, remaining = 548.4s
step = 253, remaining = 47, times elasped = 2820.2s, estimated time : for one step = 11.2s, remaining = 537.2s
step = 254, remaining = 46, times elasped = 2831.1s, estimated time : for one step = 11.2s, remaining = 525.9s
step = 255, remaining = 45, times elasped = 2842.2s, estimated time : for one step = 11.2s, remaining = 514.7s
step = 256, remaining = 44, times elasped = 2853.2s, estimated time : for one step = 11.2s, remaining = 503.5s
step = 257, remaining = 43, times elasped = 2864.2s, estimated time : for one step = 11.2s, remaining = 492.3s
step = 258, remaining = 42, times elasped = 2875s, estimated time : for one step = 11.2s, remaining = 481s
step = 259, remaining = 41, times elasped = 2885.8s, estimated time : for one step = 11.2s, remaining = 469.8s
step = 260, remaining = 40, times elasped = 2896.6s, estimated time : for one step = 11.2s, remaining = 458.5s
step = 261, remaining = 39, times elasped = 2907.4s, estimated time : for one step = 11.2s, remaining = 447.3s
step = 262, remaining = 38, times elasped = 2918.2s, estimated time : for one step = 11.2s, remaining = 436.1s
step = 263, remaining = 37, times elasped = 2929.3s, estimated time : for one step = 11.2s, remaining = 424.9s
step = 264, remaining = 36, times elasped = 2940.2s, estimated time : for one step = 11.2s, remaining = 413.6s
step = 265, remaining = 35, times elasped = 2951.4s, estimated time : for one step = 11.2s, remaining = 402.5s
step = 266, remaining = 34, times elasped = 2962.5s, estimated time : for one step = 11.2s, remaining = 391.3s
step = 267, remaining = 33, times elasped = 2973.6s, estimated time : for one step = 11.2s, remaining = 380.1s
step = 268, remaining = 32, times elasped = 2984.4s, estimated time : for one step = 11.2s, remaining = 368.9s
step = 269, remaining = 31, times elasped = 2995.1s, estimated time : for one step = 11.2s, remaining = 357.6s
step = 270, remaining = 30, times elasped = 3005.8s, estimated time : for one step = 11.2s, remaining = 346.4s
step = 271, remaining = 29, times elasped = 3016.3s, estimated time : for one step = 11.2s, remaining = 335.1s
step = 272, remaining = 28, times elasped = 3026.8s, estimated time : for one step = 11.2s, remaining = 323.9s
step = 273, remaining = 27, times elasped = 3037.1s, estimated time : for one step = 11.2s, remaining = 312.6s
step = 274, remaining = 26, times elasped = 3047.4s, estimated time : for one step = 11.2s, remaining = 301.4s
step = 275, remaining = 25, times elasped = 3057.9s, estimated time : for one step = 11.2s, remaining = 290.2s
step = 276, remaining = 24, times elasped = 3068.6s, estimated time : for one step = 11.2s, remaining = 279s
step = 277, remaining = 23, times elasped = 3079.1s, estimated time : for one step = 11.2s, remaining = 267.8s
step = 278, remaining = 22, times elasped = 3089.7s, estimated time : for one step = 11.2s, remaining = 256.5s
step = 279, remaining = 21, times elasped = 3100.2s, estimated time : for one step = 11.2s, remaining = 245.3s
step = 280, remaining = 20, times elasped = 3110.9s, estimated time : for one step = 11.2s, remaining = 234.2s
step = 281, remaining = 19, times elasped = 3121.6s, estimated time : for one step = 11.1s, remaining = 223s
step = 282, remaining = 18, times elasped = 3132.2s, estimated time : for one step = 11.1s, remaining = 211.8s
step = 283, remaining = 17, times elasped = 3142.9s, estimated time : for one step = 11.1s, remaining = 200.6s
step = 284, remaining = 16, times elasped = 3153.6s, estimated time : for one step = 11.1s, remaining = 189.4s
step = 285, remaining = 15, times elasped = 3164.5s, estimated time : for one step = 11.1s, remaining = 178.3s
step = 286, remaining = 14, times elasped = 3175.4s, estimated time : for one step = 11.1s, remaining = 167.1s
step = 287, remaining = 13, times elasped = 3186.4s, estimated time : for one step = 11.1s, remaining = 156s
step = 288, remaining = 12, times elasped = 3197.4s, estimated time : for one step = 11.1s, remaining = 144.8s
step = 289, remaining = 11, times elasped = 3208.6s, estimated time : for one step = 11.1s, remaining = 133.7s
step = 290, remaining = 10, times elasped = 3219.4s, estimated time : for one step = 11.1s, remaining = 122.5s
step = 291, remaining = 9, times elasped = 3230.4s, estimated time : for one step = 11.1s, remaining = 111.4s
step = 292, remaining = 8, times elasped = 3241.5s, estimated time : for one step = 11.1s, remaining = 100.3s
step = 293, remaining = 7, times elasped = 3252.5s, estimated time : for one step = 11.1s, remaining = 89.1s
step = 294, remaining = 6, times elasped = 3263.6s, estimated time : for one step = 11.1s, remaining = 78s
step = 295, remaining = 5, times elasped = 3274.6s, estimated time : for one step = 11.1s, remaining = 66.8s
step = 296, remaining = 4, times elasped = 3285.5s, estimated time : for one step = 11.1s, remaining = 55.7s
step = 297, remaining = 3, times elasped = 3296.6s, estimated time : for one step = 11.1s, remaining = 44.5s
step = 298, remaining = 2, times elasped = 3307.5s, estimated time : for one step = 11.1s, remaining = 33.4s
step = 299, remaining = 1, times elasped = 3318.3s, estimated time : for one step = 11.1s, remaining = 22.3s
step = 300, remaining = 0, times elasped = 3329.5s, estimated time : for one step = 11.1s, remaining = 11.1s
--- SAEM ended ! ---
output file: JLS.knit.md


Output created: 2022_08_25_10_38_29.html
Il y a eu 50 avis ou plus (utilisez warnings() pour voir les 50 premiers)
